Determining if the pthread_create exist failed with the following output:
Change Dir: /home/accname/programming/ROS/octomap_editing/catkin_ws/build/octomap_editing/gmock/CMakeFiles/CMakeTmp

Run Build Command:"/usr/bin/make" "cmTC_f10bf/fast"
make[3]: Entering directory '/home/accname/programming/ROS/octomap_editing/catkin_ws/build/octomap_editing/gmock/CMakeFiles/CMakeTmp'
/usr/bin/make -f CMakeFiles/cmTC_f10bf.dir/build.make CMakeFiles/cmTC_f10bf.dir/build
make[4]: Entering directory '/home/accname/programming/ROS/octomap_editing/catkin_ws/build/octomap_editing/gmock/CMakeFiles/CMakeTmp'
Building C object CMakeFiles/cmTC_f10bf.dir/CheckSymbolExists.c.o
/usr/bin/cc    -o CMakeFiles/cmTC_f10bf.dir/CheckSymbolExists.c.o   -c /home/accname/programming/ROS/octomap_editing/catkin_ws/build/octomap_editing/gmock/CMakeFiles/CMakeTmp/CheckSymbolExists.c
Linking C executable cmTC_f10bf
/usr/bin/cmake -E cmake_link_script CMakeFiles/cmTC_f10bf.dir/link.txt --verbose=1
/usr/bin/cc      -rdynamic CMakeFiles/cmTC_f10bf.dir/CheckSymbolExists.c.o  -o cmTC_f10bf 
CMakeFiles/cmTC_f10bf.dir/CheckSymbolExists.c.o: In function `main':
CheckSymbolExists.c:(.text+0x1b): undefined reference to `pthread_create'
collect2: error: ld returned 1 exit status
CMakeFiles/cmTC_f10bf.dir/build.make:97: recipe for target 'cmTC_f10bf' failed
make[4]: *** [cmTC_f10bf] Error 1
make[4]: Leaving directory '/home/accname/programming/ROS/octomap_editing/catkin_ws/build/octomap_editing/gmock/CMakeFiles/CMakeTmp'
Makefile:126: recipe for target 'cmTC_f10bf/fast' failed
make[3]: *** [cmTC_f10bf/fast] Error 2
make[3]: Leaving directory '/home/accname/programming/ROS/octomap_editing/catkin_ws/build/octomap_editing/gmock/CMakeFiles/CMakeTmp'

File /home/accname/programming/ROS/octomap_editing/catkin_ws/build/octomap_editing/gmock/CMakeFiles/CMakeTmp/CheckSymbolExists.c:
/* */
#include <pthread.h>

int main(int argc, char** argv)
{
  (void)argv;
#ifndef pthread_create
  return ((int*)(&pthread_create))[argc];
#else
  (void)argc;
  return 0;
#endif
}

Determining if the function pthread_create exists in the pthreads failed with the following output:
Change Dir: /home/accname/programming/ROS/octomap_editing/catkin_ws/build/octomap_editing/gmock/CMakeFiles/CMakeTmp

Run Build Command:"/usr/bin/make" "cmTC_f5fe0/fast"
make[3]: Entering directory '/home/accname/programming/ROS/octomap_editing/catkin_ws/build/octomap_editing/gmock/CMakeFiles/CMakeTmp'
/usr/bin/make -f CMakeFiles/cmTC_f5fe0.dir/build.make CMakeFiles/cmTC_f5fe0.dir/build
make[4]: Entering directory '/home/accname/programming/ROS/octomap_editing/catkin_ws/build/octomap_editing/gmock/CMakeFiles/CMakeTmp'
Building C object CMakeFiles/cmTC_f5fe0.dir/CheckFunctionExists.c.o
/usr/bin/cc   -DCHECK_FUNCTION_EXISTS=pthread_create   -o CMakeFiles/cmTC_f5fe0.dir/CheckFunctionExists.c.o   -c /usr/share/cmake-3.10/Modules/CheckFunctionExists.c
Linking C executable cmTC_f5fe0
/usr/bin/cmake -E cmake_link_script CMakeFiles/cmTC_f5fe0.dir/link.txt --verbose=1
/usr/bin/cc  -DCHECK_FUNCTION_EXISTS=pthread_create    -rdynamic CMakeFiles/cmTC_f5fe0.dir/CheckFunctionExists.c.o  -o cmTC_f5fe0 -lpthreads 
/usr/bin/ld: cannot find -lpthreads
collect2: error: ld returned 1 exit status
CMakeFiles/cmTC_f5fe0.dir/build.make:97: recipe for target 'cmTC_f5fe0' failed
make[4]: *** [cmTC_f5fe0] Error 1
make[4]: Leaving directory '/home/accname/programming/ROS/octomap_editing/catkin_ws/build/octomap_editing/gmock/CMakeFiles/CMakeTmp'
Makefile:126: recipe for target 'cmTC_f5fe0/fast' failed
make[3]: *** [cmTC_f5fe0/fast] Error 2
make[3]: Leaving directory '/home/accname/programming/ROS/octomap_editing/catkin_ws/build/octomap_editing/gmock/CMakeFiles/CMakeTmp'


