In file included from [01m[K/usr/local/include/boost/detail/endian.hpp:9:0[m[K,
                 from [01m[K/usr/include/pcl-1.8/pcl/PCLPointCloud2.h:11[m[K,
                 from [01m[K/usr/include/pcl-1.8/pcl/conversions.h:48[m[K,
                 from [01m[K/opt/ros/melodic/include/pcl_ros/point_cloud.h:8[m[K,
                 from [01m[K/home/accname/programming/ROS/octomap_editing/catkin_ws/src/octomap_editing/include/OEServer.hpp:8[m[K,
                 from [01m[K/home/accname/programming/ROS/octomap_editing/catkin_ws/src/octomap_editing/src/OEServer.cpp:1[m[K:
[01m[K/usr/local/include/boost/predef/detail/endian_compat.h:11:161:[m[K [01;36m[Knote: [m[K#pragma message: The use of BOOST_*_ENDIAN and BOOST_BYTE_ORDER is deprecated. Please include <boost/predef/other/endian.h> and use BOOST_ENDIAN_*_BYTE instead
 #pragma message("The use of BOOST_*_ENDIAN and BOOST_BYTE_ORDER is deprecated. Please include <boost/predef/other/endian.h> and use BOOST_ENDIAN_*_BYTE instead"[01;36m[K)[m[K
                                                                                                                                                                 [01;36m[K^[m[K
[01m[K/home/accname/programming/ROS/octomap_editing/catkin_ws/src/octomap_editing/src/OEServer.cpp:[m[K In member function '[01m[Kvoid octomap_editing::OEServer::createControlMarker()[m[K':
[01m[K/home/accname/programming/ROS/octomap_editing/catkin_ws/src/octomap_editing/src/OEServer.cpp:121:107:[m[K [01;31m[Kerror: [m[Kno match for '[01m[Koperator=[m[K' (operand types are '[01m[Kstd::map<std::__cxx11::basic_string<char>, std::unique_ptr<visualization_msgs::InteractiveMarker_<std::allocator<void> > > >::mapped_type {aka std::unique_ptr<visualization_msgs::InteractiveMarker_<std::allocator<void> > >}[m[K' and '[01m[Kstd::shared_ptr<visualization_msgs::InteractiveMarker_<std::allocator<void> > >[m[K')
     _markers[control_marker.name] = std::make_shared<visualization_msgs::InteractiveMarker>(control_marker[01;31m[K)[m[K;
                                                                                                           [01;31m[K^[m[K
In file included from [01m[K/usr/include/c++/7/bits/locale_conv.h:41:0[m[K,
                 from [01m[K/usr/include/c++/7/locale:43[m[K,
                 from [01m[K/usr/include/c++/7/iomanip:43[m[K,
                 from [01m[K/usr/local/include/boost/math/policies/error_handling.hpp:12[m[K,
                 from [01m[K/usr/local/include/boost/math/special_functions/round.hpp:14[m[K,
                 from [01m[K/opt/ros/melodic/include/ros/time.h:58[m[K,
                 from [01m[K/opt/ros/melodic/include/ros/serialization.h:34[m[K,
                 from [01m[K/opt/ros/melodic/include/visualization_msgs/InteractiveMarkerUpdate.h:14[m[K,
                 from [01m[K/opt/ros/melodic/include/interactive_markers/interactive_marker_server.h:35[m[K,
                 from [01m[K/home/accname/programming/ROS/octomap_editing/catkin_ws/src/octomap_editing/include/OEServer.hpp:4[m[K,
                 from [01m[K/home/accname/programming/ROS/octomap_editing/catkin_ws/src/octomap_editing/src/OEServer.cpp:1[m[K:
[01m[K/usr/include/c++/7/bits/unique_ptr.h:281:7:[m[K [01;36m[Knote: [m[Kcandidate: std::unique_ptr<_Tp, _Dp>& std::unique_ptr<_Tp, _Dp>::operator=(std::unique_ptr<_Tp, _Dp>&&) [with _Tp = visualization_msgs::InteractiveMarker_<std::allocator<void> >; _Dp = std::default_delete<visualization_msgs::InteractiveMarker_<std::allocator<void> > >]
       [01;36m[Koperator[m[K=(unique_ptr&& __u) noexcept
       [01;36m[K^~~~~~~~[m[K
[01m[K/usr/include/c++/7/bits/unique_ptr.h:281:7:[m[K [01;36m[Knote: [m[K  no known conversion for argument 1 from '[01m[Kstd::shared_ptr<visualization_msgs::InteractiveMarker_<std::allocator<void> > >[m[K' to '[01m[Kstd::unique_ptr<visualization_msgs::InteractiveMarker_<std::allocator<void> > >&&[m[K'
[01m[K/usr/include/c++/7/bits/unique_ptr.h:301:2:[m[K [01;36m[Knote: [m[Kcandidate: template<class _Up, class _Ep> typename std::enable_if<std::__and_<std::__and_<std::is_convertible<typename std::unique_ptr<_Up, _Ep>::pointer, typename std::__uniq_ptr_impl<_Tp, _Dp>::pointer>, std::__not_<std::is_array<_Up> >, std::__or_<std::__and_<std::is_reference<_Dp>, std::is_same<_T2, _U2> >, std::__and_<std::__not_<std::is_reference<_Dp> >, std::is_convertible<_Ep, _Dp> > > >, std::is_assignable<_T2&, _U2&&> >::value, std::unique_ptr<_Tp, _Dp>&>::type std::unique_ptr<_Tp, _Dp>::operator=(std::unique_ptr<_Up, _Ep>&&) [with _Up = _Up; _Ep = _Ep; _Tp = visualization_msgs::InteractiveMarker_<std::allocator<void> >; _Dp = std::default_delete<visualization_msgs::InteractiveMarker_<std::allocator<void> > >]
  [01;36m[Koperator[m[K=(unique_ptr<_Up, _Ep>&& __u) noexcept
  [01;36m[K^~~~~~~~[m[K
[01m[K/usr/include/c++/7/bits/unique_ptr.h:301:2:[m[K [01;36m[Knote: [m[K  template argument deduction/substitution failed:
[01m[K/home/accname/programming/ROS/octomap_editing/catkin_ws/src/octomap_editing/src/OEServer.cpp:121:107:[m[K [01;36m[Knote: [m[K  '[01m[Kstd::shared_ptr<visualization_msgs::InteractiveMarker_<std::allocator<void> > >[m[K' is not derived from '[01m[Kstd::unique_ptr<_Tp, _Dp>[m[K'
     _markers[control_marker.name] = std::make_shared<visualization_msgs::InteractiveMarker>(control_marker[01;36m[K)[m[K;
                                                                                                           [01;36m[K^[m[K
In file included from [01m[K/usr/include/c++/7/bits/locale_conv.h:41:0[m[K,
                 from [01m[K/usr/include/c++/7/locale:43[m[K,
                 from [01m[K/usr/include/c++/7/iomanip:43[m[K,
                 from [01m[K/usr/local/include/boost/math/policies/error_handling.hpp:12[m[K,
                 from [01m[K/usr/local/include/boost/math/special_functions/round.hpp:14[m[K,
                 from [01m[K/opt/ros/melodic/include/ros/time.h:58[m[K,
                 from [01m[K/opt/ros/melodic/include/ros/serialization.h:34[m[K,
                 from [01m[K/opt/ros/melodic/include/visualization_msgs/InteractiveMarkerUpdate.h:14[m[K,
                 from [01m[K/opt/ros/melodic/include/interactive_markers/interactive_marker_server.h:35[m[K,
                 from [01m[K/home/accname/programming/ROS/octomap_editing/catkin_ws/src/octomap_editing/include/OEServer.hpp:4[m[K,
                 from [01m[K/home/accname/programming/ROS/octomap_editing/catkin_ws/src/octomap_editing/src/OEServer.cpp:1[m[K:
[01m[K/usr/include/c++/7/bits/unique_ptr.h:310:7:[m[K [01;36m[Knote: [m[Kcandidate: std::unique_ptr<_Tp, _Dp>& std::unique_ptr<_Tp, _Dp>::operator=(std::nullptr_t) [with _Tp = visualization_msgs::InteractiveMarker_<std::allocator<void> >; _Dp = std::default_delete<visualization_msgs::InteractiveMarker_<std::allocator<void> > >; std::nullptr_t = std::nullptr_t]
       [01;36m[Koperator[m[K=(nullptr_t) noexcept
       [01;36m[K^~~~~~~~[m[K
[01m[K/usr/include/c++/7/bits/unique_ptr.h:310:7:[m[K [01;36m[Knote: [m[K  no known conversion for argument 1 from '[01m[Kstd::shared_ptr<visualization_msgs::InteractiveMarker_<std::allocator<void> > >[m[K' to '[01m[Kstd::nullptr_t[m[K'
[01m[K/home/accname/programming/ROS/octomap_editing/catkin_ws/src/octomap_editing/src/OEServer.cpp:125:98:[m[K [01;31m[Kerror: [m[Kno match for '[01m[Koperator=[m[K' (operand types are '[01m[Kstd::map<std::__cxx11::basic_string<char>, std::unique_ptr<interactive_markers::MenuHandler> >::mapped_type {aka std::unique_ptr<interactive_markers::MenuHandler>}[m[K' and '[01m[Kstd::shared_ptr<interactive_markers::MenuHandler>[m[K')
     _menus[control_marker.name] = std::make_shared<interactive_markers::MenuHandler>(menu_handler[01;31m[K)[m[K;
                                                                                                  [01;31m[K^[m[K
In file included from [01m[K/usr/include/c++/7/bits/locale_conv.h:41:0[m[K,
                 from [01m[K/usr/include/c++/7/locale:43[m[K,
                 from [01m[K/usr/include/c++/7/iomanip:43[m[K,
                 from [01m[K/usr/local/include/boost/math/policies/error_handling.hpp:12[m[K,
                 from [01m[K/usr/local/include/boost/math/special_functions/round.hpp:14[m[K,
                 from [01m[K/opt/ros/melodic/include/ros/time.h:58[m[K,
                 from [01m[K/opt/ros/melodic/include/ros/serialization.h:34[m[K,
                 from [01m[K/opt/ros/melodic/include/visualization_msgs/InteractiveMarkerUpdate.h:14[m[K,
                 from [01m[K/opt/ros/melodic/include/interactive_markers/interactive_marker_server.h:35[m[K,
                 from [01m[K/home/accname/programming/ROS/octomap_editing/catkin_ws/src/octomap_editing/include/OEServer.hpp:4[m[K,
                 from [01m[K/home/accname/programming/ROS/octomap_editing/catkin_ws/src/octomap_editing/src/OEServer.cpp:1[m[K:
[01m[K/usr/include/c++/7/bits/unique_ptr.h:281:7:[m[K [01;36m[Knote: [m[Kcandidate: std::unique_ptr<_Tp, _Dp>& std::unique_ptr<_Tp, _Dp>::operator=(std::unique_ptr<_Tp, _Dp>&&) [with _Tp = interactive_markers::MenuHandler; _Dp = std::default_delete<interactive_markers::MenuHandler>]
       [01;36m[Koperator[m[K=(unique_ptr&& __u) noexcept
       [01;36m[K^~~~~~~~[m[K
[01m[K/usr/include/c++/7/bits/unique_ptr.h:281:7:[m[K [01;36m[Knote: [m[K  no known conversion for argument 1 from '[01m[Kstd::shared_ptr<interactive_markers::MenuHandler>[m[K' to '[01m[Kstd::unique_ptr<interactive_markers::MenuHandler>&&[m[K'
[01m[K/usr/include/c++/7/bits/unique_ptr.h:301:2:[m[K [01;36m[Knote: [m[Kcandidate: template<class _Up, class _Ep> typename std::enable_if<std::__and_<std::__and_<std::is_convertible<typename std::unique_ptr<_Up, _Ep>::pointer, typename std::__uniq_ptr_impl<_Tp, _Dp>::pointer>, std::__not_<std::is_array<_Up> >, std::__or_<std::__and_<std::is_reference<_Dp>, std::is_same<_T2, _U2> >, std::__and_<std::__not_<std::is_reference<_Dp> >, std::is_convertible<_Ep, _Dp> > > >, std::is_assignable<_T2&, _U2&&> >::value, std::unique_ptr<_Tp, _Dp>&>::type std::unique_ptr<_Tp, _Dp>::operator=(std::unique_ptr<_Up, _Ep>&&) [with _Up = _Up; _Ep = _Ep; _Tp = interactive_markers::MenuHandler; _Dp = std::default_delete<interactive_markers::MenuHandler>]
  [01;36m[Koperator[m[K=(unique_ptr<_Up, _Ep>&& __u) noexcept
  [01;36m[K^~~~~~~~[m[K
[01m[K/usr/include/c++/7/bits/unique_ptr.h:301:2:[m[K [01;36m[Knote: [m[K  template argument deduction/substitution failed:
[01m[K/home/accname/programming/ROS/octomap_editing/catkin_ws/src/octomap_editing/src/OEServer.cpp:125:98:[m[K [01;36m[Knote: [m[K  '[01m[Kstd::shared_ptr<interactive_markers::MenuHandler>[m[K' is not derived from '[01m[Kstd::unique_ptr<_Tp, _Dp>[m[K'
     _menus[control_marker.name] = std::make_shared<interactive_markers::MenuHandler>(menu_handler[01;36m[K)[m[K;
                                                                                                  [01;36m[K^[m[K
In file included from [01m[K/usr/include/c++/7/bits/locale_conv.h:41:0[m[K,
                 from [01m[K/usr/include/c++/7/locale:43[m[K,
                 from [01m[K/usr/include/c++/7/iomanip:43[m[K,
                 from [01m[K/usr/local/include/boost/math/policies/error_handling.hpp:12[m[K,
                 from [01m[K/usr/local/include/boost/math/special_functions/round.hpp:14[m[K,
                 from [01m[K/opt/ros/melodic/include/ros/time.h:58[m[K,
                 from [01m[K/opt/ros/melodic/include/ros/serialization.h:34[m[K,
                 from [01m[K/opt/ros/melodic/include/visualization_msgs/InteractiveMarkerUpdate.h:14[m[K,
                 from [01m[K/opt/ros/melodic/include/interactive_markers/interactive_marker_server.h:35[m[K,
                 from [01m[K/home/accname/programming/ROS/octomap_editing/catkin_ws/src/octomap_editing/include/OEServer.hpp:4[m[K,
                 from [01m[K/home/accname/programming/ROS/octomap_editing/catkin_ws/src/octomap_editing/src/OEServer.cpp:1[m[K:
[01m[K/usr/include/c++/7/bits/unique_ptr.h:310:7:[m[K [01;36m[Knote: [m[Kcandidate: std::unique_ptr<_Tp, _Dp>& std::unique_ptr<_Tp, _Dp>::operator=(std::nullptr_t) [with _Tp = interactive_markers::MenuHandler; _Dp = std::default_delete<interactive_markers::MenuHandler>; std::nullptr_t = std::nullptr_t]
       [01;36m[Koperator[m[K=(nullptr_t) noexcept
       [01;36m[K^~~~~~~~[m[K
[01m[K/usr/include/c++/7/bits/unique_ptr.h:310:7:[m[K [01;36m[Knote: [m[K  no known conversion for argument 1 from '[01m[Kstd::shared_ptr<interactive_markers::MenuHandler>[m[K' to '[01m[Kstd::nullptr_t[m[K'
[01m[K/home/accname/programming/ROS/octomap_editing/catkin_ws/src/octomap_editing/src/OEServer.cpp:[m[K In member function '[01m[Kvoid octomap_editing::OEServer::createTextMarker()[m[K':
[01m[K/home/accname/programming/ROS/octomap_editing/catkin_ws/src/octomap_editing/src/OEServer.cpp:144:101:[m[K [01;31m[Kerror: [m[Kno match for '[01m[Koperator=[m[K' (operand types are '[01m[Kstd::map<std::__cxx11::basic_string<char>, std::unique_ptr<visualization_msgs::InteractiveMarker_<std::allocator<void> > > >::mapped_type {aka std::unique_ptr<visualization_msgs::InteractiveMarker_<std::allocator<void> > >}[m[K' and '[01m[Kstd::shared_ptr<visualization_msgs::InteractiveMarker_<std::allocator<void> > >[m[K')
     _markers[text_marker.name] = std::make_shared<visualization_msgs::InteractiveMarker>(text_marker[01;31m[K)[m[K;
                                                                                                     [01;31m[K^[m[K
In file included from [01m[K/usr/include/c++/7/bits/locale_conv.h:41:0[m[K,
                 from [01m[K/usr/include/c++/7/locale:43[m[K,
                 from [01m[K/usr/include/c++/7/iomanip:43[m[K,
                 from [01m[K/usr/local/include/boost/math/policies/error_handling.hpp:12[m[K,
                 from [01m[K/usr/local/include/boost/math/special_functions/round.hpp:14[m[K,
                 from [01m[K/opt/ros/melodic/include/ros/time.h:58[m[K,
                 from [01m[K/opt/ros/melodic/include/ros/serialization.h:34[m[K,
                 from [01m[K/opt/ros/melodic/include/visualization_msgs/InteractiveMarkerUpdate.h:14[m[K,
                 from [01m[K/opt/ros/melodic/include/interactive_markers/interactive_marker_server.h:35[m[K,
                 from [01m[K/home/accname/programming/ROS/octomap_editing/catkin_ws/src/octomap_editing/include/OEServer.hpp:4[m[K,
                 from [01m[K/home/accname/programming/ROS/octomap_editing/catkin_ws/src/octomap_editing/src/OEServer.cpp:1[m[K:
[01m[K/usr/include/c++/7/bits/unique_ptr.h:281:7:[m[K [01;36m[Knote: [m[Kcandidate: std::unique_ptr<_Tp, _Dp>& std::unique_ptr<_Tp, _Dp>::operator=(std::unique_ptr<_Tp, _Dp>&&) [with _Tp = visualization_msgs::InteractiveMarker_<std::allocator<void> >; _Dp = std::default_delete<visualization_msgs::InteractiveMarker_<std::allocator<void> > >]
       [01;36m[Koperator[m[K=(unique_ptr&& __u) noexcept
       [01;36m[K^~~~~~~~[m[K
[01m[K/usr/include/c++/7/bits/unique_ptr.h:281:7:[m[K [01;36m[Knote: [m[K  no known conversion for argument 1 from '[01m[Kstd::shared_ptr<visualization_msgs::InteractiveMarker_<std::allocator<void> > >[m[K' to '[01m[Kstd::unique_ptr<visualization_msgs::InteractiveMarker_<std::allocator<void> > >&&[m[K'
[01m[K/usr/include/c++/7/bits/unique_ptr.h:301:2:[m[K [01;36m[Knote: [m[Kcandidate: template<class _Up, class _Ep> typename std::enable_if<std::__and_<std::__and_<std::is_convertible<typename std::unique_ptr<_Up, _Ep>::pointer, typename std::__uniq_ptr_impl<_Tp, _Dp>::pointer>, std::__not_<std::is_array<_Up> >, std::__or_<std::__and_<std::is_reference<_Dp>, std::is_same<_T2, _U2> >, std::__and_<std::__not_<std::is_reference<_Dp> >, std::is_convertible<_Ep, _Dp> > > >, std::is_assignable<_T2&, _U2&&> >::value, std::unique_ptr<_Tp, _Dp>&>::type std::unique_ptr<_Tp, _Dp>::operator=(std::unique_ptr<_Up, _Ep>&&) [with _Up = _Up; _Ep = _Ep; _Tp = visualization_msgs::InteractiveMarker_<std::allocator<void> >; _Dp = std::default_delete<visualization_msgs::InteractiveMarker_<std::allocator<void> > >]
  [01;36m[Koperator[m[K=(unique_ptr<_Up, _Ep>&& __u) noexcept
  [01;36m[K^~~~~~~~[m[K
[01m[K/usr/include/c++/7/bits/unique_ptr.h:301:2:[m[K [01;36m[Knote: [m[K  template argument deduction/substitution failed:
[01m[K/home/accname/programming/ROS/octomap_editing/catkin_ws/src/octomap_editing/src/OEServer.cpp:144:101:[m[K [01;36m[Knote: [m[K  '[01m[Kstd::shared_ptr<visualization_msgs::InteractiveMarker_<std::allocator<void> > >[m[K' is not derived from '[01m[Kstd::unique_ptr<_Tp, _Dp>[m[K'
     _markers[text_marker.name] = std::make_shared<visualization_msgs::InteractiveMarker>(text_marker[01;36m[K)[m[K;
                                                                                                     [01;36m[K^[m[K
In file included from [01m[K/usr/include/c++/7/bits/locale_conv.h:41:0[m[K,
                 from [01m[K/usr/include/c++/7/locale:43[m[K,
                 from [01m[K/usr/include/c++/7/iomanip:43[m[K,
                 from [01m[K/usr/local/include/boost/math/policies/error_handling.hpp:12[m[K,
                 from [01m[K/usr/local/include/boost/math/special_functions/round.hpp:14[m[K,
                 from [01m[K/opt/ros/melodic/include/ros/time.h:58[m[K,
                 from [01m[K/opt/ros/melodic/include/ros/serialization.h:34[m[K,
                 from [01m[K/opt/ros/melodic/include/visualization_msgs/InteractiveMarkerUpdate.h:14[m[K,
                 from [01m[K/opt/ros/melodic/include/interactive_markers/interactive_marker_server.h:35[m[K,
                 from [01m[K/home/accname/programming/ROS/octomap_editing/catkin_ws/src/octomap_editing/include/OEServer.hpp:4[m[K,
                 from [01m[K/home/accname/programming/ROS/octomap_editing/catkin_ws/src/octomap_editing/src/OEServer.cpp:1[m[K:
[01m[K/usr/include/c++/7/bits/unique_ptr.h:310:7:[m[K [01;36m[Knote: [m[Kcandidate: std::unique_ptr<_Tp, _Dp>& std::unique_ptr<_Tp, _Dp>::operator=(std::nullptr_t) [with _Tp = visualization_msgs::InteractiveMarker_<std::allocator<void> >; _Dp = std::default_delete<visualization_msgs::InteractiveMarker_<std::allocator<void> > >; std::nullptr_t = std::nullptr_t]
       [01;36m[Koperator[m[K=(nullptr_t) noexcept
       [01;36m[K^~~~~~~~[m[K
[01m[K/usr/include/c++/7/bits/unique_ptr.h:310:7:[m[K [01;36m[Knote: [m[K  no known conversion for argument 1 from '[01m[Kstd::shared_ptr<visualization_msgs::InteractiveMarker_<std::allocator<void> > >[m[K' to '[01m[Kstd::nullptr_t[m[K'
[01m[K/home/accname/programming/ROS/octomap_editing/catkin_ws/src/octomap_editing/src/OEServer.cpp:[m[K In member function '[01m[Kvoid octomap_editing::OEServer::menuMoveAxisFeedback(const InteractiveMarkerFeedbackConstPtr&)[m[K':
[01m[K/home/accname/programming/ROS/octomap_editing/catkin_ws/src/octomap_editing/src/OEServer.cpp:152:99:[m[K [01;31m[Kerror: [m[Kconversion from '[01m[Kstd::map<std::__cxx11::basic_string<char>, std::unique_ptr<visualization_msgs::InteractiveMarker_<std::allocator<void> > > >::mapped_type {aka std::unique_ptr<visualization_msgs::InteractiveMarker_<std::allocator<void> > >}[m[K' to non-scalar type '[01m[Kstd::shared_ptr<visualization_msgs::InteractiveMarker_<std::allocator<void> > >[m[K' requested
     std::shared_ptr<visualization_msgs::InteractiveMarker> marker = _markers[feedback->marker_name[01;31m[K][m[K;
                                                                                                   [01;31m[K^[m[K
[01m[K/home/accname/programming/ROS/octomap_editing/catkin_ws/src/octomap_editing/src/OEServer.cpp:153:81:[m[K [01;31m[Kerror: [m[Kconversion from '[01m[Kstd::map<std::__cxx11::basic_string<char>, std::unique_ptr<interactive_markers::MenuHandler> >::mapped_type {aka std::unique_ptr<interactive_markers::MenuHandler>}[m[K' to non-scalar type '[01m[Kstd::shared_ptr<interactive_markers::MenuHandler>[m[K' requested
     std::shared_ptr<interactive_markers::MenuHandler> menu = _menus[marker->name[01;31m[K][m[K;
                                                                                 [01;31m[K^[m[K
[01m[K/home/accname/programming/ROS/octomap_editing/catkin_ws/src/octomap_editing/src/OEServer.cpp:[m[K In member function '[01m[Kvoid octomap_editing::OEServer::menuRotateAxisFeedback(const InteractiveMarkerFeedbackConstPtr&)[m[K':
[01m[K/home/accname/programming/ROS/octomap_editing/catkin_ws/src/octomap_editing/src/OEServer.cpp:181:99:[m[K [01;31m[Kerror: [m[Kconversion from '[01m[Kstd::map<std::__cxx11::basic_string<char>, std::unique_ptr<visualization_msgs::InteractiveMarker_<std::allocator<void> > > >::mapped_type {aka std::unique_ptr<visualization_msgs::InteractiveMarker_<std::allocator<void> > >}[m[K' to non-scalar type '[01m[Kstd::shared_ptr<visualization_msgs::InteractiveMarker_<std::allocator<void> > >[m[K' requested
     std::shared_ptr<visualization_msgs::InteractiveMarker> marker = _markers[feedback->marker_name[01;31m[K][m[K;
                                                                                                   [01;31m[K^[m[K
[01m[K/home/accname/programming/ROS/octomap_editing/catkin_ws/src/octomap_editing/src/OEServer.cpp:182:81:[m[K [01;31m[Kerror: [m[Kconversion from '[01m[Kstd::map<std::__cxx11::basic_string<char>, std::unique_ptr<interactive_markers::MenuHandler> >::mapped_type {aka std::unique_ptr<interactive_markers::MenuHandler>}[m[K' to non-scalar type '[01m[Kstd::shared_ptr<interactive_markers::MenuHandler>[m[K' requested
     std::shared_ptr<interactive_markers::MenuHandler> menu = _menus[marker->name[01;31m[K][m[K;
                                                                                 [01;31m[K^[m[K
[01m[K/home/accname/programming/ROS/octomap_editing/catkin_ws/src/octomap_editing/src/OEServer.cpp:[m[K In member function '[01m[Kvoid octomap_editing::OEServer::processMarkerFeedback(const InteractiveMarkerFeedbackConstPtr&)[m[K':
[01m[K/home/accname/programming/ROS/octomap_editing/catkin_ws/src/octomap_editing/src/OEServer.cpp:217:102:[m[K [01;31m[Kerror: [m[Kconversion from '[01m[Kstd::map<std::__cxx11::basic_string<char>, std::unique_ptr<visualization_msgs::InteractiveMarker_<std::allocator<void> > > >::mapped_type {aka std::unique_ptr<visualization_msgs::InteractiveMarker_<std::allocator<void> > >}[m[K' to non-scalar type '[01m[Kstd::shared_ptr<visualization_msgs::InteractiveMarker_<std::allocator<void> > >[m[K' requested
       std::shared_ptr<visualization_msgs::InteractiveMarker> imarker = _markers[feedback->marker_name[01;31m[K][m[K;
                                                                                                      [01;31m[K^[m[K
In file included from [01m[K/opt/ros/melodic/include/octomap_server/OctomapServer.h:49:0[m[K,
                 from [01m[K/home/accname/programming/ROS/octomap_editing/catkin_ws/src/octomap_editing/include/OEServer.hpp:12[m[K,
                 from [01m[K/home/accname/programming/ROS/octomap_editing/catkin_ws/src/octomap_editing/src/OEServer.cpp:1[m[K:
[01m[K/usr/include/pcl-1.8/pcl/sample_consensus/model_types.h:[m[K In function '[01m[Kvoid __static_initialization_and_destruction_0(int, int)[m[K':
[01m[K/usr/include/pcl-1.8/pcl/sample_consensus/model_types.h:99:3:[m[K [01;35m[Kwarning: [m[K'[01m[Kpcl::SAC_SAMPLE_SIZE[m[K' is deprecated: This map is deprecated and is kept only to prevent breaking existing user code. Starting from PCL 1.8.0 model sample size is a protected member of the SampleConsensusModel class [[01;35m[K-Wdeprecated-declarations[m[K]
   [01;35m[KSAC_SAMPLE_SIZE[m[K (sample_size_pairs, sample_size_pairs + sizeof (sample_size_pairs) / sizeof (SampleSizeModel));
   [01;35m[K^~~~~~~~~~~~~~~[m[K
[01m[K/usr/include/pcl-1.8/pcl/sample_consensus/model_types.h:99:3:[m[K [01;36m[Knote: [m[Kdeclared here
make[2]: *** [CMakeFiles/octomap_editing.dir/src/OEServer.cpp.o] Error 1
make[1]: *** [CMakeFiles/octomap_editing.dir/all] Error 2
make: *** [all] Error 2
