In file included from [01m[K/usr/local/include/boost/detail/endian.hpp:9:0[m[K,
                 from [01m[K/usr/include/pcl-1.8/pcl/PCLPointCloud2.h:11[m[K,
                 from [01m[K/usr/include/pcl-1.8/pcl/conversions.h:48[m[K,
                 from [01m[K/opt/ros/melodic/include/pcl_ros/point_cloud.h:8[m[K,
                 from [01m[K/home/accname/programming/ROS/octomap_editing/catkin_ws/src/octomap_editing/include/OEServer.hpp:8[m[K,
                 from [01m[K/home/accname/programming/ROS/octomap_editing/catkin_ws/src/octomap_editing/src/OEServer.cpp:1[m[K:
[01m[K/usr/local/include/boost/predef/detail/endian_compat.h:11:161:[m[K [01;36m[Knote: [m[K#pragma message: The use of BOOST_*_ENDIAN and BOOST_BYTE_ORDER is deprecated. Please include <boost/predef/other/endian.h> and use BOOST_ENDIAN_*_BYTE instead
 #pragma message("The use of BOOST_*_ENDIAN and BOOST_BYTE_ORDER is deprecated. Please include <boost/predef/other/endian.h> and use BOOST_ENDIAN_*_BYTE instead"[01;36m[K)[m[K
                                                                                                                                                                 [01;36m[K^[m[K
[01m[K/home/accname/programming/ROS/octomap_editing/catkin_ws/src/octomap_editing/src/OEServer.cpp:[m[K In member function '[01m[Koctomap::pose6d octomap_editing::OEServer::getTransformationMatrix()[m[K':
[01m[K/home/accname/programming/ROS/octomap_editing/catkin_ws/src/octomap_editing/src/OEServer.cpp:242:43:[m[K [01;31m[Kerror: [m[Kno matching function for call to '[01m[Koctomath::Pose6D::Pose6D(octomath::Vector3&)[m[K'
     octomap::pose6d transformMatrix(transl[01;31m[K)[m[K;
                                           [01;31m[K^[m[K
In file included from [01m[K/opt/ros/melodic/include/octomap/octomap_types.h:43:0[m[K,
                 from [01m[K/opt/ros/melodic/include/octomap/OcTreeNode.h:37[m[K,
                 from [01m[K/opt/ros/melodic/include/octomap/ColorOcTree.h:39[m[K,
                 from [01m[K/home/accname/programming/ROS/octomap_editing/catkin_ws/src/octomap_editing/include/OEMarker.hpp:4[m[K,
                 from [01m[K/home/accname/programming/ROS/octomap_editing/catkin_ws/src/octomap_editing/include/OEServer.hpp:6[m[K,
                 from [01m[K/home/accname/programming/ROS/octomap_editing/catkin_ws/src/octomap_editing/src/OEServer.cpp:1[m[K:
[01m[K/opt/ros/melodic/include/octomap/math/Pose6D.h:69:5:[m[K [01;36m[Knote: [m[Kcandidate: octomath::Pose6D::Pose6D(float, float, float, double, double, double)
     [01;36m[KPose6D[m[K(float x, float y, float z, double roll, double pitch, double yaw);
     [01;36m[K^~~~~~[m[K
[01m[K/opt/ros/melodic/include/octomap/math/Pose6D.h:69:5:[m[K [01;36m[Knote: [m[K  candidate expects 6 arguments, 1 provided
[01m[K/opt/ros/melodic/include/octomap/math/Pose6D.h:60:5:[m[K [01;36m[Knote: [m[Kcandidate: octomath::Pose6D::Pose6D(const octomath::Vector3&, const octomath::Quaternion&)
     [01;36m[KPose6D[m[K(const Vector3& trans, const Quaternion& rot);
     [01;36m[K^~~~~~[m[K
[01m[K/opt/ros/melodic/include/octomap/math/Pose6D.h:60:5:[m[K [01;36m[Knote: [m[K  candidate expects 2 arguments, 1 provided
[01m[K/opt/ros/melodic/include/octomap/math/Pose6D.h:52:5:[m[K [01;36m[Knote: [m[Kcandidate: octomath::Pose6D::Pose6D()
     [01;36m[KPose6D[m[K();
     [01;36m[K^~~~~~[m[K
[01m[K/opt/ros/melodic/include/octomap/math/Pose6D.h:52:5:[m[K [01;36m[Knote: [m[K  candidate expects 0 arguments, 1 provided
[01m[K/opt/ros/melodic/include/octomap/math/Pose6D.h:49:9:[m[K [01;36m[Knote: [m[Kcandidate: octomath::Pose6D::Pose6D(const octomath::Pose6D&)
   class [01;36m[KPose6D[m[K {
         [01;36m[K^~~~~~[m[K
[01m[K/opt/ros/melodic/include/octomap/math/Pose6D.h:49:9:[m[K [01;36m[Knote: [m[K  no known conversion for argument 1 from '[01m[Koctomath::Vector3[m[K' to '[01m[Kconst octomath::Pose6D&[m[K'
In file included from [01m[K/opt/ros/melodic/include/octomap_server/OctomapServer.h:49:0[m[K,
                 from [01m[K/home/accname/programming/ROS/octomap_editing/catkin_ws/src/octomap_editing/include/OEServer.hpp:12[m[K,
                 from [01m[K/home/accname/programming/ROS/octomap_editing/catkin_ws/src/octomap_editing/src/OEServer.cpp:1[m[K:
[01m[K/usr/include/pcl-1.8/pcl/sample_consensus/model_types.h:[m[K In function '[01m[Kvoid __static_initialization_and_destruction_0(int, int)[m[K':
[01m[K/usr/include/pcl-1.8/pcl/sample_consensus/model_types.h:99:3:[m[K [01;35m[Kwarning: [m[K'[01m[Kpcl::SAC_SAMPLE_SIZE[m[K' is deprecated: This map is deprecated and is kept only to prevent breaking existing user code. Starting from PCL 1.8.0 model sample size is a protected member of the SampleConsensusModel class [[01;35m[K-Wdeprecated-declarations[m[K]
   [01;35m[KSAC_SAMPLE_SIZE[m[K (sample_size_pairs, sample_size_pairs + sizeof (sample_size_pairs) / sizeof (SampleSizeModel));
   [01;35m[K^~~~~~~~~~~~~~~[m[K
[01m[K/usr/include/pcl-1.8/pcl/sample_consensus/model_types.h:99:3:[m[K [01;36m[Knote: [m[Kdeclared here
make[2]: *** [CMakeFiles/octomap_editing.dir/src/OEServer.cpp.o] Error 1
make[1]: *** [CMakeFiles/octomap_editing.dir/all] Error 2
make: *** [all] Error 2
