In file included from [01m[K/home/accname/programming/ROS/octomap_editing/catkin_ws/src/octomap_editing/src/OEMarkerFactory.cpp:1:0[m[K:
[01m[K/home/accname/programming/ROS/octomap_editing/catkin_ws/src/octomap_editing/include/OEMarkerFactory.hpp:24:99:[m[K [01;31m[Kerror: [m[Kexpected identifier before '[01m[K,[m[K' token
     visualization_msgs::InteractiveMarker createInteractiveMarker(octomap::point3d center_coords, [01;31m[K,[m[K octomap_editing::Control_Mode control_mode);
                                                                                                   [01;31m[K^[m[K
[01m[K/home/accname/programming/ROS/octomap_editing/catkin_ws/src/octomap_editing/src/OEMarkerFactory.cpp:37:3:[m[K [01;31m[Kerror: [m[Kprototype for '[01m[Kvisualization_msgs::InteractiveMarker octomap_editing::OEMarkerFactory::createInteractiveMarker(octomap::point3d, octomap_editing::Control_Mode)[m[K' does not match any in class '[01m[Koctomap_editing::OEMarkerFactory[m[K'
   [01;31m[KOEMarkerFactory[m[K::createInteractiveMarker(octomap::point3d center_coords, octomap_editing::Control_Mode control_mode)
   [01;31m[K^~~~~~~~~~~~~~~[m[K
In file included from [01m[K/home/accname/programming/ROS/octomap_editing/catkin_ws/src/octomap_editing/src/OEMarkerFactory.cpp:1:0[m[K:
[01m[K/home/accname/programming/ROS/octomap_editing/catkin_ws/src/octomap_editing/include/OEMarkerFactory.hpp:24:43:[m[K [01;31m[Kerror: [m[Kcandidate is: visualization_msgs::InteractiveMarker octomap_editing::OEMarkerFactory::createInteractiveMarker(octomap::point3d, int, octomap_editing::Control_Mode)
     visualization_msgs::InteractiveMarker [01;31m[KcreateInteractiveMarker[m[K(octomap::point3d center_coords, , octomap_editing::Control_Mode control_mode);
                                           [01;31m[K^~~~~~~~~~~~~~~~~~~~~~~[m[K
make[2]: *** [CMakeFiles/octomap_editing.dir/src/OEMarkerFactory.cpp.o] Error 1
make[2]: *** Waiting for unfinished jobs....
In file included from [01m[K/home/accname/programming/ROS/octomap_editing/catkin_ws/src/octomap_editing/include/OEServer.hpp:7:0[m[K,
                 from [01m[K/home/accname/programming/ROS/octomap_editing/catkin_ws/src/octomap_editing/src/OEServer.cpp:1[m[K:
[01m[K/home/accname/programming/ROS/octomap_editing/catkin_ws/src/octomap_editing/include/OEMarkerFactory.hpp:24:99:[m[K [01;31m[Kerror: [m[Kexpected identifier before '[01m[K,[m[K' token
     visualization_msgs::InteractiveMarker createInteractiveMarker(octomap::point3d center_coords, [01;31m[K,[m[K octomap_editing::Control_Mode control_mode);
                                                                                                   [01;31m[K^[m[K
[01m[K/home/accname/programming/ROS/octomap_editing/catkin_ws/src/octomap_editing/src/OEServer.cpp:[m[K In member function '[01m[Kvoid octomap_editing::OEServer::createInteractiveMarker(octomap::point3d)[m[K':
[01m[K/home/accname/programming/ROS/octomap_editing/catkin_ws/src/octomap_editing/src/OEServer.cpp:43:128:[m[K [01;31m[Kerror: [m[Kno matching function for call to '[01m[Koctomap_editing::OEMarkerFactory::createInteractiveMarker(octomap::point3d&, octomap_editing::Control_Mode)[m[K'
     visualization_msgs::InteractiveMarker imarker = _markerFactory.createInteractiveMarker(center_coords, octomap_editing::MENU[01;31m[K)[m[K;
                                                                                                                                [01;31m[K^[m[K
In file included from [01m[K/home/accname/programming/ROS/octomap_editing/catkin_ws/src/octomap_editing/include/OEServer.hpp:7:0[m[K,
                 from [01m[K/home/accname/programming/ROS/octomap_editing/catkin_ws/src/octomap_editing/src/OEServer.cpp:1[m[K:
[01m[K/home/accname/programming/ROS/octomap_editing/catkin_ws/src/octomap_editing/include/OEMarkerFactory.hpp:24:43:[m[K [01;36m[Knote: [m[Kcandidate: visualization_msgs::InteractiveMarker octomap_editing::OEMarkerFactory::createInteractiveMarker(octomap::point3d, int, octomap_editing::Control_Mode)
     visualization_msgs::InteractiveMarker [01;36m[KcreateInteractiveMarker[m[K(octomap::point3d center_coords, , octomap_editing::Control_Mode control_mode);
                                           [01;36m[K^~~~~~~~~~~~~~~~~~~~~~~[m[K
[01m[K/home/accname/programming/ROS/octomap_editing/catkin_ws/src/octomap_editing/include/OEMarkerFactory.hpp:24:43:[m[K [01;36m[Knote: [m[K  candidate expects 3 arguments, 2 provided
In file included from [01m[K/home/accname/programming/ROS/octomap_editing/catkin_ws/src/octomap_editing/include/OEServer.hpp:7:0[m[K,
                 from [01m[K/home/accname/programming/ROS/octomap_editing/catkin_ws/src/octomap_editing/src/octomap_editing.cpp:3[m[K:
[01m[K/home/accname/programming/ROS/octomap_editing/catkin_ws/src/octomap_editing/include/OEMarkerFactory.hpp:24:99:[m[K [01;31m[Kerror: [m[Kexpected identifier before '[01m[K,[m[K' token
     visualization_msgs::InteractiveMarker createInteractiveMarker(octomap::point3d center_coords, [01;31m[K,[m[K octomap_editing::Control_Mode control_mode);
                                                                                                   [01;31m[K^[m[K
make[2]: *** [CMakeFiles/octomap_editing.dir/src/OEServer.cpp.o] Error 1
make[2]: *** [CMakeFiles/octomap_editing.dir/src/octomap_editing.cpp.o] Error 1
make[1]: *** [CMakeFiles/octomap_editing.dir/all] Error 2
make: *** [all] Error 2
