In file included from [01m[K/usr/local/include/boost/detail/endian.hpp:9:0[m[K,
                 from [01m[K/usr/include/pcl-1.8/pcl/PCLPointCloud2.h:11[m[K,
                 from [01m[K/usr/include/pcl-1.8/pcl/conversions.h:48[m[K,
                 from [01m[K/opt/ros/melodic/include/pcl_ros/point_cloud.h:8[m[K,
                 from [01m[K/home/accname/programming/ROS/octomap_editing/catkin_ws/src/octomap_editing/include/OEServer.hpp:8[m[K,
                 from [01m[K/home/accname/programming/ROS/octomap_editing/catkin_ws/src/octomap_editing/src/OEServer.cpp:1[m[K:
[01m[K/usr/local/include/boost/predef/detail/endian_compat.h:11:161:[m[K [01;36m[Knote: [m[K#pragma message: The use of BOOST_*_ENDIAN and BOOST_BYTE_ORDER is deprecated. Please include <boost/predef/other/endian.h> and use BOOST_ENDIAN_*_BYTE instead
 #pragma message("The use of BOOST_*_ENDIAN and BOOST_BYTE_ORDER is deprecated. Please include <boost/predef/other/endian.h> and use BOOST_ENDIAN_*_BYTE instead"[01;36m[K)[m[K
                                                                                                                                                                 [01;36m[K^[m[K
[01m[K/home/accname/programming/ROS/octomap_editing/catkin_ws/src/octomap_editing/src/OEServer.cpp:[m[K In member function '[01m[Kvoid octomap_editing::OEServer::processMarkerFeedback(const InteractiveMarkerFeedbackConstPtr&)[m[K':
[01m[K/home/accname/programming/ROS/octomap_editing/catkin_ws/src/octomap_editing/src/OEServer.cpp:304:40:[m[K [01;31m[Kerror: [m[Kno matching function for call to '[01m[Kgeometry_msgs::Point_<std::allocator<void> >::Point_(double, double, double)[m[K'
       geometry_msgs::Point p_0(0.,0.,0.[01;31m[K)[m[K;
                                        [01;31m[K^[m[K
In file included from [01m[K/opt/ros/melodic/include/geometry_msgs/Pose.h:18:0[m[K,
                 from [01m[K/opt/ros/melodic/include/visualization_msgs/InteractiveMarker.h:19[m[K,
                 from [01m[K/opt/ros/melodic/include/visualization_msgs/InteractiveMarkerUpdate.h:18[m[K,
                 from [01m[K/opt/ros/melodic/include/interactive_markers/interactive_marker_server.h:35[m[K,
                 from [01m[K/home/accname/programming/ROS/octomap_editing/catkin_ws/src/octomap_editing/include/OEServer.hpp:4[m[K,
                 from [01m[K/home/accname/programming/ROS/octomap_editing/catkin_ws/src/octomap_editing/src/OEServer.cpp:1[m[K:
[01m[K/opt/ros/melodic/include/geometry_msgs/Point.h:31:3:[m[K [01;36m[Knote: [m[Kcandidate: geometry_msgs::Point_<ContainerAllocator>::Point_(const ContainerAllocator&) [with ContainerAllocator = std::allocator<void>]
   [01;36m[KPoint_[m[K(const ContainerAllocator& _alloc)
   [01;36m[K^~~~~~[m[K
[01m[K/opt/ros/melodic/include/geometry_msgs/Point.h:31:3:[m[K [01;36m[Knote: [m[K  candidate expects 1 argument, 3 provided
[01m[K/opt/ros/melodic/include/geometry_msgs/Point.h:26:3:[m[K [01;36m[Knote: [m[Kcandidate: geometry_msgs::Point_<ContainerAllocator>::Point_() [with ContainerAllocator = std::allocator<void>]
   [01;36m[KPoint_[m[K()
   [01;36m[K^~~~~~[m[K
[01m[K/opt/ros/melodic/include/geometry_msgs/Point.h:26:3:[m[K [01;36m[Knote: [m[K  candidate expects 0 arguments, 3 provided
[01m[K/opt/ros/melodic/include/geometry_msgs/Point.h:22:8:[m[K [01;36m[Knote: [m[Kcandidate: constexpr geometry_msgs::Point_<std::allocator<void> >::Point_(const geometry_msgs::Point_<std::allocator<void> >&)
 struct [01;36m[KPoint_[m[K
        [01;36m[K^~~~~~[m[K
[01m[K/opt/ros/melodic/include/geometry_msgs/Point.h:22:8:[m[K [01;36m[Knote: [m[K  candidate expects 1 argument, 3 provided
[01m[K/opt/ros/melodic/include/geometry_msgs/Point.h:22:8:[m[K [01;36m[Knote: [m[Kcandidate: constexpr geometry_msgs::Point_<std::allocator<void> >::Point_(geometry_msgs::Point_<std::allocator<void> >&&)
[01m[K/opt/ros/melodic/include/geometry_msgs/Point.h:22:8:[m[K [01;36m[Knote: [m[K  candidate expects 1 argument, 3 provided
[01m[K/home/accname/programming/ROS/octomap_editing/catkin_ws/src/octomap_editing/src/OEServer.cpp:305:35:[m[K [01;31m[Kerror: [m[Kno match for '[01m[Koperator!=[m[K' (operand types are '[01m[Kconst _position_type {aka const geometry_msgs::Point_<std::allocator<void> >}[m[K' and '[01m[Kgeometry_msgs::Point {aka geometry_msgs::Point_<std::allocator<void> >}[m[K')
       if ([01;31m[Kfeedback->pose.position != p_0[m[K)
           [01;31m[K~~~~~~~~~~~~~~~~~~~~~~~~^~~~~~[m[K
In file included from [01m[K/usr/include/c++/7/stack:61:0[m[K,
                 from [01m[K/opt/ros/melodic/include/octomap/OcTreeBaseImpl.h:41[m[K,
                 from [01m[K/opt/ros/melodic/include/octomap/OccupancyOcTreeBase.h:44[m[K,
                 from [01m[K/opt/ros/melodic/include/octomap/ColorOcTree.h:40[m[K,
                 from [01m[K/home/accname/programming/ROS/octomap_editing/catkin_ws/src/octomap_editing/include/OEMarker.hpp:4[m[K,
                 from [01m[K/home/accname/programming/ROS/octomap_editing/catkin_ws/src/octomap_editing/include/OEServer.hpp:6[m[K,
                 from [01m[K/home/accname/programming/ROS/octomap_editing/catkin_ws/src/octomap_editing/src/OEServer.cpp:1[m[K:
[01m[K/usr/include/c++/7/bits/stl_stack.h:317:5:[m[K [01;36m[Knote: [m[Kcandidate: template<class _Tp, class _Seq> bool std::operator!=(const std::stack<_Tp, _Seq>&, const std::stack<_Tp, _Seq>&)
     [01;36m[Koperator[m[K!=(const stack<_Tp, _Seq>& __x, const stack<_Tp, _Seq>& __y)
     [01;36m[K^~~~~~~~[m[K
[01m[K/usr/include/c++/7/bits/stl_stack.h:317:5:[m[K [01;36m[Knote: [m[K  template argument deduction/substitution failed:
[01m[K/home/accname/programming/ROS/octomap_editing/catkin_ws/src/octomap_editing/src/OEServer.cpp:305:38:[m[K [01;36m[Knote: [m[K  '[01m[Kconst _position_type {aka const geometry_msgs::Point_<std::allocator<void> >}[m[K' is not derived from '[01m[Kconst std::stack<_Tp, _Seq>[m[K'
       if (feedback->pose.position != [01;36m[Kp_0[m[K)
                                      [01;36m[K^~~[m[K
In file included from [01m[K/usr/include/c++/7/deque:64:0[m[K,
                 from [01m[K/usr/local/include/boost/detail/container_fwd.hpp:91[m[K,
                 from [01m[K/usr/local/include/boost/container_hash/extensions.hpp:22[m[K,
                 from [01m[K/usr/local/include/boost/container_hash/hash.hpp:760[m[K,
                 from [01m[K/usr/local/include/boost/functional/hash.hpp:6[m[K,
                 from [01m[K/usr/local/include/boost/thread/detail/thread.hpp:41[m[K,
                 from [01m[K/usr/local/include/boost/thread/thread_only.hpp:22[m[K,
                 from [01m[K/usr/local/include/boost/thread/thread.hpp:12[m[K,
                 from [01m[K/opt/ros/melodic/include/interactive_markers/interactive_marker_server.h:39[m[K,
                 from [01m[K/home/accname/programming/ROS/octomap_editing/catkin_ws/src/octomap_editing/include/OEServer.hpp:4[m[K,
                 from [01m[K/home/accname/programming/ROS/octomap_editing/catkin_ws/src/octomap_editing/src/OEServer.cpp:1[m[K:
[01m[K/usr/include/c++/7/bits/stl_deque.h:2284:5:[m[K [01;36m[Knote: [m[Kcandidate: template<class _Tp, class _Alloc> bool std::operator!=(const std::deque<_Tp, _Alloc>&, const std::deque<_Tp, _Alloc>&)
     [01;36m[Koperator[m[K!=(const deque<_Tp, _Alloc>& __x,
     [01;36m[K^~~~~~~~[m[K
[01m[K/usr/include/c++/7/bits/stl_deque.h:2284:5:[m[K [01;36m[Knote: [m[K  template argument deduction/substitution failed:
[01m[K/home/accname/programming/ROS/octomap_editing/catkin_ws/src/octomap_editing/src/OEServer.cpp:305:38:[m[K [01;36m[Knote: [m[K  '[01m[Kconst _position_type {aka const geometry_msgs::Point_<std::allocator<void> >}[m[K' is not derived from '[01m[Kconst std::deque<_Tp, _Alloc>[m[K'
       if (feedback->pose.position != [01;36m[Kp_0[m[K)
                                      [01;36m[K^~~[m[K
In file included from [01m[K/usr/include/c++/7/deque:64:0[m[K,
                 from [01m[K/usr/local/include/boost/detail/container_fwd.hpp:91[m[K,
                 from [01m[K/usr/local/include/boost/container_hash/extensions.hpp:22[m[K,
                 from [01m[K/usr/local/include/boost/container_hash/hash.hpp:760[m[K,
                 from [01m[K/usr/local/include/boost/functional/hash.hpp:6[m[K,
                 from [01m[K/usr/local/include/boost/thread/detail/thread.hpp:41[m[K,
                 from [01m[K/usr/local/include/boost/thread/thread_only.hpp:22[m[K,
                 from [01m[K/usr/local/include/boost/thread/thread.hpp:12[m[K,
                 from [01m[K/opt/ros/melodic/include/interactive_markers/interactive_marker_server.h:39[m[K,
                 from [01m[K/home/accname/programming/ROS/octomap_editing/catkin_ws/src/octomap_editing/include/OEServer.hpp:4[m[K,
                 from [01m[K/home/accname/programming/ROS/octomap_editing/catkin_ws/src/octomap_editing/src/OEServer.cpp:1[m[K:
[01m[K/usr/include/c++/7/bits/stl_deque.h:287:5:[m[K [01;36m[Knote: [m[Kcandidate: template<class _Tp, class _RefL, class _PtrL, class _RefR, class _PtrR> bool std::operator!=(const std::_Deque_iterator<_Tp, _Ref, _Ptr>&, const std::_Deque_iterator<_Tp, _RefR, _PtrR>&)
     [01;36m[Koperator[m[K!=(const _Deque_iterator<_Tp, _RefL, _PtrL>& __x,
     [01;36m[K^~~~~~~~[m[K
[01m[K/usr/include/c++/7/bits/stl_deque.h:287:5:[m[K [01;36m[Knote: [m[K  template argument deduction/substitution failed:
[01m[K/home/accname/programming/ROS/octomap_editing/catkin_ws/src/octomap_editing/src/OEServer.cpp:305:38:[m[K [01;36m[Knote: [m[K  '[01m[Kconst _position_type {aka const geometry_msgs::Point_<std::allocator<void> >}[m[K' is not derived from '[01m[Kconst std::_Deque_iterator<_Tp, _Ref, _Ptr>[m[K'
       if (feedback->pose.position != [01;36m[Kp_0[m[K)
                                      [01;36m[K^~~[m[K
In file included from [01m[K/usr/include/c++/7/deque:64:0[m[K,
                 from [01m[K/usr/local/include/boost/detail/container_fwd.hpp:91[m[K,
                 from [01m[K/usr/local/include/boost/container_hash/extensions.hpp:22[m[K,
                 from [01m[K/usr/local/include/boost/container_hash/hash.hpp:760[m[K,
                 from [01m[K/usr/local/include/boost/functional/hash.hpp:6[m[K,
                 from [01m[K/usr/local/include/boost/thread/detail/thread.hpp:41[m[K,
                 from [01m[K/usr/local/include/boost/thread/thread_only.hpp:22[m[K,
                 from [01m[K/usr/local/include/boost/thread/thread.hpp:12[m[K,
                 from [01m[K/opt/ros/melodic/include/interactive_markers/interactive_marker_server.h:39[m[K,
                 from [01m[K/home/accname/programming/ROS/octomap_editing/catkin_ws/src/octomap_editing/include/OEServer.hpp:4[m[K,
                 from [01m[K/home/accname/programming/ROS/octomap_editing/catkin_ws/src/octomap_editing/src/OEServer.cpp:1[m[K:
[01m[K/usr/include/c++/7/bits/stl_deque.h:280:5:[m[K [01;36m[Knote: [m[Kcandidate: template<class _Tp, class _Ref, class _Ptr> bool std::operator!=(const std::_Deque_iterator<_Tp, _Ref, _Ptr>&, const std::_Deque_iterator<_Tp, _Ref, _Ptr>&)
     [01;36m[Koperator[m[K!=(const _Deque_iterator<_Tp, _Ref, _Ptr>& __x,
     [01;36m[K^~~~~~~~[m[K
[01m[K/usr/include/c++/7/bits/stl_deque.h:280:5:[m[K [01;36m[Knote: [m[K  template argument deduction/substitution failed:
[01m[K/home/accname/programming/ROS/octomap_editing/catkin_ws/src/octomap_editing/src/OEServer.cpp:305:38:[m[K [01;36m[Knote: [m[K  '[01m[Kconst _position_type {aka const geometry_msgs::Point_<std::allocator<void> >}[m[K' is not derived from '[01m[Kconst std::_Deque_iterator<_Tp, _Ref, _Ptr>[m[K'
       if (feedback->pose.position != [01;36m[Kp_0[m[K)
                                      [01;36m[K^~~[m[K
In file included from [01m[K/usr/include/c++/7/iterator:66:0[m[K,
                 from [01m[K/usr/local/include/boost/detail/iterator.hpp:11[m[K,
                 from [01m[K/usr/local/include/boost/array.hpp:50[m[K,
                 from [01m[K/opt/ros/melodic/include/ros/serialization.h:45[m[K,
                 from [01m[K/opt/ros/melodic/include/visualization_msgs/InteractiveMarkerUpdate.h:14[m[K,
                 from [01m[K/opt/ros/melodic/include/interactive_markers/interactive_marker_server.h:35[m[K,
                 from [01m[K/home/accname/programming/ROS/octomap_editing/catkin_ws/src/octomap_editing/include/OEServer.hpp:4[m[K,
                 from [01m[K/home/accname/programming/ROS/octomap_editing/catkin_ws/src/octomap_editing/src/OEServer.cpp:1[m[K:
[01m[K/usr/include/c++/7/bits/stream_iterator.h:137:5:[m[K [01;36m[Knote: [m[Kcandidate: template<class _Tp, class _CharT, class _Traits, class _Dist> bool std::operator!=(const std::istream_iterator<_Tp, _CharT, _Traits, _Dist>&, const std::istream_iterator<_Tp, _CharT, _Traits, _Dist>&)
     [01;36m[Koperator[m[K!=(const istream_iterator<_Tp, _CharT, _Traits, _Dist>& __x,
     [01;36m[K^~~~~~~~[m[K
[01m[K/usr/include/c++/7/bits/stream_iterator.h:137:5:[m[K [01;36m[Knote: [m[K  template argument deduction/substitution failed:
[01m[K/home/accname/programming/ROS/octomap_editing/catkin_ws/src/octomap_editing/src/OEServer.cpp:305:38:[m[K [01;36m[Knote: [m[K  '[01m[Kconst _position_type {aka const geometry_msgs::Point_<std::allocator<void> >}[m[K' is not derived from '[01m[Kconst std::istream_iterator<_Tp, _CharT, _Traits, _Dist>[m[K'
       if (feedback->pose.position != [01;36m[Kp_0[m[K)
                                      [01;36m[K^~~[m[K
In file included from [01m[K/usr/include/c++/7/list:63:0[m[K,
                 from [01m[K/opt/ros/melodic/include/ros/datatypes.h:35[m[K,
                 from [01m[K/opt/ros/melodic/include/ros/serialization.h:40[m[K,
                 from [01m[K/opt/ros/melodic/include/visualization_msgs/InteractiveMarkerUpdate.h:14[m[K,
                 from [01m[K/opt/ros/melodic/include/interactive_markers/interactive_marker_server.h:35[m[K,
                 from [01m[K/home/accname/programming/ROS/octomap_editing/catkin_ws/src/octomap_editing/include/OEServer.hpp:4[m[K,
                 from [01m[K/home/accname/programming/ROS/octomap_editing/catkin_ws/src/octomap_editing/src/OEServer.cpp:1[m[K:
[01m[K/usr/include/c++/7/bits/stl_list.h:1925:5:[m[K [01;36m[Knote: [m[Kcandidate: template<class _Tp, class _Alloc> bool std::operator!=(const std::__cxx11::list<_Tp, _Alloc>&, const std::__cxx11::list<_Tp, _Alloc>&)
     [01;36m[Koperator[m[K!=(const list<_Tp, _Alloc>& __x, const list<_Tp, _Alloc>& __y)
     [01;36m[K^~~~~~~~[m[K
[01m[K/usr/include/c++/7/bits/stl_list.h:1925:5:[m[K [01;36m[Knote: [m[K  template argument deduction/substitution failed:
[01m[K/home/accname/programming/ROS/octomap_editing/catkin_ws/src/octomap_editing/src/OEServer.cpp:305:38:[m[K [01;36m[Knote: [m[K  '[01m[Kconst _position_type {aka const geometry_msgs::Point_<std::allocator<void> >}[m[K' is not derived from '[01m[Kconst std::__cxx11::list<_Tp, _Alloc>[m[K'
       if (feedback->pose.position != [01;36m[Kp_0[m[K)
                                      [01;36m[K^~~[m[K
In file included from [01m[K/usr/include/c++/7/list:63:0[m[K,
                 from [01m[K/opt/ros/melodic/include/ros/datatypes.h:35[m[K,
                 from [01m[K/opt/ros/melodic/include/ros/serialization.h:40[m[K,
                 from [01m[K/opt/ros/melodic/include/visualization_msgs/InteractiveMarkerUpdate.h:14[m[K,
                 from [01m[K/opt/ros/melodic/include/interactive_markers/interactive_marker_server.h:35[m[K,
                 from [01m[K/home/accname/programming/ROS/octomap_editing/catkin_ws/src/octomap_editing/include/OEServer.hpp:4[m[K,
                 from [01m[K/home/accname/programming/ROS/octomap_editing/catkin_ws/src/octomap_editing/src/OEServer.cpp:1[m[K:
[01m[K/usr/include/c++/7/bits/stl_list.h:293:5:[m[K [01;36m[Knote: [m[Kcandidate: template<class _Val> bool std::operator!=(const std::_List_iterator<_Tp>&, const std::_List_const_iterator<_Tp>&)
     [01;36m[Koperator[m[K!=(const _List_iterator<_Val>& __x,
     [01;36m[K^~~~~~~~[m[K
[01m[K/usr/include/c++/7/bits/stl_list.h:293:5:[m[K [01;36m[Knote: [m[K  template argument deduction/substitution failed:
[01m[K/home/accname/programming/ROS/octomap_editing/catkin_ws/src/octomap_editing/src/OEServer.cpp:305:38:[m[K [01;36m[Knote: [m[K  '[01m[Kconst _position_type {aka const geometry_msgs::Point_<std::allocator<void> >}[m[K' is not derived from '[01m[Kconst std::_List_iterator<_Tp>[m[K'
       if (feedback->pose.position != [01;36m[Kp_0[m[K)
                                      [01;36m[K^~~[m[K
In file included from [01m[K/usr/include/c++/7/set:62:0[m[K,
                 from [01m[K/opt/ros/melodic/include/ros/datatypes.h:34[m[K,
                 from [01m[K/opt/ros/melodic/include/ros/serialization.h:40[m[K,
                 from [01m[K/opt/ros/melodic/include/visualization_msgs/InteractiveMarkerUpdate.h:14[m[K,
                 from [01m[K/opt/ros/melodic/include/interactive_markers/interactive_marker_server.h:35[m[K,
                 from [01m[K/home/accname/programming/ROS/octomap_editing/catkin_ws/src/octomap_editing/include/OEServer.hpp:4[m[K,
                 from [01m[K/home/accname/programming/ROS/octomap_editing/catkin_ws/src/octomap_editing/src/OEServer.cpp:1[m[K:
[01m[K/usr/include/c++/7/bits/stl_multiset.h:920:5:[m[K [01;36m[Knote: [m[Kcandidate: template<class _Key, class _Compare, class _Alloc> bool std::operator!=(const std::multiset<_Key, _Compare, _Alloc>&, const std::multiset<_Key, _Compare, _Alloc>&)
     [01;36m[Koperator[m[K!=(const multiset<_Key, _Compare, _Alloc>& __x,
     [01;36m[K^~~~~~~~[m[K
[01m[K/usr/include/c++/7/bits/stl_multiset.h:920:5:[m[K [01;36m[Knote: [m[K  template argument deduction/substitution failed:
[01m[K/home/accname/programming/ROS/octomap_editing/catkin_ws/src/octomap_editing/src/OEServer.cpp:305:38:[m[K [01;36m[Knote: [m[K  '[01m[Kconst _position_type {aka const geometry_msgs::Point_<std::allocator<void> >}[m[K' is not derived from '[01m[Kconst std::multiset<_Key, _Compare, _Alloc>[m[K'
       if (feedback->pose.position != [01;36m[Kp_0[m[K)
                                      [01;36m[K^~~[m[K
In file included from [01m[K/usr/include/c++/7/set:61:0[m[K,
                 from [01m[K/opt/ros/melodic/include/ros/datatypes.h:34[m[K,
                 from [01m[K/opt/ros/melodic/include/ros/serialization.h:40[m[K,
                 from [01m[K/opt/ros/melodic/include/visualization_msgs/InteractiveMarkerUpdate.h:14[m[K,
                 from [01m[K/opt/ros/melodic/include/interactive_markers/interactive_marker_server.h:35[m[K,
                 from [01m[K/home/accname/programming/ROS/octomap_editing/catkin_ws/src/octomap_editing/include/OEServer.hpp:4[m[K,
                 from [01m[K/home/accname/programming/ROS/octomap_editing/catkin_ws/src/octomap_editing/src/OEServer.cpp:1[m[K:
[01m[K/usr/include/c++/7/bits/stl_set.h:937:5:[m[K [01;36m[Knote: [m[Kcandidate: template<class _Key, class _Compare, class _Alloc> bool std::operator!=(const std::set<_Key, _Compare, _Alloc>&, const std::set<_Key, _Compare, _Alloc>&)
     [01;36m[Koperator[m[K!=(const set<_Key, _Compare, _Alloc>& __x,
     [01;36m[K^~~~~~~~[m[K
[01m[K/usr/include/c++/7/bits/stl_set.h:937:5:[m[K [01;36m[Knote: [m[K  template argument deduction/substitution failed:
[01m[K/home/accname/programming/ROS/octomap_editing/catkin_ws/src/octomap_editing/src/OEServer.cpp:305:38:[m[K [01;36m[Knote: [m[K  '[01m[Kconst _position_type {aka const geometry_msgs::Point_<std::allocator<void> >}[m[K' is not derived from '[01m[Kconst std::set<_Key, _Compare, _Alloc>[m[K'
       if (feedback->pose.position != [01;36m[Kp_0[m[K)
                                      [01;36m[K^~~[m[K
In file included from [01m[K/usr/include/c++/7/functional:58:0[m[K,
                 from [01m[K/usr/local/include/boost/smart_ptr/detail/shared_count.hpp:39[m[K,
                 from [01m[K/usr/local/include/boost/smart_ptr/shared_ptr.hpp:28[m[K,
                 from [01m[K/usr/local/include/boost/smart_ptr/shared_array.hpp:24[m[K,
                 from [01m[K/usr/local/include/boost/shared_array.hpp:17[m[K,
                 from [01m[K/opt/ros/melodic/include/ros/serialized_message.h:33[m[K,
                 from [01m[K/opt/ros/melodic/include/ros/serialization.h:36[m[K,
                 from [01m[K/opt/ros/melodic/include/visualization_msgs/InteractiveMarkerUpdate.h:14[m[K,
                 from [01m[K/opt/ros/melodic/include/interactive_markers/interactive_marker_server.h:35[m[K,
                 from [01m[K/home/accname/programming/ROS/octomap_editing/catkin_ws/src/octomap_editing/include/OEServer.hpp:4[m[K,
                 from [01m[K/home/accname/programming/ROS/octomap_editing/catkin_ws/src/octomap_editing/src/OEServer.cpp:1[m[K:
[01m[K/usr/include/c++/7/bits/std_function.h:788:5:[m[K [01;36m[Knote: [m[Kcandidate: template<class _Res, class ... _Args> bool std::operator!=(std::nullptr_t, const std::function<_Res(_ArgTypes ...)>&)
     [01;36m[Koperator[m[K!=(nullptr_t, const function<_Res(_Args...)>& __f) noexcept
     [01;36m[K^~~~~~~~[m[K
[01m[K/usr/include/c++/7/bits/std_function.h:788:5:[m[K [01;36m[Knote: [m[K  template argument deduction/substitution failed:
[01m[K/home/accname/programming/ROS/octomap_editing/catkin_ws/src/octomap_editing/src/OEServer.cpp:305:38:[m[K [01;36m[Knote: [m[K  '[01m[Kgeometry_msgs::Point {aka geometry_msgs::Point_<std::allocator<void> >}[m[K' is not derived from '[01m[Kconst std::function<_Res(_ArgTypes ...)>[m[K'
       if (feedback->pose.position != [01;36m[Kp_0[m[K)
                                      [01;36m[K^~~[m[K
In file included from [01m[K/usr/include/c++/7/functional:58:0[m[K,
                 from [01m[K/usr/local/include/boost/smart_ptr/detail/shared_count.hpp:39[m[K,
                 from [01m[K/usr/local/include/boost/smart_ptr/shared_ptr.hpp:28[m[K,
                 from [01m[K/usr/local/include/boost/smart_ptr/shared_array.hpp:24[m[K,
                 from [01m[K/usr/local/include/boost/shared_array.hpp:17[m[K,
                 from [01m[K/opt/ros/melodic/include/ros/serialized_message.h:33[m[K,
                 from [01m[K/opt/ros/melodic/include/ros/serialization.h:36[m[K,
                 from [01m[K/opt/ros/melodic/include/visualization_msgs/InteractiveMarkerUpdate.h:14[m[K,
                 from [01m[K/opt/ros/melodic/include/interactive_markers/interactive_marker_server.h:35[m[K,
                 from [01m[K/home/accname/programming/ROS/octomap_editing/catkin_ws/src/octomap_editing/include/OEServer.hpp:4[m[K,
                 from [01m[K/home/accname/programming/ROS/octomap_editing/catkin_ws/src/octomap_editing/src/OEServer.cpp:1[m[K:
[01m[K/usr/include/c++/7/bits/std_function.h:782:5:[m[K [01;36m[Knote: [m[Kcandidate: template<class _Res, class ... _Args> bool std::operator!=(const std::function<_Res(_ArgTypes ...)>&, std::nullptr_t)
     [01;36m[Koperator[m[K!=(const function<_Res(_Args...)>& __f, nullptr_t) noexcept
     [01;36m[K^~~~~~~~[m[K
[01m[K/usr/include/c++/7/bits/std_function.h:782:5:[m[K [01;36m[Knote: [m[K  template argument deduction/substitution failed:
[01m[K/home/accname/programming/ROS/octomap_editing/catkin_ws/src/octomap_editing/src/OEServer.cpp:305:38:[m[K [01;36m[Knote: [m[K  '[01m[Kconst _position_type {aka const geometry_msgs::Point_<std::allocator<void> >}[m[K' is not derived from '[01m[Kconst std::function<_Res(_ArgTypes ...)>[m[K'
       if (feedback->pose.position != [01;36m[Kp_0[m[K)
                                      [01;36m[K^~~[m[K
In file included from [01m[K/usr/include/c++/7/memory:81:0[m[K,
                 from [01m[K/usr/local/include/boost/smart_ptr/shared_array.hpp:19[m[K,
                 from [01m[K/usr/local/include/boost/shared_array.hpp:17[m[K,
                 from [01m[K/opt/ros/melodic/include/ros/serialized_message.h:33[m[K,
                 from [01m[K/opt/ros/melodic/include/ros/serialization.h:36[m[K,
                 from [01m[K/opt/ros/melodic/include/visualization_msgs/InteractiveMarkerUpdate.h:14[m[K,
                 from [01m[K/opt/ros/melodic/include/interactive_markers/interactive_marker_server.h:35[m[K,
                 from [01m[K/home/accname/programming/ROS/octomap_editing/catkin_ws/src/octomap_editing/include/OEServer.hpp:4[m[K,
                 from [01m[K/home/accname/programming/ROS/octomap_editing/catkin_ws/src/octomap_editing/src/OEServer.cpp:1[m[K:
[01m[K/usr/include/c++/7/bits/shared_ptr.h:393:5:[m[K [01;36m[Knote: [m[Kcandidate: template<class _Tp> bool std::operator!=(std::nullptr_t, const std::shared_ptr<_Tp>&)
     [01;36m[Koperator[m[K!=(nullptr_t, const shared_ptr<_Tp>& __a) noexcept
     [01;36m[K^~~~~~~~[m[K
[01m[K/usr/include/c++/7/bits/shared_ptr.h:393:5:[m[K [01;36m[Knote: [m[K  template argument deduction/substitution failed:
[01m[K/home/accname/programming/ROS/octomap_editing/catkin_ws/src/octomap_editing/src/OEServer.cpp:305:38:[m[K [01;36m[Knote: [m[K  '[01m[Kgeometry_msgs::Point {aka geometry_msgs::Point_<std::allocator<void> >}[m[K' is not derived from '[01m[Kconst std::shared_ptr<_Tp>[m[K'
       if (feedback->pose.position != [01;36m[Kp_0[m[K)
                                      [01;36m[K^~~[m[K
In file included from [01m[K/usr/include/c++/7/memory:81:0[m[K,
                 from [01m[K/usr/local/include/boost/smart_ptr/shared_array.hpp:19[m[K,
                 from [01m[K/usr/local/include/boost/shared_array.hpp:17[m[K,
                 from [01m[K/opt/ros/melodic/include/ros/serialized_message.h:33[m[K,
                 from [01m[K/opt/ros/melodic/include/ros/serialization.h:36[m[K,
                 from [01m[K/opt/ros/melodic/include/visualization_msgs/InteractiveMarkerUpdate.h:14[m[K,
                 from [01m[K/opt/ros/melodic/include/interactive_markers/interactive_marker_server.h:35[m[K,
                 from [01m[K/home/accname/programming/ROS/octomap_editing/catkin_ws/src/octomap_editing/include/OEServer.hpp:4[m[K,
                 from [01m[K/home/accname/programming/ROS/octomap_editing/catkin_ws/src/octomap_editing/src/OEServer.cpp:1[m[K:
[01m[K/usr/include/c++/7/bits/shared_ptr.h:388:5:[m[K [01;36m[Knote: [m[Kcandidate: template<class _Tp> bool std::operator!=(const std::shared_ptr<_Tp>&, std::nullptr_t)
     [01;36m[Koperator[m[K!=(const shared_ptr<_Tp>& __a, nullptr_t) noexcept
     [01;36m[K^~~~~~~~[m[K
[01m[K/usr/include/c++/7/bits/shared_ptr.h:388:5:[m[K [01;36m[Knote: [m[K  template argument deduction/substitution failed:
[01m[K/home/accname/programming/ROS/octomap_editing/catkin_ws/src/octomap_editing/src/OEServer.cpp:305:38:[m[K [01;36m[Knote: [m[K  '[01m[Kconst _position_type {aka const geometry_msgs::Point_<std::allocator<void> >}[m[K' is not derived from '[01m[Kconst std::shared_ptr<_Tp>[m[K'
       if (feedback->pose.position != [01;36m[Kp_0[m[K)
                                      [01;36m[K^~~[m[K
In file included from [01m[K/usr/include/c++/7/memory:81:0[m[K,
                 from [01m[K/usr/local/include/boost/smart_ptr/shared_array.hpp:19[m[K,
                 from [01m[K/usr/local/include/boost/shared_array.hpp:17[m[K,
                 from [01m[K/opt/ros/melodic/include/ros/serialized_message.h:33[m[K,
                 from [01m[K/opt/ros/melodic/include/ros/serialization.h:36[m[K,
                 from [01m[K/opt/ros/melodic/include/visualization_msgs/InteractiveMarkerUpdate.h:14[m[K,
                 from [01m[K/opt/ros/melodic/include/interactive_markers/interactive_marker_server.h:35[m[K,
                 from [01m[K/home/accname/programming/ROS/octomap_editing/catkin_ws/src/octomap_editing/include/OEServer.hpp:4[m[K,
                 from [01m[K/home/accname/programming/ROS/octomap_editing/catkin_ws/src/octomap_editing/src/OEServer.cpp:1[m[K:
[01m[K/usr/include/c++/7/bits/shared_ptr.h:383:5:[m[K [01;36m[Knote: [m[Kcandidate: template<class _Tp, class _Up> bool std::operator!=(const std::shared_ptr<_Tp>&, const std::shared_ptr<_Up>&)
     [01;36m[Koperator[m[K!=(const shared_ptr<_Tp>& __a, const shared_ptr<_Up>& __b) noexcept
     [01;36m[K^~~~~~~~[m[K
[01m[K/usr/include/c++/7/bits/shared_ptr.h:383:5:[m[K [01;36m[Knote: [m[K  template argument deduction/substitution failed:
[01m[K/home/accname/programming/ROS/octomap_editing/catkin_ws/src/octomap_editing/src/OEServer.cpp:305:38:[m[K [01;36m[Knote: [m[K  '[01m[Kconst _position_type {aka const geometry_msgs::Point_<std::allocator<void> >}[m[K' is not derived from '[01m[Kconst std::shared_ptr<_Tp>[m[K'
       if (feedback->pose.position != [01;36m[Kp_0[m[K)
                                      [01;36m[K^~~[m[K
In file included from [01m[K/usr/include/c++/7/bits/shared_ptr.h:52:0[m[K,
                 from [01m[K/usr/include/c++/7/memory:81[m[K,
                 from [01m[K/usr/local/include/boost/smart_ptr/shared_array.hpp:19[m[K,
                 from [01m[K/usr/local/include/boost/shared_array.hpp:17[m[K,
                 from [01m[K/opt/ros/melodic/include/ros/serialized_message.h:33[m[K,
                 from [01m[K/opt/ros/melodic/include/ros/serialization.h:36[m[K,
                 from [01m[K/opt/ros/melodic/include/visualization_msgs/InteractiveMarkerUpdate.h:14[m[K,
                 from [01m[K/opt/ros/melodic/include/interactive_markers/interactive_marker_server.h:35[m[K,
                 from [01m[K/home/accname/programming/ROS/octomap_editing/catkin_ws/src/octomap_editing/include/OEServer.hpp:4[m[K,
                 from [01m[K/home/accname/programming/ROS/octomap_editing/catkin_ws/src/octomap_editing/src/OEServer.cpp:1[m[K:
[01m[K/usr/include/c++/7/bits/shared_ptr_base.h:1436:5:[m[K [01;36m[Knote: [m[Kcandidate: template<class _Tp, __gnu_cxx::_Lock_policy _Lp> bool std::operator!=(std::nullptr_t, const std::__shared_ptr<_Tp, _Lp>&)
     [01;36m[Koperator[m[K!=(nullptr_t, const __shared_ptr<_Tp, _Lp>& __a) noexcept
     [01;36m[K^~~~~~~~[m[K
[01m[K/usr/include/c++/7/bits/shared_ptr_base.h:1436:5:[m[K [01;36m[Knote: [m[K  template argument deduction/substitution failed:
[01m[K/home/accname/programming/ROS/octomap_editing/catkin_ws/src/octomap_editing/src/OEServer.cpp:305:38:[m[K [01;36m[Knote: [m[K  '[01m[Kgeometry_msgs::Point {aka geometry_msgs::Point_<std::allocator<void> >}[m[K' is not derived from '[01m[Kconst std::__shared_ptr<_Tp, _Lp>[m[K'
       if (feedback->pose.position != [01;36m[Kp_0[m[K)
                                      [01;36m[K^~~[m[K
In file included from [01m[K/usr/include/c++/7/bits/shared_ptr.h:52:0[m[K,
                 from [01m[K/usr/include/c++/7/memory:81[m[K,
                 from [01m[K/usr/local/include/boost/smart_ptr/shared_array.hpp:19[m[K,
                 from [01m[K/usr/local/include/boost/shared_array.hpp:17[m[K,
                 from [01m[K/opt/ros/melodic/include/ros/serialized_message.h:33[m[K,
                 from [01m[K/opt/ros/melodic/include/ros/serialization.h:36[m[K,
                 from [01m[K/opt/ros/melodic/include/visualization_msgs/InteractiveMarkerUpdate.h:14[m[K,
                 from [01m[K/opt/ros/melodic/include/interactive_markers/interactive_marker_server.h:35[m[K,
                 from [01m[K/home/accname/programming/ROS/octomap_editing/catkin_ws/src/octomap_editing/include/OEServer.hpp:4[m[K,
                 from [01m[K/home/accname/programming/ROS/octomap_editing/catkin_ws/src/octomap_editing/src/OEServer.cpp:1[m[K:
[01m[K/usr/include/c++/7/bits/shared_ptr_base.h:1431:5:[m[K [01;36m[Knote: [m[Kcandidate: template<class _Tp, __gnu_cxx::_Lock_policy _Lp> bool std::operator!=(const std::__shared_ptr<_Tp, _Lp>&, std::nullptr_t)
     [01;36m[Koperator[m[K!=(const __shared_ptr<_Tp, _Lp>& __a, nullptr_t) noexcept
     [01;36m[K^~~~~~~~[m[K
[01m[K/usr/include/c++/7/bits/shared_ptr_base.h:1431:5:[m[K [01;36m[Knote: [m[K  template argument deduction/substitution failed:
[01m[K/home/accname/programming/ROS/octomap_editing/catkin_ws/src/octomap_editing/src/OEServer.cpp:305:38:[m[K [01;36m[Knote: [m[K  '[01m[Kconst _position_type {aka const geometry_msgs::Point_<std::allocator<void> >}[m[K' is not derived from '[01m[Kconst std::__shared_ptr<_Tp, _Lp>[m[K'
       if (feedback->pose.position != [01;36m[Kp_0[m[K)
                                      [01;36m[K^~~[m[K
In file included from [01m[K/usr/include/c++/7/bits/shared_ptr.h:52:0[m[K,
                 from [01m[K/usr/include/c++/7/memory:81[m[K,
                 from [01m[K/usr/local/include/boost/smart_ptr/shared_array.hpp:19[m[K,
                 from [01m[K/usr/local/include/boost/shared_array.hpp:17[m[K,
                 from [01m[K/opt/ros/melodic/include/ros/serialized_message.h:33[m[K,
                 from [01m[K/opt/ros/melodic/include/ros/serialization.h:36[m[K,
                 from [01m[K/opt/ros/melodic/include/visualization_msgs/InteractiveMarkerUpdate.h:14[m[K,
                 from [01m[K/opt/ros/melodic/include/interactive_markers/interactive_marker_server.h:35[m[K,
                 from [01m[K/home/accname/programming/ROS/octomap_editing/catkin_ws/src/octomap_editing/include/OEServer.hpp:4[m[K,
                 from [01m[K/home/accname/programming/ROS/octomap_editing/catkin_ws/src/octomap_editing/src/OEServer.cpp:1[m[K:
[01m[K/usr/include/c++/7/bits/shared_ptr_base.h:1425:5:[m[K [01;36m[Knote: [m[Kcandidate: template<class _Tp1, class _Tp2, __gnu_cxx::_Lock_policy _Lp> bool std::operator!=(const std::__shared_ptr<_Tp1, _Lp>&, const std::__shared_ptr<_Tp2, _Lp>&)
     [01;36m[Koperator[m[K!=(const __shared_ptr<_Tp1, _Lp>& __a,
     [01;36m[K^~~~~~~~[m[K
[01m[K/usr/include/c++/7/bits/shared_ptr_base.h:1425:5:[m[K [01;36m[Knote: [m[K  template argument deduction/substitution failed:
[01m[K/home/accname/programming/ROS/octomap_editing/catkin_ws/src/octomap_editing/src/OEServer.cpp:305:38:[m[K [01;36m[Knote: [m[K  '[01m[Kconst _position_type {aka const geometry_msgs::Point_<std::allocator<void> >}[m[K' is not derived from '[01m[Kconst std::__shared_ptr<_Tp1, _Lp>[m[K'
       if (feedback->pose.position != [01;36m[Kp_0[m[K)
                                      [01;36m[K^~~[m[K
In file included from [01m[K/usr/local/include/boost/config/no_tr1/complex.hpp:21:0[m[K,
                 from [01m[K/usr/local/include/boost/math/policies/error_handling.hpp:17[m[K,
                 from [01m[K/usr/local/include/boost/math/special_functions/round.hpp:14[m[K,
                 from [01m[K/opt/ros/melodic/include/ros/time.h:58[m[K,
                 from [01m[K/opt/ros/melodic/include/ros/serialization.h:34[m[K,
                 from [01m[K/opt/ros/melodic/include/visualization_msgs/InteractiveMarkerUpdate.h:14[m[K,
                 from [01m[K/opt/ros/melodic/include/interactive_markers/interactive_marker_server.h:35[m[K,
                 from [01m[K/home/accname/programming/ROS/octomap_editing/catkin_ws/src/octomap_editing/include/OEServer.hpp:4[m[K,
                 from [01m[K/home/accname/programming/ROS/octomap_editing/catkin_ws/src/octomap_editing/src/OEServer.cpp:1[m[K:
[01m[K/usr/include/c++/7/complex:486:5:[m[K [01;36m[Knote: [m[Kcandidate: template<class _Tp> constexpr bool std::operator!=(const _Tp&, const std::complex<_Tp>&)
     [01;36m[Koperator[m[K!=(const _Tp& __x, const complex<_Tp>& __y)
     [01;36m[K^~~~~~~~[m[K
[01m[K/usr/include/c++/7/complex:486:5:[m[K [01;36m[Knote: [m[K  template argument deduction/substitution failed:
[01m[K/home/accname/programming/ROS/octomap_editing/catkin_ws/src/octomap_editing/src/OEServer.cpp:305:38:[m[K [01;36m[Knote: [m[K  '[01m[Kgeometry_msgs::Point {aka geometry_msgs::Point_<std::allocator<void> >}[m[K' is not derived from '[01m[Kconst std::complex<_Tp>[m[K'
       if (feedback->pose.position != [01;36m[Kp_0[m[K)
                                      [01;36m[K^~~[m[K
In file included from [01m[K/usr/local/include/boost/config/no_tr1/complex.hpp:21:0[m[K,
                 from [01m[K/usr/local/include/boost/math/policies/error_handling.hpp:17[m[K,
                 from [01m[K/usr/local/include/boost/math/special_functions/round.hpp:14[m[K,
                 from [01m[K/opt/ros/melodic/include/ros/time.h:58[m[K,
                 from [01m[K/opt/ros/melodic/include/ros/serialization.h:34[m[K,
                 from [01m[K/opt/ros/melodic/include/visualization_msgs/InteractiveMarkerUpdate.h:14[m[K,
                 from [01m[K/opt/ros/melodic/include/interactive_markers/interactive_marker_server.h:35[m[K,
                 from [01m[K/home/accname/programming/ROS/octomap_editing/catkin_ws/src/octomap_editing/include/OEServer.hpp:4[m[K,
                 from [01m[K/home/accname/programming/ROS/octomap_editing/catkin_ws/src/octomap_editing/src/OEServer.cpp:1[m[K:
[01m[K/usr/include/c++/7/complex:481:5:[m[K [01;36m[Knote: [m[Kcandidate: template<class _Tp> constexpr bool std::operator!=(const std::complex<_Tp>&, const _Tp&)
     [01;36m[Koperator[m[K!=(const complex<_Tp>& __x, const _Tp& __y)
     [01;36m[K^~~~~~~~[m[K
[01m[K/usr/include/c++/7/complex:481:5:[m[K [01;36m[Knote: [m[K  template argument deduction/substitution failed:
[01m[K/home/accname/programming/ROS/octomap_editing/catkin_ws/src/octomap_editing/src/OEServer.cpp:305:38:[m[K [01;36m[Knote: [m[K  '[01m[Kconst _position_type {aka const geometry_msgs::Point_<std::allocator<void> >}[m[K' is not derived from '[01m[Kconst std::complex<_Tp>[m[K'
       if (feedback->pose.position != [01;36m[Kp_0[m[K)
                                      [01;36m[K^~~[m[K
In file included from [01m[K/usr/local/include/boost/config/no_tr1/complex.hpp:21:0[m[K,
                 from [01m[K/usr/local/include/boost/math/policies/error_handling.hpp:17[m[K,
                 from [01m[K/usr/local/include/boost/math/special_functions/round.hpp:14[m[K,
                 from [01m[K/opt/ros/melodic/include/ros/time.h:58[m[K,
                 from [01m[K/opt/ros/melodic/include/ros/serialization.h:34[m[K,
                 from [01m[K/opt/ros/melodic/include/visualization_msgs/InteractiveMarkerUpdate.h:14[m[K,
                 from [01m[K/opt/ros/melodic/include/interactive_markers/interactive_marker_server.h:35[m[K,
                 from [01m[K/home/accname/programming/ROS/octomap_editing/catkin_ws/src/octomap_editing/include/OEServer.hpp:4[m[K,
                 from [01m[K/home/accname/programming/ROS/octomap_editing/catkin_ws/src/octomap_editing/src/OEServer.cpp:1[m[K:
[01m[K/usr/include/c++/7/complex:476:5:[m[K [01;36m[Knote: [m[Kcandidate: template<class _Tp> constexpr bool std::operator!=(const std::complex<_Tp>&, const std::complex<_Tp>&)
     [01;36m[Koperator[m[K!=(const complex<_Tp>& __x, const complex<_Tp>& __y)
     [01;36m[K^~~~~~~~[m[K
[01m[K/usr/include/c++/7/complex:476:5:[m[K [01;36m[Knote: [m[K  template argument deduction/substitution failed:
[01m[K/home/accname/programming/ROS/octomap_editing/catkin_ws/src/octomap_editing/src/OEServer.cpp:305:38:[m[K [01;36m[Knote: [m[K  '[01m[Kconst _position_type {aka const geometry_msgs::Point_<std::allocator<void> >}[m[K' is not derived from '[01m[Kconst std::complex<_Tp>[m[K'
       if (feedback->pose.position != [01;36m[Kp_0[m[K)
                                      [01;36m[K^~~[m[K
In file included from [01m[K/usr/include/c++/7/bits/locale_conv.h:41:0[m[K,
                 from [01m[K/usr/include/c++/7/locale:43[m[K,
                 from [01m[K/usr/include/c++/7/iomanip:43[m[K,
                 from [01m[K/usr/local/include/boost/math/policies/error_handling.hpp:12[m[K,
                 from [01m[K/usr/local/include/boost/math/special_functions/round.hpp:14[m[K,
                 from [01m[K/opt/ros/melodic/include/ros/time.h:58[m[K,
                 from [01m[K/opt/ros/melodic/include/ros/serialization.h:34[m[K,
                 from [01m[K/opt/ros/melodic/include/visualization_msgs/InteractiveMarkerUpdate.h:14[m[K,
                 from [01m[K/opt/ros/melodic/include/interactive_markers/interactive_marker_server.h:35[m[K,
                 from [01m[K/home/accname/programming/ROS/octomap_editing/catkin_ws/src/octomap_editing/include/OEServer.hpp:4[m[K,
                 from [01m[K/home/accname/programming/ROS/octomap_editing/catkin_ws/src/octomap_editing/src/OEServer.cpp:1[m[K:
[01m[K/usr/include/c++/7/bits/unique_ptr.h:711:5:[m[K [01;36m[Knote: [m[Kcandidate: template<class _Tp, class _Dp> bool std::operator!=(std::nullptr_t, const std::unique_ptr<_Tp, _Dp>&)
     [01;36m[Koperator[m[K!=(nullptr_t, const unique_ptr<_Tp, _Dp>& __x) noexcept
     [01;36m[K^~~~~~~~[m[K
[01m[K/usr/include/c++/7/bits/unique_ptr.h:711:5:[m[K [01;36m[Knote: [m[K  template argument deduction/substitution failed:
[01m[K/home/accname/programming/ROS/octomap_editing/catkin_ws/src/octomap_editing/src/OEServer.cpp:305:38:[m[K [01;36m[Knote: [m[K  '[01m[Kgeometry_msgs::Point {aka geometry_msgs::Point_<std::allocator<void> >}[m[K' is not derived from '[01m[Kconst std::unique_ptr<_Tp, _Dp>[m[K'
       if (feedback->pose.position != [01;36m[Kp_0[m[K)
                                      [01;36m[K^~~[m[K
In file included from [01m[K/usr/include/c++/7/bits/locale_conv.h:41:0[m[K,
                 from [01m[K/usr/include/c++/7/locale:43[m[K,
                 from [01m[K/usr/include/c++/7/iomanip:43[m[K,
                 from [01m[K/usr/local/include/boost/math/policies/error_handling.hpp:12[m[K,
                 from [01m[K/usr/local/include/boost/math/special_functions/round.hpp:14[m[K,
                 from [01m[K/opt/ros/melodic/include/ros/time.h:58[m[K,
                 from [01m[K/opt/ros/melodic/include/ros/serialization.h:34[m[K,
                 from [01m[K/opt/ros/melodic/include/visualization_msgs/InteractiveMarkerUpdate.h:14[m[K,
                 from [01m[K/opt/ros/melodic/include/interactive_markers/interactive_marker_server.h:35[m[K,
                 from [01m[K/home/accname/programming/ROS/octomap_editing/catkin_ws/src/octomap_editing/include/OEServer.hpp:4[m[K,
                 from [01m[K/home/accname/programming/ROS/octomap_editing/catkin_ws/src/octomap_editing/src/OEServer.cpp:1[m[K:
[01m[K/usr/include/c++/7/bits/unique_ptr.h:706:5:[m[K [01;36m[Knote: [m[Kcandidate: template<class _Tp, class _Dp> bool std::operator!=(const std::unique_ptr<_Tp, _Dp>&, std::nullptr_t)
     [01;36m[Koperator[m[K!=(const unique_ptr<_Tp, _Dp>& __x, nullptr_t) noexcept
     [01;36m[K^~~~~~~~[m[K
[01m[K/usr/include/c++/7/bits/unique_ptr.h:706:5:[m[K [01;36m[Knote: [m[K  template argument deduction/substitution failed:
[01m[K/home/accname/programming/ROS/octomap_editing/catkin_ws/src/octomap_editing/src/OEServer.cpp:305:38:[m[K [01;36m[Knote: [m[K  '[01m[Kconst _position_type {aka const geometry_msgs::Point_<std::allocator<void> >}[m[K' is not derived from '[01m[Kconst std::unique_ptr<_Tp, _Dp>[m[K'
       if (feedback->pose.position != [01;36m[Kp_0[m[K)
                                      [01;36m[K^~~[m[K
In file included from [01m[K/usr/include/c++/7/bits/locale_conv.h:41:0[m[K,
                 from [01m[K/usr/include/c++/7/locale:43[m[K,
                 from [01m[K/usr/include/c++/7/iomanip:43[m[K,
                 from [01m[K/usr/local/include/boost/math/policies/error_handling.hpp:12[m[K,
                 from [01m[K/usr/local/include/boost/math/special_functions/round.hpp:14[m[K,
                 from [01m[K/opt/ros/melodic/include/ros/time.h:58[m[K,
                 from [01m[K/opt/ros/melodic/include/ros/serialization.h:34[m[K,
                 from [01m[K/opt/ros/melodic/include/visualization_msgs/InteractiveMarkerUpdate.h:14[m[K,
                 from [01m[K/opt/ros/melodic/include/interactive_markers/interactive_marker_server.h:35[m[K,
                 from [01m[K/home/accname/programming/ROS/octomap_editing/catkin_ws/src/octomap_editing/include/OEServer.hpp:4[m[K,
                 from [01m[K/home/accname/programming/ROS/octomap_editing/catkin_ws/src/octomap_editing/src/OEServer.cpp:1[m[K:
[01m[K/usr/include/c++/7/bits/unique_ptr.h:700:5:[m[K [01;36m[Knote: [m[Kcandidate: template<class _Tp, class _Dp, class _Up, class _Ep> bool std::operator!=(const std::unique_ptr<_Tp, _Dp>&, const std::unique_ptr<_Up, _Ep>&)
     [01;36m[Koperator[m[K!=(const unique_ptr<_Tp, _Dp>& __x,
     [01;36m[K^~~~~~~~[m[K
[01m[K/usr/include/c++/7/bits/unique_ptr.h:700:5:[m[K [01;36m[Knote: [m[K  template argument deduction/substitution failed:
[01m[K/home/accname/programming/ROS/octomap_editing/catkin_ws/src/octomap_editing/src/OEServer.cpp:305:38:[m[K [01;36m[Knote: [m[K  '[01m[Kconst _position_type {aka const geometry_msgs::Point_<std::allocator<void> >}[m[K' is not derived from '[01m[Kconst std::unique_ptr<_Tp, _Dp>[m[K'
       if (feedback->pose.position != [01;36m[Kp_0[m[K)
                                      [01;36m[K^~~[m[K
In file included from [01m[K/usr/include/c++/7/bits/locale_facets.h:48:0[m[K,
                 from [01m[K/usr/include/c++/7/bits/basic_ios.h:37[m[K,
                 from [01m[K/usr/include/c++/7/ios:44[m[K,
                 from [01m[K/usr/include/c++/7/ostream:38[m[K,
                 from [01m[K/usr/include/c++/7/iostream:39[m[K,
                 from [01m[K/opt/ros/melodic/include/ros/time.h:54[m[K,
                 from [01m[K/opt/ros/melodic/include/ros/serialization.h:34[m[K,
                 from [01m[K/opt/ros/melodic/include/visualization_msgs/InteractiveMarkerUpdate.h:14[m[K,
                 from [01m[K/opt/ros/melodic/include/interactive_markers/interactive_marker_server.h:35[m[K,
                 from [01m[K/home/accname/programming/ROS/octomap_editing/catkin_ws/src/octomap_editing/include/OEServer.hpp:4[m[K,
                 from [01m[K/home/accname/programming/ROS/octomap_editing/catkin_ws/src/octomap_editing/src/OEServer.cpp:1[m[K:
[01m[K/usr/include/c++/7/bits/streambuf_iterator.h:210:5:[m[K [01;36m[Knote: [m[Kcandidate: template<class _CharT, class _Traits> bool std::operator!=(const std::istreambuf_iterator<_CharT, _Traits>&, const std::istreambuf_iterator<_CharT, _Traits>&)
     [01;36m[Koperator[m[K!=(const istreambuf_iterator<_CharT, _Traits>& __a,
     [01;36m[K^~~~~~~~[m[K
[01m[K/usr/include/c++/7/bits/streambuf_iterator.h:210:5:[m[K [01;36m[Knote: [m[K  template argument deduction/substitution failed:
[01m[K/home/accname/programming/ROS/octomap_editing/catkin_ws/src/octomap_editing/src/OEServer.cpp:305:38:[m[K [01;36m[Knote: [m[K  '[01m[Kconst _position_type {aka const geometry_msgs::Point_<std::allocator<void> >}[m[K' is not derived from '[01m[Kconst std::istreambuf_iterator<_CharT, _Traits>[m[K'
       if (feedback->pose.position != [01;36m[Kp_0[m[K)
                                      [01;36m[K^~~[m[K
In file included from [01m[K/usr/include/c++/7/bits/ios_base.h:46:0[m[K,
                 from [01m[K/usr/include/c++/7/ios:42[m[K,
                 from [01m[K/usr/include/c++/7/ostream:38[m[K,
                 from [01m[K/usr/include/c++/7/iostream:39[m[K,
                 from [01m[K/opt/ros/melodic/include/ros/time.h:54[m[K,
                 from [01m[K/opt/ros/melodic/include/ros/serialization.h:34[m[K,
                 from [01m[K/opt/ros/melodic/include/visualization_msgs/InteractiveMarkerUpdate.h:14[m[K,
                 from [01m[K/opt/ros/melodic/include/interactive_markers/interactive_marker_server.h:35[m[K,
                 from [01m[K/home/accname/programming/ROS/octomap_editing/catkin_ws/src/octomap_editing/include/OEServer.hpp:4[m[K,
                 from [01m[K/home/accname/programming/ROS/octomap_editing/catkin_ws/src/octomap_editing/src/OEServer.cpp:1[m[K:
[01m[K/usr/include/c++/7/system_error:331:3:[m[K [01;36m[Knote: [m[Kcandidate: bool std::operator!=(const std::error_condition&, const std::error_condition&)
   [01;36m[Koperator[m[K!=(const error_condition& __lhs,
   [01;36m[K^~~~~~~~[m[K
[01m[K/usr/include/c++/7/system_error:331:3:[m[K [01;36m[Knote: [m[K  no known conversion for argument 1 from '[01m[Kconst _position_type {aka const geometry_msgs::Point_<std::allocator<void> >}[m[K' to '[01m[Kconst std::error_condition&[m[K'
[01m[K/usr/include/c++/7/system_error:327:3:[m[K [01;36m[Knote: [m[Kcandidate: bool std::operator!=(const std::error_condition&, const std::error_code&)
   [01;36m[Koperator[m[K!=(const error_condition& __lhs, const error_code& __rhs) noexcept
   [01;36m[K^~~~~~~~[m[K
[01m[K/usr/include/c++/7/system_error:327:3:[m[K [01;36m[Knote: [m[K  no known conversion for argument 1 from '[01m[Kconst _position_type {aka const geometry_msgs::Point_<std::allocator<void> >}[m[K' to '[01m[Kconst std::error_condition&[m[K'
[01m[K/usr/include/c++/7/system_error:323:3:[m[K [01;36m[Knote: [m[Kcandidate: bool std::operator!=(const std::error_code&, const std::error_condition&)
   [01;36m[Koperator[m[K!=(const error_code& __lhs, const error_condition& __rhs) noexcept
   [01;36m[K^~~~~~~~[m[K
[01m[K/usr/include/c++/7/system_error:323:3:[m[K [01;36m[Knote: [m[K  no known conversion for argument 1 from '[01m[Kconst _position_type {aka const geometry_msgs::Point_<std::allocator<void> >}[m[K' to '[01m[Kconst std::error_code&[m[K'
[01m[K/usr/include/c++/7/system_error:319:3:[m[K [01;36m[Knote: [m[Kcandidate: bool std::operator!=(const std::error_code&, const std::error_code&)
   [01;36m[Koperator[m[K!=(const error_code& __lhs, const error_code& __rhs) noexcept
   [01;36m[K^~~~~~~~[m[K
[01m[K/usr/include/c++/7/system_error:319:3:[m[K [01;36m[Knote: [m[K  no known conversion for argument 1 from '[01m[Kconst _position_type {aka const geometry_msgs::Point_<std::allocator<void> >}[m[K' to '[01m[Kconst std::error_code&[m[K'
In file included from [01m[K/usr/include/c++/7/map:62:0[m[K,
                 from [01m[K/opt/ros/melodic/include/visualization_msgs/InteractiveMarkerUpdate.h:11[m[K,
                 from [01m[K/opt/ros/melodic/include/interactive_markers/interactive_marker_server.h:35[m[K,
                 from [01m[K/home/accname/programming/ROS/octomap_editing/catkin_ws/src/octomap_editing/include/OEServer.hpp:4[m[K,
                 from [01m[K/home/accname/programming/ROS/octomap_editing/catkin_ws/src/octomap_editing/src/OEServer.cpp:1[m[K:
[01m[K/usr/include/c++/7/bits/stl_multimap.h:1083:5:[m[K [01;36m[Knote: [m[Kcandidate: template<class _Key, class _Tp, class _Compare, class _Alloc> bool std::operator!=(const std::multimap<_Key, _Tp, _Compare, _Alloc>&, const std::multimap<_Key, _Tp, _Compare, _Alloc>&)
     [01;36m[Koperator[m[K!=(const multimap<_Key, _Tp, _Compare, _Alloc>& __x,
     [01;36m[K^~~~~~~~[m[K
[01m[K/usr/include/c++/7/bits/stl_multimap.h:1083:5:[m[K [01;36m[Knote: [m[K  template argument deduction/substitution failed:
[01m[K/home/accname/programming/ROS/octomap_editing/catkin_ws/src/octomap_editing/src/OEServer.cpp:305:38:[m[K [01;36m[Knote: [m[K  '[01m[Kconst _position_type {aka const geometry_msgs::Point_<std::allocator<void> >}[m[K' is not derived from '[01m[Kconst std::multimap<_Key, _Tp, _Compare, _Alloc>[m[K'
       if (feedback->pose.position != [01;36m[Kp_0[m[K)
                                      [01;36m[K^~~[m[K
In file included from [01m[K/usr/include/c++/7/map:61:0[m[K,
                 from [01m[K/opt/ros/melodic/include/visualization_msgs/InteractiveMarkerUpdate.h:11[m[K,
                 from [01m[K/opt/ros/melodic/include/interactive_markers/interactive_marker_server.h:35[m[K,
                 from [01m[K/home/accname/programming/ROS/octomap_editing/catkin_ws/src/octomap_editing/include/OEServer.hpp:4[m[K,
                 from [01m[K/home/accname/programming/ROS/octomap_editing/catkin_ws/src/octomap_editing/src/OEServer.cpp:1[m[K:
[01m[K/usr/include/c++/7/bits/stl_map.h:1418:5:[m[K [01;36m[Knote: [m[Kcandidate: template<class _Key, class _Tp, class _Compare, class _Alloc> bool std::operator!=(const std::map<_Key, _Tp, _Compare, _Alloc>&, const std::map<_Key, _Tp, _Compare, _Alloc>&)
     [01;36m[Koperator[m[K!=(const map<_Key, _Tp, _Compare, _Alloc>& __x,
     [01;36m[K^~~~~~~~[m[K
[01m[K/usr/include/c++/7/bits/stl_map.h:1418:5:[m[K [01;36m[Knote: [m[K  template argument deduction/substitution failed:
[01m[K/home/accname/programming/ROS/octomap_editing/catkin_ws/src/octomap_editing/src/OEServer.cpp:305:38:[m[K [01;36m[Knote: [m[K  '[01m[Kconst _position_type {aka const geometry_msgs::Point_<std::allocator<void> >}[m[K' is not derived from '[01m[Kconst std::map<_Key, _Tp, _Compare, _Alloc>[m[K'
       if (feedback->pose.position != [01;36m[Kp_0[m[K)
                                      [01;36m[K^~~[m[K
In file included from [01m[K/usr/include/c++/7/bits/stl_map.h:63:0[m[K,
                 from [01m[K/usr/include/c++/7/map:61[m[K,
                 from [01m[K/opt/ros/melodic/include/visualization_msgs/InteractiveMarkerUpdate.h:11[m[K,
                 from [01m[K/opt/ros/melodic/include/interactive_markers/interactive_marker_server.h:35[m[K,
                 from [01m[K/home/accname/programming/ROS/octomap_editing/catkin_ws/src/octomap_editing/include/OEServer.hpp:4[m[K,
                 from [01m[K/home/accname/programming/ROS/octomap_editing/catkin_ws/src/octomap_editing/src/OEServer.cpp:1[m[K:
[01m[K/usr/include/c++/7/tuple:1423:5:[m[K [01;36m[Knote: [m[Kcandidate: template<class ... _TElements, class ... _UElements> constexpr bool std::operator!=(const std::tuple<_Tps ...>&, const std::tuple<_Args2 ...>&)
     [01;36m[Koperator[m[K!=(const tuple<_TElements...>& __t,
     [01;36m[K^~~~~~~~[m[K
[01m[K/usr/include/c++/7/tuple:1423:5:[m[K [01;36m[Knote: [m[K  template argument deduction/substitution failed:
[01m[K/home/accname/programming/ROS/octomap_editing/catkin_ws/src/octomap_editing/src/OEServer.cpp:305:38:[m[K [01;36m[Knote: [m[K  '[01m[Kconst _position_type {aka const geometry_msgs::Point_<std::allocator<void> >}[m[K' is not derived from '[01m[Kconst std::tuple<_Tps ...>[m[K'
       if (feedback->pose.position != [01;36m[Kp_0[m[K)
                                      [01;36m[K^~~[m[K
In file included from [01m[K/usr/include/c++/7/tuple:39:0[m[K,
                 from [01m[K/usr/include/c++/7/bits/stl_map.h:63[m[K,
                 from [01m[K/usr/include/c++/7/map:61[m[K,
                 from [01m[K/opt/ros/melodic/include/visualization_msgs/InteractiveMarkerUpdate.h:11[m[K,
                 from [01m[K/opt/ros/melodic/include/interactive_markers/interactive_marker_server.h:35[m[K,
                 from [01m[K/home/accname/programming/ROS/octomap_editing/catkin_ws/src/octomap_editing/include/OEServer.hpp:4[m[K,
                 from [01m[K/home/accname/programming/ROS/octomap_editing/catkin_ws/src/octomap_editing/src/OEServer.cpp:1[m[K:
[01m[K/usr/include/c++/7/array:257:5:[m[K [01;36m[Knote: [m[Kcandidate: template<class _Tp, long unsigned int _Nm> bool std::operator!=(const std::array<_Tp, _Nm>&, const std::array<_Tp, _Nm>&)
     [01;36m[Koperator[m[K!=(const array<_Tp, _Nm>& __one, const array<_Tp, _Nm>& __two)
     [01;36m[K^~~~~~~~[m[K
[01m[K/usr/include/c++/7/array:257:5:[m[K [01;36m[Knote: [m[K  template argument deduction/substitution failed:
[01m[K/home/accname/programming/ROS/octomap_editing/catkin_ws/src/octomap_editing/src/OEServer.cpp:305:38:[m[K [01;36m[Knote: [m[K  '[01m[Kconst _position_type {aka const geometry_msgs::Point_<std::allocator<void> >}[m[K' is not derived from '[01m[Kconst std::array<_Tp, _Nm>[m[K'
       if (feedback->pose.position != [01;36m[Kp_0[m[K)
                                      [01;36m[K^~~[m[K
In file included from [01m[K/usr/include/c++/7/map:60:0[m[K,
                 from [01m[K/opt/ros/melodic/include/visualization_msgs/InteractiveMarkerUpdate.h:11[m[K,
                 from [01m[K/opt/ros/melodic/include/interactive_markers/interactive_marker_server.h:35[m[K,
                 from [01m[K/home/accname/programming/ROS/octomap_editing/catkin_ws/src/octomap_editing/include/OEServer.hpp:4[m[K,
                 from [01m[K/home/accname/programming/ROS/octomap_editing/catkin_ws/src/octomap_editing/src/OEServer.cpp:1[m[K:
[01m[K/usr/include/c++/7/bits/stl_tree.h:1553:5:[m[K [01;36m[Knote: [m[Kcandidate: template<class _Key, class _Val, class _KeyOfValue, class _Compare, class _Alloc> bool std::operator!=(const std::_Rb_tree<_Key, _Val, _KeyOfValue, _Compare, _Alloc>&, const std::_Rb_tree<_Key, _Val, _KeyOfValue, _Compare, _Alloc>&)
     [01;36m[Koperator[m[K!=(const _Rb_tree<_Key, _Val, _KeyOfValue, _Compare, _Alloc>& __x,
     [01;36m[K^~~~~~~~[m[K
[01m[K/usr/include/c++/7/bits/stl_tree.h:1553:5:[m[K [01;36m[Knote: [m[K  template argument deduction/substitution failed:
[01m[K/home/accname/programming/ROS/octomap_editing/catkin_ws/src/octomap_editing/src/OEServer.cpp:305:38:[m[K [01;36m[Knote: [m[K  '[01m[Kconst _position_type {aka const geometry_msgs::Point_<std::allocator<void> >}[m[K' is not derived from '[01m[Kconst std::_Rb_tree<_Key, _Val, _KeyOfValue, _Compare, _Alloc>[m[K'
       if (feedback->pose.position != [01;36m[Kp_0[m[K)
                                      [01;36m[K^~~[m[K
In file included from [01m[K/usr/include/c++/7/map:60:0[m[K,
                 from [01m[K/opt/ros/melodic/include/visualization_msgs/InteractiveMarkerUpdate.h:11[m[K,
                 from [01m[K/opt/ros/melodic/include/interactive_markers/interactive_marker_server.h:35[m[K,
                 from [01m[K/home/accname/programming/ROS/octomap_editing/catkin_ws/src/octomap_editing/include/OEServer.hpp:4[m[K,
                 from [01m[K/home/accname/programming/ROS/octomap_editing/catkin_ws/src/octomap_editing/src/OEServer.cpp:1[m[K:
[01m[K/usr/include/c++/7/bits/stl_tree.h:412:5:[m[K [01;36m[Knote: [m[Kcandidate: template<class _Val> bool std::operator!=(const std::_Rb_tree_iterator<_Tp>&, const std::_Rb_tree_const_iterator<_Val>&)
     [01;36m[Koperator[m[K!=(const _Rb_tree_iterator<_Val>& __x,
     [01;36m[K^~~~~~~~[m[K
[01m[K/usr/include/c++/7/bits/stl_tree.h:412:5:[m[K [01;36m[Knote: [m[K  template argument deduction/substitution failed:
[01m[K/home/accname/programming/ROS/octomap_editing/catkin_ws/src/octomap_editing/src/OEServer.cpp:305:38:[m[K [01;36m[Knote: [m[K  '[01m[Kconst _position_type {aka const geometry_msgs::Point_<std::allocator<void> >}[m[K' is not derived from '[01m[Kconst std::_Rb_tree_iterator<_Tp>[m[K'
       if (feedback->pose.position != [01;36m[Kp_0[m[K)
                                      [01;36m[K^~~[m[K
In file included from [01m[K/usr/include/c++/7/vector:64:0[m[K,
                 from [01m[K/opt/ros/melodic/include/visualization_msgs/InteractiveMarkerUpdate.h:10[m[K,
                 from [01m[K/opt/ros/melodic/include/interactive_markers/interactive_marker_server.h:35[m[K,
                 from [01m[K/home/accname/programming/ROS/octomap_editing/catkin_ws/src/octomap_editing/include/OEServer.hpp:4[m[K,
                 from [01m[K/home/accname/programming/ROS/octomap_editing/catkin_ws/src/octomap_editing/src/OEServer.cpp:1[m[K:
[01m[K/usr/include/c++/7/bits/stl_vector.h:1625:5:[m[K [01;36m[Knote: [m[Kcandidate: template<class _Tp, class _Alloc> bool std::operator!=(const std::vector<_Tp, _Alloc>&, const std::vector<_Tp, _Alloc>&)
     [01;36m[Koperator[m[K!=(const vector<_Tp, _Alloc>& __x, const vector<_Tp, _Alloc>& __y)
     [01;36m[K^~~~~~~~[m[K
[01m[K/usr/include/c++/7/bits/stl_vector.h:1625:5:[m[K [01;36m[Knote: [m[K  template argument deduction/substitution failed:
[01m[K/home/accname/programming/ROS/octomap_editing/catkin_ws/src/octomap_editing/src/OEServer.cpp:305:38:[m[K [01;36m[Knote: [m[K  '[01m[Kconst _position_type {aka const geometry_msgs::Point_<std::allocator<void> >}[m[K' is not derived from '[01m[Kconst std::vector<_Tp, _Alloc>[m[K'
       if (feedback->pose.position != [01;36m[Kp_0[m[K)
                                      [01;36m[K^~~[m[K
In file included from [01m[K/usr/include/c++/7/string:52:0[m[K,
                 from [01m[K/opt/ros/melodic/include/visualization_msgs/InteractiveMarkerUpdate.h:9[m[K,
                 from [01m[K/opt/ros/melodic/include/interactive_markers/interactive_marker_server.h:35[m[K,
                 from [01m[K/home/accname/programming/ROS/octomap_editing/catkin_ws/src/octomap_editing/include/OEServer.hpp:4[m[K,
                 from [01m[K/home/accname/programming/ROS/octomap_editing/catkin_ws/src/octomap_editing/src/OEServer.cpp:1[m[K:
[01m[K/usr/include/c++/7/bits/basic_string.h:6081:5:[m[K [01;36m[Knote: [m[Kcandidate: template<class _CharT, class _Traits, class _Alloc> bool std::operator!=(const std::__cxx11::basic_string<_CharT, _Traits, _Alloc>&, const _CharT*)
     [01;36m[Koperator[m[K!=(const basic_string<_CharT, _Traits, _Alloc>& __lhs,
     [01;36m[K^~~~~~~~[m[K
[01m[K/usr/include/c++/7/bits/basic_string.h:6081:5:[m[K [01;36m[Knote: [m[K  template argument deduction/substitution failed:
[01m[K/home/accname/programming/ROS/octomap_editing/catkin_ws/src/octomap_editing/src/OEServer.cpp:305:38:[m[K [01;36m[Knote: [m[K  '[01m[Kconst _position_type {aka const geometry_msgs::Point_<std::allocator<void> >}[m[K' is not derived from '[01m[Kconst std::__cxx11::basic_string<_CharT, _Traits, _Alloc>[m[K'
       if (feedback->pose.position != [01;36m[Kp_0[m[K)
                                      [01;36m[K^~~[m[K
In file included from [01m[K/usr/include/c++/7/string:52:0[m[K,
                 from [01m[K/opt/ros/melodic/include/visualization_msgs/InteractiveMarkerUpdate.h:9[m[K,
                 from [01m[K/opt/ros/melodic/include/interactive_markers/interactive_marker_server.h:35[m[K,
                 from [01m[K/home/accname/programming/ROS/octomap_editing/catkin_ws/src/octomap_editing/include/OEServer.hpp:4[m[K,
                 from [01m[K/home/accname/programming/ROS/octomap_editing/catkin_ws/src/octomap_editing/src/OEServer.cpp:1[m[K:
[01m[K/usr/include/c++/7/bits/basic_string.h:6069:5:[m[K [01;36m[Knote: [m[Kcandidate: template<class _CharT, class _Traits, class _Alloc> bool std::operator!=(const _CharT*, const std::__cxx11::basic_string<_CharT, _Traits, _Alloc>&)
     [01;36m[Koperator[m[K!=(const _CharT* __lhs,
     [01;36m[K^~~~~~~~[m[K
[01m[K/usr/include/c++/7/bits/basic_string.h:6069:5:[m[K [01;36m[Knote: [m[K  template argument deduction/substitution failed:
[01m[K/home/accname/programming/ROS/octomap_editing/catkin_ws/src/octomap_editing/src/OEServer.cpp:305:38:[m[K [01;36m[Knote: [m[K  mismatched types '[01m[Kconst _CharT*[m[K' and '[01m[Kgeometry_msgs::Point_<std::allocator<void> >[m[K'
       if (feedback->pose.position != [01;36m[Kp_0[m[K)
                                      [01;36m[K^~~[m[K
In file included from [01m[K/usr/include/c++/7/string:52:0[m[K,
                 from [01m[K/opt/ros/melodic/include/visualization_msgs/InteractiveMarkerUpdate.h:9[m[K,
                 from [01m[K/opt/ros/melodic/include/interactive_markers/interactive_marker_server.h:35[m[K,
                 from [01m[K/home/accname/programming/ROS/octomap_editing/catkin_ws/src/octomap_editing/include/OEServer.hpp:4[m[K,
                 from [01m[K/home/accname/programming/ROS/octomap_editing/catkin_ws/src/octomap_editing/src/OEServer.cpp:1[m[K:
[01m[K/usr/include/c++/7/bits/basic_string.h:6056:5:[m[K [01;36m[Knote: [m[Kcandidate: template<class _CharT, class _Traits, class _Alloc> bool std::operator!=(const std::__cxx11::basic_string<_CharT, _Traits, _Alloc>&, const std::__cxx11::basic_string<_CharT, _Traits, _Alloc>&)
     [01;36m[Koperator[m[K!=(const basic_string<_CharT, _Traits, _Alloc>& __lhs,
     [01;36m[K^~~~~~~~[m[K
[01m[K/usr/include/c++/7/bits/basic_string.h:6056:5:[m[K [01;36m[Knote: [m[K  template argument deduction/substitution failed:
[01m[K/home/accname/programming/ROS/octomap_editing/catkin_ws/src/octomap_editing/src/OEServer.cpp:305:38:[m[K [01;36m[Knote: [m[K  '[01m[Kconst _position_type {aka const geometry_msgs::Point_<std::allocator<void> >}[m[K' is not derived from '[01m[Kconst std::__cxx11::basic_string<_CharT, _Traits, _Alloc>[m[K'
       if (feedback->pose.position != [01;36m[Kp_0[m[K)
                                      [01;36m[K^~~[m[K
In file included from [01m[K/usr/include/c++/7/string:41:0[m[K,
                 from [01m[K/opt/ros/melodic/include/visualization_msgs/InteractiveMarkerUpdate.h:9[m[K,
                 from [01m[K/opt/ros/melodic/include/interactive_markers/interactive_marker_server.h:35[m[K,
                 from [01m[K/home/accname/programming/ROS/octomap_editing/catkin_ws/src/octomap_editing/include/OEServer.hpp:4[m[K,
                 from [01m[K/home/accname/programming/ROS/octomap_editing/catkin_ws/src/octomap_editing/src/OEServer.cpp:1[m[K:
[01m[K/usr/include/c++/7/bits/allocator.h:164:5:[m[K [01;36m[Knote: [m[Kcandidate: template<class _Tp> bool std::operator!=(const std::allocator<_CharT>&, const std::allocator<_CharT>&)
     [01;36m[Koperator[m[K!=(const allocator<_Tp>&, const allocator<_Tp>&)
     [01;36m[K^~~~~~~~[m[K
[01m[K/usr/include/c++/7/bits/allocator.h:164:5:[m[K [01;36m[Knote: [m[K  template argument deduction/substitution failed:
[01m[K/home/accname/programming/ROS/octomap_editing/catkin_ws/src/octomap_editing/src/OEServer.cpp:305:38:[m[K [01;36m[Knote: [m[K  '[01m[Kconst _position_type {aka const geometry_msgs::Point_<std::allocator<void> >}[m[K' is not derived from '[01m[Kconst std::allocator<_CharT>[m[K'
       if (feedback->pose.position != [01;36m[Kp_0[m[K)
                                      [01;36m[K^~~[m[K
In file included from [01m[K/usr/include/c++/7/string:41:0[m[K,
                 from [01m[K/opt/ros/melodic/include/visualization_msgs/InteractiveMarkerUpdate.h:9[m[K,
                 from [01m[K/opt/ros/melodic/include/interactive_markers/interactive_marker_server.h:35[m[K,
                 from [01m[K/home/accname/programming/ROS/octomap_editing/catkin_ws/src/octomap_editing/include/OEServer.hpp:4[m[K,
                 from [01m[K/home/accname/programming/ROS/octomap_editing/catkin_ws/src/octomap_editing/src/OEServer.cpp:1[m[K:
[01m[K/usr/include/c++/7/bits/allocator.h:158:5:[m[K [01;36m[Knote: [m[Kcandidate: template<class _T1, class _T2> bool std::operator!=(const std::allocator<_CharT>&, const std::allocator<_T2>&)
     [01;36m[Koperator[m[K!=(const allocator<_T1>&, const allocator<_T2>&)
     [01;36m[K^~~~~~~~[m[K
[01m[K/usr/include/c++/7/bits/allocator.h:158:5:[m[K [01;36m[Knote: [m[K  template argument deduction/substitution failed:
[01m[K/home/accname/programming/ROS/octomap_editing/catkin_ws/src/octomap_editing/src/OEServer.cpp:305:38:[m[K [01;36m[Knote: [m[K  '[01m[Kconst _position_type {aka const geometry_msgs::Point_<std::allocator<void> >}[m[K' is not derived from '[01m[Kconst std::allocator<_CharT>[m[K'
       if (feedback->pose.position != [01;36m[Kp_0[m[K)
                                      [01;36m[K^~~[m[K
In file included from [01m[K/usr/include/c++/7/bits/char_traits.h:40:0[m[K,
                 from [01m[K/usr/include/c++/7/string:40[m[K,
                 from [01m[K/opt/ros/melodic/include/visualization_msgs/InteractiveMarkerUpdate.h:9[m[K,
                 from [01m[K/opt/ros/melodic/include/interactive_markers/interactive_marker_server.h:35[m[K,
                 from [01m[K/home/accname/programming/ROS/octomap_editing/catkin_ws/src/octomap_editing/include/OEServer.hpp:4[m[K,
                 from [01m[K/home/accname/programming/ROS/octomap_editing/catkin_ws/src/octomap_editing/src/OEServer.cpp:1[m[K:
[01m[K/usr/include/c++/7/bits/postypes.h:221:5:[m[K [01;36m[Knote: [m[Kcandidate: template<class _StateT> bool std::operator!=(const std::fpos<_StateT>&, const std::fpos<_StateT>&)
     [01;36m[Koperator[m[K!=(const fpos<_StateT>& __lhs, const fpos<_StateT>& __rhs)
     [01;36m[K^~~~~~~~[m[K
[01m[K/usr/include/c++/7/bits/postypes.h:221:5:[m[K [01;36m[Knote: [m[K  template argument deduction/substitution failed:
[01m[K/home/accname/programming/ROS/octomap_editing/catkin_ws/src/octomap_editing/src/OEServer.cpp:305:38:[m[K [01;36m[Knote: [m[K  '[01m[Kconst _position_type {aka const geometry_msgs::Point_<std::allocator<void> >}[m[K' is not derived from '[01m[Kconst std::fpos<_StateT>[m[K'
       if (feedback->pose.position != [01;36m[Kp_0[m[K)
                                      [01;36m[K^~~[m[K
In file included from [01m[K/usr/include/c++/7/bits/stl_algobase.h:67:0[m[K,
                 from [01m[K/usr/include/c++/7/bits/char_traits.h:39[m[K,
                 from [01m[K/usr/include/c++/7/string:40[m[K,
                 from [01m[K/opt/ros/melodic/include/visualization_msgs/InteractiveMarkerUpdate.h:9[m[K,
                 from [01m[K/opt/ros/melodic/include/interactive_markers/interactive_marker_server.h:35[m[K,
                 from [01m[K/home/accname/programming/ROS/octomap_editing/catkin_ws/src/octomap_editing/include/OEServer.hpp:4[m[K,
                 from [01m[K/home/accname/programming/ROS/octomap_editing/catkin_ws/src/octomap_editing/src/OEServer.cpp:1[m[K:
[01m[K/usr/include/c++/7/bits/stl_iterator.h:1139:5:[m[K [01;36m[Knote: [m[Kcandidate: template<class _Iterator> bool std::operator!=(const std::move_iterator<_IteratorL>&, const std::move_iterator<_IteratorL>&)
     [01;36m[Koperator[m[K!=(const move_iterator<_Iterator>& __x,
     [01;36m[K^~~~~~~~[m[K
[01m[K/usr/include/c++/7/bits/stl_iterator.h:1139:5:[m[K [01;36m[Knote: [m[K  template argument deduction/substitution failed:
[01m[K/home/accname/programming/ROS/octomap_editing/catkin_ws/src/octomap_editing/src/OEServer.cpp:305:38:[m[K [01;36m[Knote: [m[K  '[01m[Kconst _position_type {aka const geometry_msgs::Point_<std::allocator<void> >}[m[K' is not derived from '[01m[Kconst std::move_iterator<_IteratorL>[m[K'
       if (feedback->pose.position != [01;36m[Kp_0[m[K)
                                      [01;36m[K^~~[m[K
In file included from [01m[K/usr/include/c++/7/bits/stl_algobase.h:67:0[m[K,
                 from [01m[K/usr/include/c++/7/bits/char_traits.h:39[m[K,
                 from [01m[K/usr/include/c++/7/string:40[m[K,
                 from [01m[K/opt/ros/melodic/include/visualization_msgs/InteractiveMarkerUpdate.h:9[m[K,
                 from [01m[K/opt/ros/melodic/include/interactive_markers/interactive_marker_server.h:35[m[K,
                 from [01m[K/home/accname/programming/ROS/octomap_editing/catkin_ws/src/octomap_editing/include/OEServer.hpp:4[m[K,
                 from [01m[K/home/accname/programming/ROS/octomap_editing/catkin_ws/src/octomap_editing/src/OEServer.cpp:1[m[K:
[01m[K/usr/include/c++/7/bits/stl_iterator.h:1133:5:[m[K [01;36m[Knote: [m[Kcandidate: template<class _IteratorL, class _IteratorR> bool std::operator!=(const std::move_iterator<_IteratorL>&, const std::move_iterator<_IteratorR>&)
     [01;36m[Koperator[m[K!=(const move_iterator<_IteratorL>& __x,
     [01;36m[K^~~~~~~~[m[K
[01m[K/usr/include/c++/7/bits/stl_iterator.h:1133:5:[m[K [01;36m[Knote: [m[K  template argument deduction/substitution failed:
[01m[K/home/accname/programming/ROS/octomap_editing/catkin_ws/src/octomap_editing/src/OEServer.cpp:305:38:[m[K [01;36m[Knote: [m[K  '[01m[Kconst _position_type {aka const geometry_msgs::Point_<std::allocator<void> >}[m[K' is not derived from '[01m[Kconst std::move_iterator<_IteratorL>[m[K'
       if (feedback->pose.position != [01;36m[Kp_0[m[K)
                                      [01;36m[K^~~[m[K
In file included from [01m[K/usr/include/c++/7/bits/stl_algobase.h:67:0[m[K,
                 from [01m[K/usr/include/c++/7/bits/char_traits.h:39[m[K,
                 from [01m[K/usr/include/c++/7/string:40[m[K,
                 from [01m[K/opt/ros/melodic/include/visualization_msgs/InteractiveMarkerUpdate.h:9[m[K,
                 from [01m[K/opt/ros/melodic/include/interactive_markers/interactive_marker_server.h:35[m[K,
                 from [01m[K/home/accname/programming/ROS/octomap_editing/catkin_ws/src/octomap_editing/include/OEServer.hpp:4[m[K,
                 from [01m[K/home/accname/programming/ROS/octomap_editing/catkin_ws/src/octomap_editing/src/OEServer.cpp:1[m[K:
[01m[K/usr/include/c++/7/bits/stl_iterator.h:352:5:[m[K [01;36m[Knote: [m[Kcandidate: template<class _IteratorL, class _IteratorR> bool std::operator!=(const std::reverse_iterator<_Iterator>&, const std::reverse_iterator<_IteratorR>&)
     [01;36m[Koperator[m[K!=(const reverse_iterator<_IteratorL>& __x,
     [01;36m[K^~~~~~~~[m[K
[01m[K/usr/include/c++/7/bits/stl_iterator.h:352:5:[m[K [01;36m[Knote: [m[K  template argument deduction/substitution failed:
[01m[K/home/accname/programming/ROS/octomap_editing/catkin_ws/src/octomap_editing/src/OEServer.cpp:305:38:[m[K [01;36m[Knote: [m[K  '[01m[Kconst _position_type {aka const geometry_msgs::Point_<std::allocator<void> >}[m[K' is not derived from '[01m[Kconst std::reverse_iterator<_Iterator>[m[K'
       if (feedback->pose.position != [01;36m[Kp_0[m[K)
                                      [01;36m[K^~~[m[K
In file included from [01m[K/usr/include/c++/7/bits/stl_algobase.h:67:0[m[K,
                 from [01m[K/usr/include/c++/7/bits/char_traits.h:39[m[K,
                 from [01m[K/usr/include/c++/7/string:40[m[K,
                 from [01m[K/opt/ros/melodic/include/visualization_msgs/InteractiveMarkerUpdate.h:9[m[K,
                 from [01m[K/opt/ros/melodic/include/interactive_markers/interactive_marker_server.h:35[m[K,
                 from [01m[K/home/accname/programming/ROS/octomap_editing/catkin_ws/src/octomap_editing/include/OEServer.hpp:4[m[K,
                 from [01m[K/home/accname/programming/ROS/octomap_editing/catkin_ws/src/octomap_editing/src/OEServer.cpp:1[m[K:
[01m[K/usr/include/c++/7/bits/stl_iterator.h:314:5:[m[K [01;36m[Knote: [m[Kcandidate: template<class _Iterator> bool std::operator!=(const std::reverse_iterator<_Iterator>&, const std::reverse_iterator<_Iterator>&)
     [01;36m[Koperator[m[K!=(const reverse_iterator<_Iterator>& __x,
     [01;36m[K^~~~~~~~[m[K
[01m[K/usr/include/c++/7/bits/stl_iterator.h:314:5:[m[K [01;36m[Knote: [m[K  template argument deduction/substitution failed:
[01m[K/home/accname/programming/ROS/octomap_editing/catkin_ws/src/octomap_editing/src/OEServer.cpp:305:38:[m[K [01;36m[Knote: [m[K  '[01m[Kconst _position_type {aka const geometry_msgs::Point_<std::allocator<void> >}[m[K' is not derived from '[01m[Kconst std::reverse_iterator<_Iterator>[m[K'
       if (feedback->pose.position != [01;36m[Kp_0[m[K)
                                      [01;36m[K^~~[m[K
In file included from [01m[K/usr/include/c++/7/bits/stl_algobase.h:64:0[m[K,
                 from [01m[K/usr/include/c++/7/bits/char_traits.h:39[m[K,
                 from [01m[K/usr/include/c++/7/string:40[m[K,
                 from [01m[K/opt/ros/melodic/include/visualization_msgs/InteractiveMarkerUpdate.h:9[m[K,
                 from [01m[K/opt/ros/melodic/include/interactive_markers/interactive_marker_server.h:35[m[K,
                 from [01m[K/home/accname/programming/ROS/octomap_editing/catkin_ws/src/octomap_editing/include/OEServer.hpp:4[m[K,
                 from [01m[K/home/accname/programming/ROS/octomap_editing/catkin_ws/src/octomap_editing/src/OEServer.cpp:1[m[K:
[01m[K/usr/include/c++/7/bits/stl_pair.h:461:5:[m[K [01;36m[Knote: [m[Kcandidate: template<class _T1, class _T2> constexpr bool std::operator!=(const std::pair<_T1, _T2>&, const std::pair<_T1, _T2>&)
     [01;36m[Koperator[m[K!=(const pair<_T1, _T2>& __x, const pair<_T1, _T2>& __y)
     [01;36m[K^~~~~~~~[m[K
[01m[K/usr/include/c++/7/bits/stl_pair.h:461:5:[m[K [01;36m[Knote: [m[K  template argument deduction/substitution failed:
[01m[K/home/accname/programming/ROS/octomap_editing/catkin_ws/src/octomap_editing/src/OEServer.cpp:305:38:[m[K [01;36m[Knote: [m[K  '[01m[Kconst _position_type {aka const geometry_msgs::Point_<std::allocator<void> >}[m[K' is not derived from '[01m[Kconst std::pair<_T1, _T2>[m[K'
       if (feedback->pose.position != [01;36m[Kp_0[m[K)
                                      [01;36m[K^~~[m[K
In file included from [01m[K/opt/ros/melodic/include/octomap_server/OctomapServer.h:49:0[m[K,
                 from [01m[K/home/accname/programming/ROS/octomap_editing/catkin_ws/src/octomap_editing/include/OEServer.hpp:12[m[K,
                 from [01m[K/home/accname/programming/ROS/octomap_editing/catkin_ws/src/octomap_editing/src/OEServer.cpp:1[m[K:
[01m[K/usr/include/pcl-1.8/pcl/sample_consensus/model_types.h:[m[K In function '[01m[Kvoid __static_initialization_and_destruction_0(int, int)[m[K':
[01m[K/usr/include/pcl-1.8/pcl/sample_consensus/model_types.h:99:3:[m[K [01;35m[Kwarning: [m[K'[01m[Kpcl::SAC_SAMPLE_SIZE[m[K' is deprecated: This map is deprecated and is kept only to prevent breaking existing user code. Starting from PCL 1.8.0 model sample size is a protected member of the SampleConsensusModel class [[01;35m[K-Wdeprecated-declarations[m[K]
   [01;35m[KSAC_SAMPLE_SIZE[m[K (sample_size_pairs, sample_size_pairs + sizeof (sample_size_pairs) / sizeof (SampleSizeModel));
   [01;35m[K^~~~~~~~~~~~~~~[m[K
[01m[K/usr/include/pcl-1.8/pcl/sample_consensus/model_types.h:99:3:[m[K [01;36m[Knote: [m[Kdeclared here
make[2]: *** [CMakeFiles/octomap_editing.dir/src/OEServer.cpp.o] Error 1
make[1]: *** [CMakeFiles/octomap_editing.dir/all] Error 2
make: *** [all] Error 2
