In file included from [01m[K/usr/local/include/boost/detail/endian.hpp:9:0[m[K,
                 from [01m[K/usr/include/pcl-1.8/pcl/PCLPointCloud2.h:11[m[K,
                 from [01m[K/usr/include/pcl-1.8/pcl/conversions.h:48[m[K,
                 from [01m[K/opt/ros/melodic/include/pcl_ros/point_cloud.h:8[m[K,
                 from [01m[K/home/accname/programming/ROS/octomap_editing/catkin_ws/src/octomap_editing/include/OEServer.hpp:8[m[K,
                 from [01m[K/home/accname/programming/ROS/octomap_editing/catkin_ws/src/octomap_editing/src/octomap_editing.cpp:3[m[K:
[01m[K/usr/local/include/boost/predef/detail/endian_compat.h:11:161:[m[K [01;36m[Knote: [m[K#pragma message: The use of BOOST_*_ENDIAN and BOOST_BYTE_ORDER is deprecated. Please include <boost/predef/other/endian.h> and use BOOST_ENDIAN_*_BYTE instead
 #pragma message("The use of BOOST_*_ENDIAN and BOOST_BYTE_ORDER is deprecated. Please include <boost/predef/other/endian.h> and use BOOST_ENDIAN_*_BYTE instead"[01;36m[K)[m[K
                                                                                                                                                                 [01;36m[K^[m[K
In file included from [01m[K/usr/local/include/boost/detail/endian.hpp:9:0[m[K,
                 from [01m[K/usr/include/pcl-1.8/pcl/PCLPointCloud2.h:11[m[K,
                 from [01m[K/usr/include/pcl-1.8/pcl/conversions.h:48[m[K,
                 from [01m[K/opt/ros/melodic/include/pcl_ros/point_cloud.h:8[m[K,
                 from [01m[K/home/accname/programming/ROS/octomap_editing/catkin_ws/src/octomap_editing/include/OEServer.hpp:8[m[K,
                 from [01m[K/home/accname/programming/ROS/octomap_editing/catkin_ws/src/octomap_editing/src/OEServer.cpp:1[m[K:
[01m[K/usr/local/include/boost/predef/detail/endian_compat.h:11:161:[m[K [01;36m[Knote: [m[K#pragma message: The use of BOOST_*_ENDIAN and BOOST_BYTE_ORDER is deprecated. Please include <boost/predef/other/endian.h> and use BOOST_ENDIAN_*_BYTE instead
 #pragma message("The use of BOOST_*_ENDIAN and BOOST_BYTE_ORDER is deprecated. Please include <boost/predef/other/endian.h> and use BOOST_ENDIAN_*_BYTE instead"[01;36m[K)[m[K
                                                                                                                                                                 [01;36m[K^[m[K
[01m[K/home/accname/programming/ROS/octomap_editing/catkin_ws/src/octomap_editing/src/OEServer.cpp:[m[K In member function '[01m[Kvoid octomap_editing::OEServer::updateText(octomath::Pose6D)[m[K':
[01m[K/home/accname/programming/ROS/octomap_editing/catkin_ws/src/octomap_editing/src/OEServer.cpp:286:30:[m[K [01;31m[Kerror: [m[K'[01m[Kclass octomath::Pose6D[m[K' has no member named '[01m[Kposition[m[K'; did you mean '[01m[Krotation[m[K'?
     octomath::Vector3 v(pose.[01;31m[Kposition[m[K.x, pose.position.y, pose.position.z);
                              [01;31m[K^~~~~~~~[m[K
                              [32m[Krotation[m[K
[01m[K/home/accname/programming/ROS/octomap_editing/catkin_ws/src/octomap_editing/src/OEServer.cpp:286:47:[m[K [01;31m[Kerror: [m[K'[01m[Kclass octomath::Pose6D[m[K' has no member named '[01m[Kposition[m[K'; did you mean '[01m[Krotation[m[K'?
     octomath::Vector3 v(pose.position.x, pose.[01;31m[Kposition[m[K.y, pose.position.z);
                                               [01;31m[K^~~~~~~~[m[K
                                               [32m[Krotation[m[K
[01m[K/home/accname/programming/ROS/octomap_editing/catkin_ws/src/octomap_editing/src/OEServer.cpp:286:64:[m[K [01;31m[Kerror: [m[K'[01m[Kclass octomath::Pose6D[m[K' has no member named '[01m[Kposition[m[K'; did you mean '[01m[Krotation[m[K'?
     octomath::Vector3 v(pose.position.x, pose.position.y, pose.[01;31m[Kposition[m[K.z);
                                                                [01;31m[K^~~~~~~~[m[K
                                                                [32m[Krotation[m[K
[01m[K/home/accname/programming/ROS/octomap_editing/catkin_ws/src/octomap_editing/src/OEServer.cpp:287:33:[m[K [01;31m[Kerror: [m[K'[01m[Kclass octomath::Pose6D[m[K' has no member named '[01m[Korientation[m[K'; did you mean '[01m[Krotation[m[K'?
     octomath::Quaternion q(pose.[01;31m[Korientation[m[K.w, pose.orientation.x, pose.orientation.y, pose.orientation.z);
                                 [01;31m[K^~~~~~~~~~~[m[K
                                 [32m[Krotation[m[K
[01m[K/home/accname/programming/ROS/octomap_editing/catkin_ws/src/octomap_editing/src/OEServer.cpp:287:53:[m[K [01;31m[Kerror: [m[K'[01m[Kclass octomath::Pose6D[m[K' has no member named '[01m[Korientation[m[K'; did you mean '[01m[Krotation[m[K'?
     octomath::Quaternion q(pose.orientation.w, pose.[01;31m[Korientation[m[K.x, pose.orientation.y, pose.orientation.z);
                                                     [01;31m[K^~~~~~~~~~~[m[K
                                                     [32m[Krotation[m[K
[01m[K/home/accname/programming/ROS/octomap_editing/catkin_ws/src/octomap_editing/src/OEServer.cpp:287:73:[m[K [01;31m[Kerror: [m[K'[01m[Kclass octomath::Pose6D[m[K' has no member named '[01m[Korientation[m[K'; did you mean '[01m[Krotation[m[K'?
     octomath::Quaternion q(pose.orientation.w, pose.orientation.x, pose.[01;31m[Korientation[m[K.y, pose.orientation.z);
                                                                         [01;31m[K^~~~~~~~~~~[m[K
                                                                         [32m[Krotation[m[K
[01m[K/home/accname/programming/ROS/octomap_editing/catkin_ws/src/octomap_editing/src/OEServer.cpp:287:93:[m[K [01;31m[Kerror: [m[K'[01m[Kclass octomath::Pose6D[m[K' has no member named '[01m[Korientation[m[K'; did you mean '[01m[Krotation[m[K'?
     octomath::Quaternion q(pose.orientation.w, pose.orientation.x, pose.orientation.y, pose.[01;31m[Korientation[m[K.z);
                                                                                             [01;31m[K^~~~~~~~~~~[m[K
                                                                                             [32m[Krotation[m[K
[01m[K/home/accname/programming/ROS/octomap_editing/catkin_ws/src/octomap_editing/src/OEServer.cpp:[m[K In member function '[01m[Kvoid octomap_editing::OEServer::processMarkerFeedback(const InteractiveMarkerFeedbackConstPtr&)[m[K':
[01m[K/home/accname/programming/ROS/octomap_editing/catkin_ws/src/octomap_editing/src/OEServer.cpp:304:32:[m[K [01;31m[Kerror: [m[Kno matching function for call to '[01m[Koctomap_editing::OEServer::updateText(const _pose_type&)[m[K'
       updateText(feedback->pose[01;31m[K)[m[K;
                                [01;31m[K^[m[K
[01m[K/home/accname/programming/ROS/octomap_editing/catkin_ws/src/octomap_editing/src/OEServer.cpp:283:3:[m[K [01;36m[Knote: [m[Kcandidate: void octomap_editing::OEServer::updateText(octomath::Pose6D)
   [01;36m[KOEServer[m[K::updateText(octomath::Pose6D pose)
   [01;36m[K^~~~~~~~[m[K
[01m[K/home/accname/programming/ROS/octomap_editing/catkin_ws/src/octomap_editing/src/OEServer.cpp:283:3:[m[K [01;36m[Knote: [m[K  no known conversion for argument 1 from '[01m[Kconst _pose_type {aka const geometry_msgs::Pose_<std::allocator<void> >}[m[K' to '[01m[Koctomath::Pose6D[m[K'
/usr/include/eigen3/Eigen/src/Core/ProductEvaluators.h:412: confused by earlier errors, bailing out
make[2]: *** [CMakeFiles/octomap_editing.dir/src/OEServer.cpp.o] Error 1
make[2]: *** Waiting for unfinished jobs....
In file included from [01m[K/opt/ros/melodic/include/octomap_server/OctomapServer.h:49:0[m[K,
                 from [01m[K/home/accname/programming/ROS/octomap_editing/catkin_ws/src/octomap_editing/include/OEServer.hpp:12[m[K,
                 from [01m[K/home/accname/programming/ROS/octomap_editing/catkin_ws/src/octomap_editing/src/octomap_editing.cpp:3[m[K:
[01m[K/usr/include/pcl-1.8/pcl/sample_consensus/model_types.h:[m[K In function '[01m[Kvoid __static_initialization_and_destruction_0(int, int)[m[K':
[01m[K/usr/include/pcl-1.8/pcl/sample_consensus/model_types.h:99:3:[m[K [01;35m[Kwarning: [m[K'[01m[Kpcl::SAC_SAMPLE_SIZE[m[K' is deprecated: This map is deprecated and is kept only to prevent breaking existing user code. Starting from PCL 1.8.0 model sample size is a protected member of the SampleConsensusModel class [[01;35m[K-Wdeprecated-declarations[m[K]
   [01;35m[KSAC_SAMPLE_SIZE[m[K (sample_size_pairs, sample_size_pairs + sizeof (sample_size_pairs) / sizeof (SampleSizeModel));
   [01;35m[K^~~~~~~~~~~~~~~[m[K
[01m[K/usr/include/pcl-1.8/pcl/sample_consensus/model_types.h:99:3:[m[K [01;36m[Knote: [m[Kdeclared here
make[1]: *** [CMakeFiles/octomap_editing.dir/all] Error 2
make: *** [all] Error 2
