In file included from [01m[K/usr/local/include/boost/function/detail/maybe_include.hpp:22:0[m[K,
                 from [01m[K/usr/local/include/boost/function/detail/function_iterate.hpp:14[m[K,
                 from [01m[K/usr/local/include/boost/preprocessor/iteration/detail/iter/forward1.hpp:52[m[K,
                 from [01m[K/usr/local/include/boost/function.hpp:70[m[K,
                 from [01m[K/opt/ros/melodic/include/ros/forwards.h:40[m[K,
                 from [01m[K/opt/ros/melodic/include/ros/common.h:37[m[K,
                 from [01m[K/opt/ros/melodic/include/ros/ros.h:43[m[K,
                 from [01m[K/home/accname/programming/ROS/octomap_editing/catkin_ws/src/octomap_editing/include/OctomapEditing.hpp:6[m[K,
                 from [01m[K/home/accname/programming/ROS/octomap_editing/catkin_ws/src/octomap_editing/src/octomap_editing.cpp:1[m[K:
/usr/local/include/boost/function/function_template.hpp: In instantiation of '[01m[Kstatic void boost::detail::function::void_function_invoker1<FunctionPtr, R, T0>::invoke(boost::detail::function::function_buffer&, T0) [with FunctionPtr = void (*)(); R = void; T0 = const boost::shared_ptr<const visualization_msgs::InteractiveMarkerFeedback_<std::allocator<void> > >&][m[K':
[01m[K/usr/local/include/boost/function/function_template.hpp:931:38:[m[K   required from '[01m[Kvoid boost::function1<R, T1>::assign_to(Functor) [with Functor = void (*)(); R = void; T0 = const boost::shared_ptr<const visualization_msgs::InteractiveMarkerFeedback_<std::allocator<void> > >&][m[K'
[01m[K/usr/local/include/boost/function/function_template.hpp:720:7:[m[K   required from '[01m[Kboost::function1<R, T1>::function1(Functor, typename boost::enable_if_<(! boost::is_integral<Functor>::value), int>::type) [with Functor = void (*)(); R = void; T0 = const boost::shared_ptr<const visualization_msgs::InteractiveMarkerFeedback_<std::allocator<void> > >&; typename boost::enable_if_<(! boost::is_integral<Functor>::value), int>::type = int][m[K'
[01m[K/usr/local/include/boost/function/function_template.hpp:1068:16:[m[K   required from '[01m[Kboost::function<R(T0)>::function(Functor, typename boost::enable_if_<(! boost::is_integral<Functor>::value), int>::type) [with Functor = void (*)(); R = void; T0 = const boost::shared_ptr<const visualization_msgs::InteractiveMarkerFeedback_<std::allocator<void> > >&; typename boost::enable_if_<(! boost::is_integral<Functor>::value), int>::type = int][m[K'
[01m[K/home/accname/programming/ROS/octomap_editing/catkin_ws/src/octomap_editing/src/octomap_editing.cpp:44:56:[m[K   required from here
[01m[K/usr/local/include/boost/function/function_template.hpp:117:11:[m[K [01;31m[Kerror: [m[Ktoo many arguments to function
           [01;31m[KB[m[KOOST_FUNCTION_RETURN(f(BOOST_FUNCTION_ARGS));
           [01;31m[K^[m[K
In file included from [01m[K/usr/include/x86_64-linux-gnu/c++/7/bits/c++allocator.h:33:0[m[K,
                 from [01m[K/usr/include/c++/7/bits/allocator.h:46[m[K,
                 from [01m[K/usr/include/c++/7/string:41[m[K,
                 from [01m[K/usr/include/c++/7/bits/locale_classes.h:40[m[K,
                 from [01m[K/usr/include/c++/7/bits/ios_base.h:41[m[K,
                 from [01m[K/usr/include/c++/7/ios:42[m[K,
                 from [01m[K/home/accname/programming/ROS/octomap_editing/catkin_ws/src/octomap_editing/include/OctomapEditing.hpp:4[m[K,
                 from [01m[K/home/accname/programming/ROS/octomap_editing/catkin_ws/src/octomap_editing/src/octomap_editing.cpp:1[m[K:
/usr/include/c++/7/ext/new_allocator.h: In instantiation of '[01m[Kvoid __gnu_cxx::new_allocator<_Tp>::construct(_Up*, _Args&& ...) [with _Up = interactive_markers::InteractiveMarkerServer; _Args = {}; _Tp = interactive_markers::InteractiveMarkerServer][m[K':
[01m[K/usr/include/c++/7/bits/alloc_traits.h:475:4:[m[K   required from '[01m[Kstatic void std::allocator_traits<std::allocator<_CharT> >::construct(std::allocator_traits<std::allocator<_CharT> >::allocator_type&, _Up*, _Args&& ...) [with _Up = interactive_markers::InteractiveMarkerServer; _Args = {}; _Tp = interactive_markers::InteractiveMarkerServer; std::allocator_traits<std::allocator<_CharT> >::allocator_type = std::allocator<interactive_markers::InteractiveMarkerServer>][m[K'
[01m[K/usr/include/c++/7/bits/shared_ptr_base.h:526:39:[m[K   required from '[01m[Kstd::_Sp_counted_ptr_inplace<_Tp, _Alloc, _Lp>::_Sp_counted_ptr_inplace(_Alloc, _Args&& ...) [with _Args = {}; _Tp = interactive_markers::InteractiveMarkerServer; _Alloc = std::allocator<interactive_markers::InteractiveMarkerServer>; __gnu_cxx::_Lock_policy _Lp = (__gnu_cxx::_Lock_policy)2][m[K'
[01m[K/usr/include/c++/7/bits/shared_ptr_base.h:637:4:[m[K   required from '[01m[Kstd::__shared_count<_Lp>::__shared_count(std::_Sp_make_shared_tag, _Tp*, const _Alloc&, _Args&& ...) [with _Tp = interactive_markers::InteractiveMarkerServer; _Alloc = std::allocator<interactive_markers::InteractiveMarkerServer>; _Args = {}; __gnu_cxx::_Lock_policy _Lp = (__gnu_cxx::_Lock_policy)2][m[K'
[01m[K/usr/include/c++/7/bits/shared_ptr_base.h:1295:35:[m[K   required from '[01m[Kstd::__shared_ptr<_Tp, _Lp>::__shared_ptr(std::_Sp_make_shared_tag, const _Alloc&, _Args&& ...) [with _Alloc = std::allocator<interactive_markers::InteractiveMarkerServer>; _Args = {}; _Tp = interactive_markers::InteractiveMarkerServer; __gnu_cxx::_Lock_policy _Lp = (__gnu_cxx::_Lock_policy)2][m[K'
[01m[K/usr/include/c++/7/bits/shared_ptr.h:344:64:[m[K   required from '[01m[Kstd::shared_ptr<_Tp>::shared_ptr(std::_Sp_make_shared_tag, const _Alloc&, _Args&& ...) [with _Alloc = std::allocator<interactive_markers::InteractiveMarkerServer>; _Args = {}; _Tp = interactive_markers::InteractiveMarkerServer][m[K'
[01m[K/usr/include/c++/7/bits/shared_ptr.h:690:14:[m[K   required from '[01m[Kstd::shared_ptr<_Tp> std::allocate_shared(const _Alloc&, _Args&& ...) [with _Tp = interactive_markers::InteractiveMarkerServer; _Alloc = std::allocator<interactive_markers::InteractiveMarkerServer>; _Args = {}][m[K'
[01m[K/usr/include/c++/7/bits/shared_ptr.h:706:39:[m[K   required from '[01m[Kstd::shared_ptr<_Tp> std::make_shared(_Args&& ...) [with _Tp = interactive_markers::InteractiveMarkerServer; _Args = {}][m[K'
[01m[K/home/accname/programming/ROS/octomap_editing/catkin_ws/src/octomap_editing/src/octomap_editing.cpp:42:137:[m[K   required from here
[01m[K/usr/include/c++/7/ext/new_allocator.h:136:4:[m[K [01;31m[Kerror: [m[Kno matching function for call to '[01m[Kinteractive_markers::InteractiveMarkerServer::InteractiveMarkerServer()[m[K'
  { [01;31m[K::new((void *)__p) _Up(std::forward<_Args>(__args)...)[m[K; }
    [01;31m[K^~~~~~~~~~~~~~~~~~~~~~~~~~~~~~~~~~~~~~~~~~~~~~~~~~~~~~[m[K
In file included from [01m[K/home/accname/programming/ROS/octomap_editing/catkin_ws/src/octomap_editing/src/octomap_editing.cpp:3:0[m[K:
[01m[K/opt/ros/melodic/include/interactive_markers/interactive_marker_server.h:72:3:[m[K [01;36m[Knote: [m[Kcandidate: interactive_markers::InteractiveMarkerServer::InteractiveMarkerServer(const string&, const string&, bool)
   [01;36m[KInteractiveMarkerServer[m[K( const std::string &topic_ns, const std::string &server_id="", bool spin_thread = false );
   [01;36m[K^~~~~~~~~~~~~~~~~~~~~~~[m[K
[01m[K/opt/ros/melodic/include/interactive_markers/interactive_marker_server.h:72:3:[m[K [01;36m[Knote: [m[K  candidate expects 3 arguments, 0 provided
make[2]: *** [CMakeFiles/octomap_editing.dir/src/octomap_editing.cpp.o] Error 1
make[1]: *** [CMakeFiles/octomap_editing.dir/all] Error 2
make: *** [all] Error 2
