In file included from [01m[K/usr/local/include/boost/detail/endian.hpp:9:0[m[K,
                 from [01m[K/usr/include/pcl-1.8/pcl/PCLPointCloud2.h:11[m[K,
                 from [01m[K/usr/include/pcl-1.8/pcl/conversions.h:48[m[K,
                 from [01m[K/opt/ros/melodic/include/pcl_ros/point_cloud.h:8[m[K,
                 from [01m[K/home/accname/programming/ROS/octomap_editing/catkin_ws/src/octomap_editing/include/OEServer.hpp:8[m[K,
                 from [01m[K/home/accname/programming/ROS/octomap_editing/catkin_ws/src/octomap_editing/src/OEServer.cpp:1[m[K:
[01m[K/usr/local/include/boost/predef/detail/endian_compat.h:11:161:[m[K [01;36m[Knote: [m[K#pragma message: The use of BOOST_*_ENDIAN and BOOST_BYTE_ORDER is deprecated. Please include <boost/predef/other/endian.h> and use BOOST_ENDIAN_*_BYTE instead
 #pragma message("The use of BOOST_*_ENDIAN and BOOST_BYTE_ORDER is deprecated. Please include <boost/predef/other/endian.h> and use BOOST_ENDIAN_*_BYTE instead"[01;36m[K)[m[K
                                                                                                                                                                 [01;36m[K^[m[K
[01m[K/home/accname/programming/ROS/octomap_editing/catkin_ws/src/octomap_editing/src/OEServer.cpp:[m[K In member function '[01m[Kvoid octomap_editing::OEServer::createControlMarker()[m[K':
[01m[K/home/accname/programming/ROS/octomap_editing/catkin_ws/src/octomap_editing/src/OEServer.cpp:128:122:[m[K [01;31m[Kerror: [m[Kno matching function for call to '[01m[Kinteractive_markers::InteractiveMarkerServer::insert(std::__shared_ptr_access<interactive_markers::MenuHandler, (__gnu_cxx::_Lock_policy)2, false, false>::element_type&, boost::_bi::bind_t<void, boost::_mfi::mf1<void, octomap_editing::OEServer, const boost::shared_ptr<const visualization_msgs::InteractiveMarkerFeedback_<std::allocator<void> > >&>, boost::_bi::list2<boost::_bi::value<octomap_editing::OEServer*>, boost::arg<1> > >)[m[K'
     _server.insert(*_menus[control_marker.name], boost::bind(&octomap_editing::OEServer::processMarkerFeedback, this, _1)[01;31m[K)[m[K;
                                                                                                                          [01;31m[K^[m[K
In file included from [01m[K/home/accname/programming/ROS/octomap_editing/catkin_ws/src/octomap_editing/include/OEServer.hpp:4:0[m[K,
                 from [01m[K/home/accname/programming/ROS/octomap_editing/catkin_ws/src/octomap_editing/src/OEServer.cpp:1[m[K:
[01m[K/opt/ros/melodic/include/interactive_markers/interactive_marker_server.h:81:8:[m[K [01;36m[Knote: [m[Kcandidate: void interactive_markers::InteractiveMarkerServer::insert(const InteractiveMarker&)
   void [01;36m[Kinsert[m[K( const visualization_msgs::InteractiveMarker &int_marker );
        [01;36m[K^~~~~~[m[K
[01m[K/opt/ros/melodic/include/interactive_markers/interactive_marker_server.h:81:8:[m[K [01;36m[Knote: [m[K  candidate expects 1 argument, 2 provided
[01m[K/opt/ros/melodic/include/interactive_markers/interactive_marker_server.h:89:8:[m[K [01;36m[Knote: [m[Kcandidate: void interactive_markers::InteractiveMarkerServer::insert(const InteractiveMarker&, interactive_markers::InteractiveMarkerServer::FeedbackCallback, uint8_t)
   void [01;36m[Kinsert[m[K( const visualization_msgs::InteractiveMarker &int_marker,
        [01;36m[K^~~~~~[m[K
[01m[K/opt/ros/melodic/include/interactive_markers/interactive_marker_server.h:89:8:[m[K [01;36m[Knote: [m[K  no known conversion for argument 1 from '[01m[Kstd::__shared_ptr_access<interactive_markers::MenuHandler, (__gnu_cxx::_Lock_policy)2, false, false>::element_type {aka interactive_markers::MenuHandler}[m[K' to '[01m[Kconst InteractiveMarker& {aka const visualization_msgs::InteractiveMarker_<std::allocator<void> >&}[m[K'
In file included from [01m[K/opt/ros/melodic/include/octomap_server/OctomapServer.h:49:0[m[K,
                 from [01m[K/home/accname/programming/ROS/octomap_editing/catkin_ws/src/octomap_editing/include/OEServer.hpp:12[m[K,
                 from [01m[K/home/accname/programming/ROS/octomap_editing/catkin_ws/src/octomap_editing/src/OEServer.cpp:1[m[K:
[01m[K/usr/include/pcl-1.8/pcl/sample_consensus/model_types.h:[m[K In function '[01m[Kvoid __static_initialization_and_destruction_0(int, int)[m[K':
[01m[K/usr/include/pcl-1.8/pcl/sample_consensus/model_types.h:99:3:[m[K [01;35m[Kwarning: [m[K'[01m[Kpcl::SAC_SAMPLE_SIZE[m[K' is deprecated: This map is deprecated and is kept only to prevent breaking existing user code. Starting from PCL 1.8.0 model sample size is a protected member of the SampleConsensusModel class [[01;35m[K-Wdeprecated-declarations[m[K]
   [01;35m[KSAC_SAMPLE_SIZE[m[K (sample_size_pairs, sample_size_pairs + sizeof (sample_size_pairs) / sizeof (SampleSizeModel));
   [01;35m[K^~~~~~~~~~~~~~~[m[K
[01m[K/usr/include/pcl-1.8/pcl/sample_consensus/model_types.h:99:3:[m[K [01;36m[Knote: [m[Kdeclared here
make[2]: *** [CMakeFiles/octomap_editing.dir/src/OEServer.cpp.o] Error 1
make[1]: *** [CMakeFiles/octomap_editing.dir/all] Error 2
make: *** [all] Error 2
