In file included from [01m[K/usr/local/include/boost/detail/endian.hpp:9:0[m[K,
                 from [01m[K/usr/include/pcl-1.8/pcl/PCLPointCloud2.h:11[m[K,
                 from [01m[K/usr/include/pcl-1.8/pcl/conversions.h:48[m[K,
                 from [01m[K/opt/ros/melodic/include/pcl_ros/point_cloud.h:8[m[K,
                 from [01m[K/home/accname/programming/ROS/octomap_editing/catkin_ws/src/octomap_editing/include/OEServer.hpp:8[m[K,
                 from [01m[K/home/accname/programming/ROS/octomap_editing/catkin_ws/src/octomap_editing/src/octomap_editing.cpp:2[m[K:
[01m[K/usr/local/include/boost/predef/detail/endian_compat.h:11:161:[m[K [01;36m[Knote: [m[K#pragma message: The use of BOOST_*_ENDIAN and BOOST_BYTE_ORDER is deprecated. Please include <boost/predef/other/endian.h> and use BOOST_ENDIAN_*_BYTE instead
 #pragma message("The use of BOOST_*_ENDIAN and BOOST_BYTE_ORDER is deprecated. Please include <boost/predef/other/endian.h> and use BOOST_ENDIAN_*_BYTE instead"[01;36m[K)[m[K
                                                                                                                                                                 [01;36m[K^[m[K
In file included from [01m[K/usr/local/include/boost/detail/endian.hpp:9:0[m[K,
                 from [01m[K/usr/include/pcl-1.8/pcl/PCLPointCloud2.h:11[m[K,
                 from [01m[K/usr/include/pcl-1.8/pcl/conversions.h:48[m[K,
                 from [01m[K/opt/ros/melodic/include/pcl_ros/point_cloud.h:8[m[K,
                 from [01m[K/home/accname/programming/ROS/octomap_editing/catkin_ws/src/octomap_editing/include/OEServer.hpp:8[m[K,
                 from [01m[K/home/accname/programming/ROS/octomap_editing/catkin_ws/src/octomap_editing/src/OEServer.cpp:1[m[K:
[01m[K/usr/local/include/boost/predef/detail/endian_compat.h:11:161:[m[K [01;36m[Knote: [m[K#pragma message: The use of BOOST_*_ENDIAN and BOOST_BYTE_ORDER is deprecated. Please include <boost/predef/other/endian.h> and use BOOST_ENDIAN_*_BYTE instead
 #pragma message("The use of BOOST_*_ENDIAN and BOOST_BYTE_ORDER is deprecated. Please include <boost/predef/other/endian.h> and use BOOST_ENDIAN_*_BYTE instead"[01;36m[K)[m[K
                                                                                                                                                                 [01;36m[K^[m[K
In file included from [01m[K/home/accname/programming/ROS/octomap_editing/catkin_ws/src/octomap_editing/src/OEServer.cpp:1:0[m[K:
[01m[K/home/accname/programming/ROS/octomap_editing/catkin_ws/src/octomap_editing/include/OEServer.hpp:73:65:[m[K [01;31m[Kerror: [m[Ktemplate argument 2 is invalid
     std::map<std::string, &visualization_msgs::InteractiveMarker[01;31m[K>[m[K _markers;
                                                                 [01;31m[K^[m[K
[01m[K/home/accname/programming/ROS/octomap_editing/catkin_ws/src/octomap_editing/include/OEServer.hpp:73:65:[m[K [01;31m[Kerror: [m[Ktemplate argument 4 is invalid
[01m[K/home/accname/programming/ROS/octomap_editing/catkin_ws/src/octomap_editing/src/OEServer.cpp:[m[K In member function '[01m[Kvoid octomap_editing::OEServer::createControlMarker()[m[K':
[01m[K/home/accname/programming/ROS/octomap_editing/catkin_ws/src/octomap_editing/src/OEServer.cpp:89:14:[m[K [01;31m[Kerror: [m[Krequest for member '[01m[Kinsert[m[K' in '[01m[K((octomap_editing::OEServer*)this)->octomap_editing::OEServer::_markers[m[K', which is of non-class type '[01m[Kint[m[K'
     _markers.[01;31m[Kinsert[m[K(std::pair<std::string, visualization_msgs::InteractiveMarker>(control_marker.name, &control_marker));
              [01;31m[K^~~~~~[m[K
[01m[K/home/accname/programming/ROS/octomap_editing/catkin_ws/src/octomap_editing/src/OEServer.cpp:89:119:[m[K [01;31m[Kerror: [m[Kno matching function for call to '[01m[Kstd::pair<std::__cxx11::basic_string<char>, visualization_msgs::InteractiveMarker_<std::allocator<void> > >::pair(visualization_msgs::InteractiveMarker_<std::allocator<void> >::_name_type&, visualization_msgs::InteractiveMarker*)[m[K'
     _markers.insert(std::pair<std::string, visualization_msgs::InteractiveMarker>(control_marker.name, &control_marker[01;31m[K)[m[K);
                                                                                                                       [01;31m[K^[m[K
In file included from [01m[K/usr/include/c++/7/bits/stl_algobase.h:64:0[m[K,
                 from [01m[K/usr/include/c++/7/bits/char_traits.h:39[m[K,
                 from [01m[K/usr/include/c++/7/string:40[m[K,
                 from [01m[K/opt/ros/melodic/include/visualization_msgs/InteractiveMarkerUpdate.h:9[m[K,
                 from [01m[K/opt/ros/melodic/include/interactive_markers/interactive_marker_server.h:35[m[K,
                 from [01m[K/home/accname/programming/ROS/octomap_editing/catkin_ws/src/octomap_editing/include/OEServer.hpp:4[m[K,
                 from [01m[K/home/accname/programming/ROS/octomap_editing/catkin_ws/src/octomap_editing/src/OEServer.cpp:1[m[K:
[01m[K/usr/include/c++/7/bits/stl_pair.h:436:9:[m[K [01;36m[Knote: [m[Kcandidate: template<class ... _Args1, long unsigned int ..._Indexes1, class ... _Args2, long unsigned int ..._Indexes2> std::pair<_T1, _T2>::pair(std::tuple<_Args1 ...>&, std::tuple<_Args2 ...>&, std::_Index_tuple<_Indexes1 ...>, std::_Index_tuple<_Indexes2 ...>)
         [01;36m[Kpair[m[K(tuple<_Args1...>&, tuple<_Args2...>&,
         [01;36m[K^~~~[m[K
[01m[K/usr/include/c++/7/bits/stl_pair.h:436:9:[m[K [01;36m[Knote: [m[K  template argument deduction/substitution failed:
[01m[K/home/accname/programming/ROS/octomap_editing/catkin_ws/src/octomap_editing/src/OEServer.cpp:89:119:[m[K [01;36m[Knote: [m[K  '[01m[Kvisualization_msgs::InteractiveMarker_<std::allocator<void> >::_name_type {aka std::__cxx11::basic_string<char>}[m[K' is not derived from '[01m[Kstd::tuple<_Tps ...>[m[K'
     _markers.insert(std::pair<std::string, visualization_msgs::InteractiveMarker>(control_marker.name, &control_marker[01;36m[K)[m[K);
                                                                                                                       [01;36m[K^[m[K
In file included from [01m[K/usr/include/c++/7/bits/stl_algobase.h:64:0[m[K,
                 from [01m[K/usr/include/c++/7/bits/char_traits.h:39[m[K,
                 from [01m[K/usr/include/c++/7/string:40[m[K,
                 from [01m[K/opt/ros/melodic/include/visualization_msgs/InteractiveMarkerUpdate.h:9[m[K,
                 from [01m[K/opt/ros/melodic/include/interactive_markers/interactive_marker_server.h:35[m[K,
                 from [01m[K/home/accname/programming/ROS/octomap_editing/catkin_ws/src/octomap_editing/include/OEServer.hpp:4[m[K,
                 from [01m[K/home/accname/programming/ROS/octomap_editing/catkin_ws/src/octomap_editing/src/OEServer.cpp:1[m[K:
[01m[K/usr/include/c++/7/bits/stl_pair.h:375:9:[m[K [01;36m[Knote: [m[Kcandidate: template<class ... _Args1, class ... _Args2> std::pair<_T1, _T2>::pair(std::piecewise_construct_t, std::tuple<_Args1 ...>, std::tuple<_Args2 ...>)
         [01;36m[Kpair[m[K(piecewise_construct_t, tuple<_Args1...>, tuple<_Args2...>);
         [01;36m[K^~~~[m[K
[01m[K/usr/include/c++/7/bits/stl_pair.h:375:9:[m[K [01;36m[Knote: [m[K  template argument deduction/substitution failed:
[01m[K/home/accname/programming/ROS/octomap_editing/catkin_ws/src/octomap_editing/src/OEServer.cpp:89:119:[m[K [01;36m[Knote: [m[K  mismatched types '[01m[Kstd::tuple<_Tps ...>[m[K' and '[01m[Kvisualization_msgs::InteractiveMarker* {aka visualization_msgs::InteractiveMarker_<std::allocator<void> >*}[m[K'
     _markers.insert(std::pair<std::string, visualization_msgs::InteractiveMarker>(control_marker.name, &control_marker[01;36m[K)[m[K);
                                                                                                                       [01;36m[K^[m[K
In file included from [01m[K/usr/include/c++/7/bits/stl_algobase.h:64:0[m[K,
                 from [01m[K/usr/include/c++/7/bits/char_traits.h:39[m[K,
                 from [01m[K/usr/include/c++/7/string:40[m[K,
                 from [01m[K/opt/ros/melodic/include/visualization_msgs/InteractiveMarkerUpdate.h:9[m[K,
                 from [01m[K/opt/ros/melodic/include/interactive_markers/interactive_marker_server.h:35[m[K,
                 from [01m[K/home/accname/programming/ROS/octomap_editing/catkin_ws/src/octomap_editing/include/OEServer.hpp:4[m[K,
                 from [01m[K/home/accname/programming/ROS/octomap_editing/catkin_ws/src/octomap_editing/src/OEServer.cpp:1[m[K:
[01m[K/usr/include/c++/7/bits/stl_pair.h:370:21:[m[K [01;36m[Knote: [m[Kcandidate: template<class _U1, class _U2, typename std::enable_if<(std::_PCC<((! std::is_same<std::__cxx11::basic_string<char>, _U1>::value) || (! std::is_same<visualization_msgs::InteractiveMarker_<std::allocator<void> >, _U2>::value)), std::__cxx11::basic_string<char>, visualization_msgs::InteractiveMarker_<std::allocator<void> > >::_MoveConstructiblePair<_U1, _U2>() && (! std::_PCC<((! std::is_same<std::__cxx11::basic_string<char>, _U1>::value) || (! std::is_same<visualization_msgs::InteractiveMarker_<std::allocator<void> >, _U2>::value)), std::__cxx11::basic_string<char>, visualization_msgs::InteractiveMarker_<std::allocator<void> > >::_ImplicitlyMoveConvertiblePair<_U1, _U2>())), bool>::type <anonymous> > constexpr std::pair<_T1, _T2>::pair(std::pair<_U1, _U2>&&)
  explicit constexpr [01;36m[Kpair[m[K(pair<_U1, _U2>&& __p)
                     [01;36m[K^~~~[m[K
[01m[K/usr/include/c++/7/bits/stl_pair.h:370:21:[m[K [01;36m[Knote: [m[K  template argument deduction/substitution failed:
[01m[K/home/accname/programming/ROS/octomap_editing/catkin_ws/src/octomap_editing/src/OEServer.cpp:89:119:[m[K [01;36m[Knote: [m[K  '[01m[Kvisualization_msgs::InteractiveMarker_<std::allocator<void> >::_name_type {aka std::__cxx11::basic_string<char>}[m[K' is not derived from '[01m[Kstd::pair<_T1, _T2>[m[K'
     _markers.insert(std::pair<std::string, visualization_msgs::InteractiveMarker>(control_marker.name, &control_marker[01;36m[K)[m[K);
                                                                                                                       [01;36m[K^[m[K
In file included from [01m[K/usr/include/c++/7/bits/stl_algobase.h:64:0[m[K,
                 from [01m[K/usr/include/c++/7/bits/char_traits.h:39[m[K,
                 from [01m[K/usr/include/c++/7/string:40[m[K,
                 from [01m[K/opt/ros/melodic/include/visualization_msgs/InteractiveMarkerUpdate.h:9[m[K,
                 from [01m[K/opt/ros/melodic/include/interactive_markers/interactive_marker_server.h:35[m[K,
                 from [01m[K/home/accname/programming/ROS/octomap_editing/catkin_ws/src/octomap_editing/include/OEServer.hpp:4[m[K,
                 from [01m[K/home/accname/programming/ROS/octomap_editing/catkin_ws/src/octomap_editing/src/OEServer.cpp:1[m[K:
[01m[K/usr/include/c++/7/bits/stl_pair.h:360:12:[m[K [01;36m[Knote: [m[Kcandidate: template<class _U1, class _U2, typename std::enable_if<(std::_PCC<((! std::is_same<std::__cxx11::basic_string<char>, _U1>::value) || (! std::is_same<visualization_msgs::InteractiveMarker_<std::allocator<void> >, _U2>::value)), std::__cxx11::basic_string<char>, visualization_msgs::InteractiveMarker_<std::allocator<void> > >::_MoveConstructiblePair<_U1, _U2>() && std::_PCC<((! std::is_same<std::__cxx11::basic_string<char>, _U1>::value) || (! std::is_same<visualization_msgs::InteractiveMarker_<std::allocator<void> >, _U2>::value)), std::__cxx11::basic_string<char>, visualization_msgs::InteractiveMarker_<std::allocator<void> > >::_ImplicitlyMoveConvertiblePair<_U1, _U2>()), bool>::type <anonymous> > constexpr std::pair<_T1, _T2>::pair(std::pair<_U1, _U2>&&)
  constexpr [01;36m[Kpair[m[K(pair<_U1, _U2>&& __p)
            [01;36m[K^~~~[m[K
[01m[K/usr/include/c++/7/bits/stl_pair.h:360:12:[m[K [01;36m[Knote: [m[K  template argument deduction/substitution failed:
[01m[K/home/accname/programming/ROS/octomap_editing/catkin_ws/src/octomap_editing/src/OEServer.cpp:89:119:[m[K [01;36m[Knote: [m[K  '[01m[Kvisualization_msgs::InteractiveMarker_<std::allocator<void> >::_name_type {aka std::__cxx11::basic_string<char>}[m[K' is not derived from '[01m[Kstd::pair<_T1, _T2>[m[K'
     _markers.insert(std::pair<std::string, visualization_msgs::InteractiveMarker>(control_marker.name, &control_marker[01;36m[K)[m[K);
                                                                                                                       [01;36m[K^[m[K
In file included from [01m[K/usr/include/c++/7/bits/stl_algobase.h:64:0[m[K,
                 from [01m[K/usr/include/c++/7/bits/char_traits.h:39[m[K,
                 from [01m[K/usr/include/c++/7/string:40[m[K,
                 from [01m[K/opt/ros/melodic/include/visualization_msgs/InteractiveMarkerUpdate.h:9[m[K,
                 from [01m[K/opt/ros/melodic/include/interactive_markers/interactive_marker_server.h:35[m[K,
                 from [01m[K/home/accname/programming/ROS/octomap_editing/catkin_ws/src/octomap_editing/include/OEServer.hpp:4[m[K,
                 from [01m[K/home/accname/programming/ROS/octomap_editing/catkin_ws/src/octomap_editing/src/OEServer.cpp:1[m[K:
[01m[K/usr/include/c++/7/bits/stl_pair.h:350:21:[m[K [01;36m[Knote: [m[Kcandidate: template<class _U1, class _U2, typename std::enable_if<(_MoveConstructiblePair<_U1, _U2>() && (! _ImplicitlyMoveConvertiblePair<_U1, _U2>())), bool>::type <anonymous> > constexpr std::pair<_T1, _T2>::pair(_U1&&, _U2&&)
  explicit constexpr [01;36m[Kpair[m[K(_U1&& __x, _U2&& __y)
                     [01;36m[K^~~~[m[K
[01m[K/usr/include/c++/7/bits/stl_pair.h:350:21:[m[K [01;36m[Knote: [m[K  template argument deduction/substitution failed:
[01m[K/usr/include/c++/7/bits/stl_pair.h:349:38:[m[K [01;31m[Kerror: [m[Kno type named '[01m[Ktype[m[K' in '[01m[Kstruct std::enable_if<false, bool>[m[K'
                          bool>::type=[01;31m[Kfalse[m[K>
                                      [01;31m[K^~~~~[m[K
[01m[K/usr/include/c++/7/bits/stl_pair.h:349:38:[m[K [01;36m[Knote: [m[Kinvalid template non-type parameter
[01m[K/usr/include/c++/7/bits/stl_pair.h:341:12:[m[K [01;36m[Knote: [m[Kcandidate: template<class _U1, class _U2, typename std::enable_if<(_MoveConstructiblePair<_U1, _U2>() && _ImplicitlyMoveConvertiblePair<_U1, _U2>()), bool>::type <anonymous> > constexpr std::pair<_T1, _T2>::pair(_U1&&, _U2&&)
  constexpr [01;36m[Kpair[m[K(_U1&& __x, _U2&& __y)
            [01;36m[K^~~~[m[K
[01m[K/usr/include/c++/7/bits/stl_pair.h:341:12:[m[K [01;36m[Knote: [m[K  template argument deduction/substitution failed:
[01m[K/usr/include/c++/7/bits/stl_pair.h:340:38:[m[K [01;31m[Kerror: [m[Kno type named '[01m[Ktype[m[K' in '[01m[Kstruct std::enable_if<false, bool>[m[K'
                          bool>::type=[01;31m[Ktrue[m[K>
                                      [01;31m[K^~~~[m[K
[01m[K/usr/include/c++/7/bits/stl_pair.h:340:38:[m[K [01;36m[Knote: [m[Kinvalid template non-type parameter
[01m[K/usr/include/c++/7/bits/stl_pair.h:332:17:[m[K [01;36m[Knote: [m[Kcandidate: template<class _U2, typename std::enable_if<_CopyMovePair<false, std::__cxx11::basic_string<char, std::char_traits<char>, std::allocator<char> >, _U2>(), bool>::type <anonymous> > std::pair<_T1, _T2>::pair(const _T1&, _U2&&)
        explicit [01;36m[Kpair[m[K(const _T1& __x, _U2&& __y)
                 [01;36m[K^~~~[m[K
[01m[K/usr/include/c++/7/bits/stl_pair.h:332:17:[m[K [01;36m[Knote: [m[K  template argument deduction/substitution failed:
[01m[K/usr/include/c++/7/bits/stl_pair.h:331:38:[m[K [01;31m[Kerror: [m[Kno type named '[01m[Ktype[m[K' in '[01m[Kstruct std::enable_if<false, bool>[m[K'
                          bool>::type=[01;31m[Kfalse[m[K>
                                      [01;31m[K^~~~~[m[K
[01m[K/usr/include/c++/7/bits/stl_pair.h:331:38:[m[K [01;36m[Knote: [m[Kinvalid template non-type parameter
[01m[K/usr/include/c++/7/bits/stl_pair.h:325:18:[m[K [01;36m[Knote: [m[Kcandidate: template<class _U2, typename std::enable_if<_CopyMovePair<true, std::__cxx11::basic_string<char, std::char_traits<char>, std::allocator<char> >, _U2>(), bool>::type <anonymous> > constexpr std::pair<_T1, _T2>::pair(const _T1&, _U2&&)
        constexpr [01;36m[Kpair[m[K(const _T1& __x, _U2&& __y)
                  [01;36m[K^~~~[m[K
[01m[K/usr/include/c++/7/bits/stl_pair.h:325:18:[m[K [01;36m[Knote: [m[K  template argument deduction/substitution failed:
[01m[K/usr/include/c++/7/bits/stl_pair.h:324:38:[m[K [01;31m[Kerror: [m[Kno type named '[01m[Ktype[m[K' in '[01m[Kstruct std::enable_if<false, bool>[m[K'
                          bool>::type=[01;31m[Ktrue[m[K>
                                      [01;31m[K^~~~[m[K
[01m[K/usr/include/c++/7/bits/stl_pair.h:324:38:[m[K [01;36m[Knote: [m[Kinvalid template non-type parameter
[01m[K/usr/include/c++/7/bits/stl_pair.h:318:27:[m[K [01;36m[Knote: [m[Kcandidate: template<class _U1, typename std::enable_if<_MoveCopyPair<false, _U1, visualization_msgs::InteractiveMarker_<std::allocator<void> > >(), bool>::type <anonymous> > constexpr std::pair<_T1, _T2>::pair(_U1&&, const _T2&)
        explicit constexpr [01;36m[Kpair[m[K(_U1&& __x, const _T2& __y)
                           [01;36m[K^~~~[m[K
[01m[K/usr/include/c++/7/bits/stl_pair.h:318:27:[m[K [01;36m[Knote: [m[K  template argument deduction/substitution failed:
[01m[K/home/accname/programming/ROS/octomap_editing/catkin_ws/src/octomap_editing/src/OEServer.cpp:89:104:[m[K [01;36m[Knote: [m[K  cannot convert '[01m[K& control_marker[m[K' (type '[01m[Kvisualization_msgs::InteractiveMarker* {aka visualization_msgs::InteractiveMarker_<std::allocator<void> >*}[m[K') to type '[01m[Kconst visualization_msgs::InteractiveMarker_<std::allocator<void> >&[m[K'
     _markers.insert(std::pair<std::string, visualization_msgs::InteractiveMarker>(control_marker.name, [01;36m[K&control_marker[m[K));
                                                                                                        [01;36m[K^~~~~~~~~~~~~~~[m[K
In file included from [01m[K/usr/include/c++/7/bits/stl_algobase.h:64:0[m[K,
                 from [01m[K/usr/include/c++/7/bits/char_traits.h:39[m[K,
                 from [01m[K/usr/include/c++/7/string:40[m[K,
                 from [01m[K/opt/ros/melodic/include/visualization_msgs/InteractiveMarkerUpdate.h:9[m[K,
                 from [01m[K/opt/ros/melodic/include/interactive_markers/interactive_marker_server.h:35[m[K,
                 from [01m[K/home/accname/programming/ROS/octomap_editing/catkin_ws/src/octomap_editing/include/OEServer.hpp:4[m[K,
                 from [01m[K/home/accname/programming/ROS/octomap_editing/catkin_ws/src/octomap_editing/src/OEServer.cpp:1[m[K:
[01m[K/usr/include/c++/7/bits/stl_pair.h:311:18:[m[K [01;36m[Knote: [m[Kcandidate: template<class _U1, typename std::enable_if<_MoveCopyPair<true, _U1, visualization_msgs::InteractiveMarker_<std::allocator<void> > >(), bool>::type <anonymous> > constexpr std::pair<_T1, _T2>::pair(_U1&&, const _T2&)
        constexpr [01;36m[Kpair[m[K(_U1&& __x, const _T2& __y)
                  [01;36m[K^~~~[m[K
[01m[K/usr/include/c++/7/bits/stl_pair.h:311:18:[m[K [01;36m[Knote: [m[K  template argument deduction/substitution failed:
[01m[K/home/accname/programming/ROS/octomap_editing/catkin_ws/src/octomap_editing/src/OEServer.cpp:89:104:[m[K [01;36m[Knote: [m[K  cannot convert '[01m[K& control_marker[m[K' (type '[01m[Kvisualization_msgs::InteractiveMarker* {aka visualization_msgs::InteractiveMarker_<std::allocator<void> >*}[m[K') to type '[01m[Kconst visualization_msgs::InteractiveMarker_<std::allocator<void> >&[m[K'
     _markers.insert(std::pair<std::string, visualization_msgs::InteractiveMarker>(control_marker.name, [01;36m[K&control_marker[m[K));
                                                                                                        [01;36m[K^~~~~~~~~~~~~~~[m[K
In file included from [01m[K/usr/include/c++/7/bits/stl_algobase.h:64:0[m[K,
                 from [01m[K/usr/include/c++/7/bits/char_traits.h:39[m[K,
                 from [01m[K/usr/include/c++/7/string:40[m[K,
                 from [01m[K/opt/ros/melodic/include/visualization_msgs/InteractiveMarkerUpdate.h:9[m[K,
                 from [01m[K/opt/ros/melodic/include/interactive_markers/interactive_marker_server.h:35[m[K,
                 from [01m[K/home/accname/programming/ROS/octomap_editing/catkin_ws/src/octomap_editing/include/OEServer.hpp:4[m[K,
                 from [01m[K/home/accname/programming/ROS/octomap_editing/catkin_ws/src/octomap_editing/src/OEServer.cpp:1[m[K:
[01m[K/usr/include/c++/7/bits/stl_pair.h:304:17:[m[K [01;36m[Knote: [m[Kcandidate: std::pair<_T1, _T2>::pair(std::pair<_T1, _T2>&&) [with _T1 = std::__cxx11::basic_string<char>; _T2 = visualization_msgs::InteractiveMarker_<std::allocator<void> >]
       constexpr [01;36m[Kpair[m[K(pair&&) = default;
                 [01;36m[K^~~~[m[K
[01m[K/usr/include/c++/7/bits/stl_pair.h:304:17:[m[K [01;36m[Knote: [m[K  candidate expects 1 argument, 2 provided
[01m[K/usr/include/c++/7/bits/stl_pair.h:303:17:[m[K [01;36m[Knote: [m[Kcandidate: std::pair<_T1, _T2>::pair(const std::pair<_T1, _T2>&) [with _T1 = std::__cxx11::basic_string<char>; _T2 = visualization_msgs::InteractiveMarker_<std::allocator<void> >]
       constexpr [01;36m[Kpair[m[K(const pair&) = default;
                 [01;36m[K^~~~[m[K
[01m[K/usr/include/c++/7/bits/stl_pair.h:303:17:[m[K [01;36m[Knote: [m[K  candidate expects 1 argument, 2 provided
[01m[K/usr/include/c++/7/bits/stl_pair.h:300:21:[m[K [01;36m[Knote: [m[Kcandidate: template<class _U1, class _U2, typename std::enable_if<(std::_PCC<((! std::is_same<std::__cxx11::basic_string<char>, _U1>::value) || (! std::is_same<visualization_msgs::InteractiveMarker_<std::allocator<void> >, _U2>::value)), std::__cxx11::basic_string<char>, visualization_msgs::InteractiveMarker_<std::allocator<void> > >::_ConstructiblePair<_U1, _U2>() && (! std::_PCC<((! std::is_same<std::__cxx11::basic_string<char>, _U1>::value) || (! std::is_same<visualization_msgs::InteractiveMarker_<std::allocator<void> >, _U2>::value)), std::__cxx11::basic_string<char>, visualization_msgs::InteractiveMarker_<std::allocator<void> > >::_ImplicitlyConvertiblePair<_U1, _U2>())), bool>::type <anonymous> > constexpr std::pair<_T1, _T2>::pair(const std::pair<_U1, _U2>&)
  explicit constexpr [01;36m[Kpair[m[K(const pair<_U1, _U2>& __p)
                     [01;36m[K^~~~[m[K
[01m[K/usr/include/c++/7/bits/stl_pair.h:300:21:[m[K [01;36m[Knote: [m[K  template argument deduction/substitution failed:
[01m[K/home/accname/programming/ROS/octomap_editing/catkin_ws/src/octomap_editing/src/OEServer.cpp:89:119:[m[K [01;36m[Knote: [m[K  '[01m[Kvisualization_msgs::InteractiveMarker_<std::allocator<void> >::_name_type {aka std::__cxx11::basic_string<char>}[m[K' is not derived from '[01m[Kconst std::pair<_T1, _T2>[m[K'
     _markers.insert(std::pair<std::string, visualization_msgs::InteractiveMarker>(control_marker.name, &control_marker[01;36m[K)[m[K);
                                                                                                                       [01;36m[K^[m[K
In file included from [01m[K/usr/include/c++/7/bits/stl_algobase.h:64:0[m[K,
                 from [01m[K/usr/include/c++/7/bits/char_traits.h:39[m[K,
                 from [01m[K/usr/include/c++/7/string:40[m[K,
                 from [01m[K/opt/ros/melodic/include/visualization_msgs/InteractiveMarkerUpdate.h:9[m[K,
                 from [01m[K/opt/ros/melodic/include/interactive_markers/interactive_marker_server.h:35[m[K,
                 from [01m[K/home/accname/programming/ROS/octomap_editing/catkin_ws/src/octomap_editing/include/OEServer.hpp:4[m[K,
                 from [01m[K/home/accname/programming/ROS/octomap_editing/catkin_ws/src/octomap_editing/src/OEServer.cpp:1[m[K:
[01m[K/usr/include/c++/7/bits/stl_pair.h:291:19:[m[K [01;36m[Knote: [m[Kcandidate: template<class _U1, class _U2, typename std::enable_if<(std::_PCC<((! std::is_same<std::__cxx11::basic_string<char>, _U1>::value) || (! std::is_same<visualization_msgs::InteractiveMarker_<std::allocator<void> >, _U2>::value)), std::__cxx11::basic_string<char>, visualization_msgs::InteractiveMarker_<std::allocator<void> > >::_ConstructiblePair<_U1, _U2>() && std::_PCC<((! std::is_same<std::__cxx11::basic_string<char>, _U1>::value) || (! std::is_same<visualization_msgs::InteractiveMarker_<std::allocator<void> >, _U2>::value)), std::__cxx11::basic_string<char>, visualization_msgs::InteractiveMarker_<std::allocator<void> > >::_ImplicitlyConvertiblePair<_U1, _U2>()), bool>::type <anonymous> > constexpr std::pair<_T1, _T2>::pair(const std::pair<_U1, _U2>&)
         constexpr [01;36m[Kpair[m[K(const pair<_U1, _U2>& __p)
                   [01;36m[K^~~~[m[K
[01m[K/usr/include/c++/7/bits/stl_pair.h:291:19:[m[K [01;36m[Knote: [m[K  template argument deduction/substitution failed:
[01m[K/home/accname/programming/ROS/octomap_editing/catkin_ws/src/octomap_editing/src/OEServer.cpp:89:119:[m[K [01;36m[Knote: [m[K  '[01m[Kvisualization_msgs::InteractiveMarker_<std::allocator<void> >::_name_type {aka std::__cxx11::basic_string<char>}[m[K' is not derived from '[01m[Kconst std::pair<_T1, _T2>[m[K'
     _markers.insert(std::pair<std::string, visualization_msgs::InteractiveMarker>(control_marker.name, &control_marker[01;36m[K)[m[K);
                                                                                                                       [01;36m[K^[m[K
In file included from [01m[K/usr/include/c++/7/bits/stl_algobase.h:64:0[m[K,
                 from [01m[K/usr/include/c++/7/bits/char_traits.h:39[m[K,
                 from [01m[K/usr/include/c++/7/string:40[m[K,
                 from [01m[K/opt/ros/melodic/include/visualization_msgs/InteractiveMarkerUpdate.h:9[m[K,
                 from [01m[K/opt/ros/melodic/include/interactive_markers/interactive_marker_server.h:35[m[K,
                 from [01m[K/home/accname/programming/ROS/octomap_editing/catkin_ws/src/octomap_editing/include/OEServer.hpp:4[m[K,
                 from [01m[K/home/accname/programming/ROS/octomap_editing/catkin_ws/src/octomap_editing/src/OEServer.cpp:1[m[K:
[01m[K/usr/include/c++/7/bits/stl_pair.h:269:26:[m[K [01;36m[Knote: [m[Kcandidate: template<class _U1, class _U2, typename std::enable_if<(_ConstructiblePair<_U1, _U2>() && (! _ImplicitlyConvertiblePair<_U1, _U2>())), bool>::type <anonymous> > constexpr std::pair<_T1, _T2>::pair(const _T1&, const _T2&)
       explicit constexpr [01;36m[Kpair[m[K(const _T1& __a, const _T2& __b)
                          [01;36m[K^~~~[m[K
[01m[K/usr/include/c++/7/bits/stl_pair.h:269:26:[m[K [01;36m[Knote: [m[K  template argument deduction/substitution failed:
[01m[K/home/accname/programming/ROS/octomap_editing/catkin_ws/src/octomap_editing/src/OEServer.cpp:89:104:[m[K [01;36m[Knote: [m[K  cannot convert '[01m[K& control_marker[m[K' (type '[01m[Kvisualization_msgs::InteractiveMarker* {aka visualization_msgs::InteractiveMarker_<std::allocator<void> >*}[m[K') to type '[01m[Kconst visualization_msgs::InteractiveMarker_<std::allocator<void> >&[m[K'
     _markers.insert(std::pair<std::string, visualization_msgs::InteractiveMarker>(control_marker.name, [01;36m[K&control_marker[m[K));
                                                                                                        [01;36m[K^~~~~~~~~~~~~~~[m[K
In file included from [01m[K/usr/include/c++/7/bits/stl_algobase.h:64:0[m[K,
                 from [01m[K/usr/include/c++/7/bits/char_traits.h:39[m[K,
                 from [01m[K/usr/include/c++/7/string:40[m[K,
                 from [01m[K/opt/ros/melodic/include/visualization_msgs/InteractiveMarkerUpdate.h:9[m[K,
                 from [01m[K/opt/ros/melodic/include/interactive_markers/interactive_marker_server.h:35[m[K,
                 from [01m[K/home/accname/programming/ROS/octomap_editing/catkin_ws/src/octomap_editing/include/OEServer.hpp:4[m[K,
                 from [01m[K/home/accname/programming/ROS/octomap_editing/catkin_ws/src/octomap_editing/src/OEServer.cpp:1[m[K:
[01m[K/usr/include/c++/7/bits/stl_pair.h:260:17:[m[K [01;36m[Knote: [m[Kcandidate: template<class _U1, class _U2, typename std::enable_if<(_ConstructiblePair<_U1, _U2>() && _ImplicitlyConvertiblePair<_U1, _U2>()), bool>::type <anonymous> > constexpr std::pair<_T1, _T2>::pair(const _T1&, const _T2&)
       constexpr [01;36m[Kpair[m[K(const _T1& __a, const _T2& __b)
                 [01;36m[K^~~~[m[K
[01m[K/usr/include/c++/7/bits/stl_pair.h:260:17:[m[K [01;36m[Knote: [m[K  template argument deduction/substitution failed:
[01m[K/home/accname/programming/ROS/octomap_editing/catkin_ws/src/octomap_editing/src/OEServer.cpp:89:104:[m[K [01;36m[Knote: [m[K  cannot convert '[01m[K& control_marker[m[K' (type '[01m[Kvisualization_msgs::InteractiveMarker* {aka visualization_msgs::InteractiveMarker_<std::allocator<void> >*}[m[K') to type '[01m[Kconst visualization_msgs::InteractiveMarker_<std::allocator<void> >&[m[K'
     _markers.insert(std::pair<std::string, visualization_msgs::InteractiveMarker>(control_marker.name, [01;36m[K&control_marker[m[K));
                                                                                                        [01;36m[K^~~~~~~~~~~~~~~[m[K
In file included from [01m[K/usr/include/c++/7/bits/stl_algobase.h:64:0[m[K,
                 from [01m[K/usr/include/c++/7/bits/char_traits.h:39[m[K,
                 from [01m[K/usr/include/c++/7/string:40[m[K,
                 from [01m[K/opt/ros/melodic/include/visualization_msgs/InteractiveMarkerUpdate.h:9[m[K,
                 from [01m[K/opt/ros/melodic/include/interactive_markers/interactive_marker_server.h:35[m[K,
                 from [01m[K/home/accname/programming/ROS/octomap_editing/catkin_ws/src/octomap_editing/include/OEServer.hpp:4[m[K,
                 from [01m[K/home/accname/programming/ROS/octomap_editing/catkin_ws/src/octomap_editing/src/OEServer.cpp:1[m[K:
[01m[K/usr/include/c++/7/bits/stl_pair.h:242:26:[m[K [01;36m[Knote: [m[Kcandidate: template<class _U1, class _U2, typename std::enable_if<std::__and_<std::is_default_constructible<_Tp>, std::is_default_constructible<_U2>, std::__not_<std::__and_<std::__is_implicitly_default_constructible<_U1>, std::__is_implicitly_default_constructible<_U2> > > >::value, bool>::type <anonymous> > constexpr std::pair<_T1, _T2>::pair()
       explicit constexpr [01;36m[Kpair[m[K()
                          [01;36m[K^~~~[m[K
[01m[K/usr/include/c++/7/bits/stl_pair.h:242:26:[m[K [01;36m[Knote: [m[K  template argument deduction/substitution failed:
[01m[K/home/accname/programming/ROS/octomap_editing/catkin_ws/src/octomap_editing/src/OEServer.cpp:89:119:[m[K [01;36m[Knote: [m[K  candidate expects 0 arguments, 2 provided
     _markers.insert(std::pair<std::string, visualization_msgs::InteractiveMarker>(control_marker.name, &control_marker[01;36m[K)[m[K);
                                                                                                                       [01;36m[K^[m[K
In file included from [01m[K/usr/include/c++/7/bits/stl_algobase.h:64:0[m[K,
                 from [01m[K/usr/include/c++/7/bits/char_traits.h:39[m[K,
                 from [01m[K/usr/include/c++/7/string:40[m[K,
                 from [01m[K/opt/ros/melodic/include/visualization_msgs/InteractiveMarkerUpdate.h:9[m[K,
                 from [01m[K/opt/ros/melodic/include/interactive_markers/interactive_marker_server.h:35[m[K,
                 from [01m[K/home/accname/programming/ROS/octomap_editing/catkin_ws/src/octomap_editing/include/OEServer.hpp:4[m[K,
                 from [01m[K/home/accname/programming/ROS/octomap_editing/catkin_ws/src/octomap_editing/src/OEServer.cpp:1[m[K:
[01m[K/usr/include/c++/7/bits/stl_pair.h:229:26:[m[K [01;36m[Knote: [m[Kcandidate: template<class _U1, class _U2, typename std::enable_if<std::__and_<std::__is_implicitly_default_constructible<_U1>, std::__is_implicitly_default_constructible<_U2> >::value, bool>::type <anonymous> > constexpr std::pair<_T1, _T2>::pair()
       _GLIBCXX_CONSTEXPR [01;36m[Kpair[m[K()
                          [01;36m[K^~~~[m[K
[01m[K/usr/include/c++/7/bits/stl_pair.h:229:26:[m[K [01;36m[Knote: [m[K  template argument deduction/substitution failed:
[01m[K/home/accname/programming/ROS/octomap_editing/catkin_ws/src/octomap_editing/src/OEServer.cpp:89:119:[m[K [01;36m[Knote: [m[K  candidate expects 0 arguments, 2 provided
     _markers.insert(std::pair<std::string, visualization_msgs::InteractiveMarker>(control_marker.name, &control_marker[01;36m[K)[m[K);
                                                                                                                       [01;36m[K^[m[K
In file included from [01m[K/home/accname/programming/ROS/octomap_editing/catkin_ws/src/octomap_editing/src/octomap_editing.cpp:2:0[m[K:
[01m[K/home/accname/programming/ROS/octomap_editing/catkin_ws/src/octomap_editing/include/OEServer.hpp:73:65:[m[K [01;31m[Kerror: [m[Ktemplate argument 2 is invalid
     std::map<std::string, &visualization_msgs::InteractiveMarker[01;31m[K>[m[K _markers;
                                                                 [01;31m[K^[m[K
[01m[K/home/accname/programming/ROS/octomap_editing/catkin_ws/src/octomap_editing/include/OEServer.hpp:73:65:[m[K [01;31m[Kerror: [m[Ktemplate argument 4 is invalid
In file included from [01m[K/opt/ros/melodic/include/octomap_server/OctomapServer.h:49:0[m[K,
                 from [01m[K/home/accname/programming/ROS/octomap_editing/catkin_ws/src/octomap_editing/include/OEServer.hpp:12[m[K,
                 from [01m[K/home/accname/programming/ROS/octomap_editing/catkin_ws/src/octomap_editing/src/octomap_editing.cpp:2[m[K:
[01m[K/usr/include/pcl-1.8/pcl/sample_consensus/model_types.h:[m[K In function '[01m[Kvoid __static_initialization_and_destruction_0(int, int)[m[K':
[01m[K/usr/include/pcl-1.8/pcl/sample_consensus/model_types.h:99:3:[m[K [01;35m[Kwarning: [m[K'[01m[Kpcl::SAC_SAMPLE_SIZE[m[K' is deprecated: This map is deprecated and is kept only to prevent breaking existing user code. Starting from PCL 1.8.0 model sample size is a protected member of the SampleConsensusModel class [[01;35m[K-Wdeprecated-declarations[m[K]
   [01;35m[KSAC_SAMPLE_SIZE[m[K (sample_size_pairs, sample_size_pairs + sizeof (sample_size_pairs) / sizeof (SampleSizeModel));
   [01;35m[K^~~~~~~~~~~~~~~[m[K
[01m[K/usr/include/pcl-1.8/pcl/sample_consensus/model_types.h:99:3:[m[K [01;36m[Knote: [m[Kdeclared here
In file included from [01m[K/opt/ros/melodic/include/octomap_server/OctomapServer.h:49:0[m[K,
                 from [01m[K/home/accname/programming/ROS/octomap_editing/catkin_ws/src/octomap_editing/include/OEServer.hpp:12[m[K,
                 from [01m[K/home/accname/programming/ROS/octomap_editing/catkin_ws/src/octomap_editing/src/OEServer.cpp:1[m[K:
[01m[K/usr/include/pcl-1.8/pcl/sample_consensus/model_types.h:[m[K In function '[01m[Kvoid __static_initialization_and_destruction_0(int, int)[m[K':
[01m[K/usr/include/pcl-1.8/pcl/sample_consensus/model_types.h:99:3:[m[K [01;35m[Kwarning: [m[K'[01m[Kpcl::SAC_SAMPLE_SIZE[m[K' is deprecated: This map is deprecated and is kept only to prevent breaking existing user code. Starting from PCL 1.8.0 model sample size is a protected member of the SampleConsensusModel class [[01;35m[K-Wdeprecated-declarations[m[K]
   [01;35m[KSAC_SAMPLE_SIZE[m[K (sample_size_pairs, sample_size_pairs + sizeof (sample_size_pairs) / sizeof (SampleSizeModel));
   [01;35m[K^~~~~~~~~~~~~~~[m[K
[01m[K/usr/include/pcl-1.8/pcl/sample_consensus/model_types.h:99:3:[m[K [01;36m[Knote: [m[Kdeclared here
make[2]: *** [CMakeFiles/octomap_editing.dir/src/octomap_editing.cpp.o] Error 1
make[2]: *** Waiting for unfinished jobs....
make[2]: *** [CMakeFiles/octomap_editing.dir/src/OEServer.cpp.o] Error 1
make[1]: *** [CMakeFiles/octomap_editing.dir/all] Error 2
make: *** [all] Error 2
