In file included from [01m[K/usr/local/include/boost/function/detail/maybe_include.hpp:22:0[m[K,
                 from [01m[K/usr/local/include/boost/function/detail/function_iterate.hpp:14[m[K,
                 from [01m[K/usr/local/include/boost/preprocessor/iteration/detail/iter/forward1.hpp:52[m[K,
                 from [01m[K/usr/local/include/boost/function.hpp:70[m[K,
                 from [01m[K/opt/ros/melodic/include/ros/forwards.h:40[m[K,
                 from [01m[K/opt/ros/melodic/include/ros/common.h:37[m[K,
                 from [01m[K/opt/ros/melodic/include/ros/ros.h:43[m[K,
                 from [01m[K/opt/ros/melodic/include/interactive_markers/interactive_marker_server.h:42[m[K,
                 from [01m[K/home/accname/programming/ROS/octomap_editing/catkin_ws/src/octomap_editing/include/OEServer.hpp:4[m[K,
                 from [01m[K/home/accname/programming/ROS/octomap_editing/catkin_ws/src/octomap_editing/src/OEServer.cpp:1[m[K:
/usr/local/include/boost/function/function_template.hpp: In instantiation of '[01m[Kstatic void boost::detail::function::function_void_mem_invoker1<MemberPtr, R, T0>::invoke(boost::detail::function::function_buffer&, T0) [with MemberPtr = void (octomap_editing::OEServer::*)(const boost::shared_ptr<const visualization_msgs::InteractiveMarkerFeedback_<std::allocator<void> > >&); R = void; T0 = const boost::shared_ptr<const visualization_msgs::InteractiveMarkerFeedback_<std::allocator<void> > >&][m[K':
[01m[K/usr/local/include/boost/function/function_template.hpp:931:38:[m[K   required from '[01m[Kvoid boost::function1<R, T1>::assign_to(Functor) [with Functor = void (octomap_editing::OEServer::*)(const boost::shared_ptr<const visualization_msgs::InteractiveMarkerFeedback_<std::allocator<void> > >&); R = void; T0 = const boost::shared_ptr<const visualization_msgs::InteractiveMarkerFeedback_<std::allocator<void> > >&][m[K'
[01m[K/usr/local/include/boost/function/function_template.hpp:720:7:[m[K   required from '[01m[Kboost::function1<R, T1>::function1(Functor, typename boost::enable_if_<(! boost::is_integral<T>::value), int>::type) [with Functor = void (octomap_editing::OEServer::*)(const boost::shared_ptr<const visualization_msgs::InteractiveMarkerFeedback_<std::allocator<void> > >&); R = void; T0 = const boost::shared_ptr<const visualization_msgs::InteractiveMarkerFeedback_<std::allocator<void> > >&; typename boost::enable_if_<(! boost::is_integral<T>::value), int>::type = int][m[K'
[01m[K/usr/local/include/boost/function/function_template.hpp:1068:16:[m[K   required from '[01m[Kboost::function<R(T0)>::function(Functor, typename boost::enable_if_<(! boost::is_integral<T>::value), int>::type) [with Functor = void (octomap_editing::OEServer::*)(const boost::shared_ptr<const visualization_msgs::InteractiveMarkerFeedback_<std::allocator<void> > >&); R = void; T0 = const boost::shared_ptr<const visualization_msgs::InteractiveMarkerFeedback_<std::allocator<void> > >&; typename boost::enable_if_<(! boost::is_integral<T>::value), int>::type = int][m[K'
[01m[K/home/accname/programming/ROS/octomap_editing/catkin_ws/src/octomap_editing/src/OEServer.cpp:34:75:[m[K   required from here
[01m[K/usr/local/include/boost/function/function_template.hpp:230:11:[m[K [01;31m[Kerror: [m[Kno match for call to '[01m[K(boost::_mfi::mf1<void, octomap_editing::OEServer, const boost::shared_ptr<const visualization_msgs::InteractiveMarkerFeedback_<std::allocator<void> > >&>) (const boost::shared_ptr<const visualization_msgs::InteractiveMarkerFeedback_<std::allocator<void> > >&)[m[K'
           [01;31m[KB[m[KOOST_FUNCTION_RETURN(boost::mem_fn(*f)(BOOST_FUNCTION_ARGS));
           [01;31m[K^[m[K
In file included from [01m[K/usr/local/include/boost/bind/mem_fn.hpp:215:0[m[K,
                 from [01m[K/usr/local/include/boost/mem_fn.hpp:22[m[K,
                 from [01m[K/usr/local/include/boost/bind/bind.hpp:26[m[K,
                 from [01m[K/usr/local/include/boost/bind.hpp:22[m[K,
                 from [01m[K/usr/local/include/boost/thread/detail/thread.hpp:33[m[K,
                 from [01m[K/usr/local/include/boost/thread/thread_only.hpp:22[m[K,
                 from [01m[K/usr/local/include/boost/thread/thread.hpp:12[m[K,
                 from [01m[K/opt/ros/melodic/include/interactive_markers/interactive_marker_server.h:39[m[K,
                 from [01m[K/home/accname/programming/ROS/octomap_editing/catkin_ws/src/octomap_editing/include/OEServer.hpp:4[m[K,
                 from [01m[K/home/accname/programming/ROS/octomap_editing/catkin_ws/src/octomap_editing/src/OEServer.cpp:1[m[K:
[01m[K/usr/local/include/boost/bind/mem_fn_template.hpp:163:7:[m[K [01;36m[Knote: [m[Kcandidate: R boost::_mfi::mf1<R, T, A1>::operator()(T*, A1) const [with R = void; T = octomap_editing::OEServer; A1 = const boost::shared_ptr<const visualization_msgs::InteractiveMarkerFeedback_<std::allocator<void> > >&]
     R [01;36m[Koperator[m[K()(T * p, A1 a1) const
       [01;36m[K^~~~~~~~[m[K
[01m[K/usr/local/include/boost/bind/mem_fn_template.hpp:163:7:[m[K [01;36m[Knote: [m[K  candidate expects 2 arguments, 1 provided
[01m[K/usr/local/include/boost/bind/mem_fn_template.hpp:168:25:[m[K [01;36m[Knote: [m[Kcandidate: template<class U> R boost::_mfi::mf1<R, T, A1>::operator()(U&, A1) const [with U = U; R = void; T = octomap_editing::OEServer; A1 = const boost::shared_ptr<const visualization_msgs::InteractiveMarkerFeedback_<std::allocator<void> > >&]
     template<class U> R [01;36m[Koperator[m[K()(U & u, A1 a1) const
                         [01;36m[K^~~~~~~~[m[K
[01m[K/usr/local/include/boost/bind/mem_fn_template.hpp:168:25:[m[K [01;36m[Knote: [m[K  template argument deduction/substitution failed:
In file included from [01m[K/usr/local/include/boost/function/detail/maybe_include.hpp:22:0[m[K,
                 from [01m[K/usr/local/include/boost/function/detail/function_iterate.hpp:14[m[K,
                 from [01m[K/usr/local/include/boost/preprocessor/iteration/detail/iter/forward1.hpp:52[m[K,
                 from [01m[K/usr/local/include/boost/function.hpp:70[m[K,
                 from [01m[K/opt/ros/melodic/include/ros/forwards.h:40[m[K,
                 from [01m[K/opt/ros/melodic/include/ros/common.h:37[m[K,
                 from [01m[K/opt/ros/melodic/include/ros/ros.h:43[m[K,
                 from [01m[K/opt/ros/melodic/include/interactive_markers/interactive_marker_server.h:42[m[K,
                 from [01m[K/home/accname/programming/ROS/octomap_editing/catkin_ws/src/octomap_editing/include/OEServer.hpp:4[m[K,
                 from [01m[K/home/accname/programming/ROS/octomap_editing/catkin_ws/src/octomap_editing/src/OEServer.cpp:1[m[K:
[01m[K/usr/local/include/boost/function/function_template.hpp:230:11:[m[K [01;36m[Knote: [m[K  candidate expects 2 arguments, 1 provided
           [01;36m[KB[m[KOOST_FUNCTION_RETURN(boost::mem_fn(*f)(BOOST_FUNCTION_ARGS));
           [01;36m[K^[m[K
In file included from [01m[K/usr/local/include/boost/bind/mem_fn.hpp:215:0[m[K,
                 from [01m[K/usr/local/include/boost/mem_fn.hpp:22[m[K,
                 from [01m[K/usr/local/include/boost/bind/bind.hpp:26[m[K,
                 from [01m[K/usr/local/include/boost/bind.hpp:22[m[K,
                 from [01m[K/usr/local/include/boost/thread/detail/thread.hpp:33[m[K,
                 from [01m[K/usr/local/include/boost/thread/thread_only.hpp:22[m[K,
                 from [01m[K/usr/local/include/boost/thread/thread.hpp:12[m[K,
                 from [01m[K/opt/ros/melodic/include/interactive_markers/interactive_marker_server.h:39[m[K,
                 from [01m[K/home/accname/programming/ROS/octomap_editing/catkin_ws/src/octomap_editing/include/OEServer.hpp:4[m[K,
                 from [01m[K/home/accname/programming/ROS/octomap_editing/catkin_ws/src/octomap_editing/src/OEServer.cpp:1[m[K:
[01m[K/usr/local/include/boost/bind/mem_fn_template.hpp:176:25:[m[K [01;36m[Knote: [m[Kcandidate: template<class U> R boost::_mfi::mf1<R, T, A1>::operator()(const U&, A1) const [with U = U; R = void; T = octomap_editing::OEServer; A1 = const boost::shared_ptr<const visualization_msgs::InteractiveMarkerFeedback_<std::allocator<void> > >&]
     template<class U> R [01;36m[Koperator[m[K()(U const & u, A1 a1) const
                         [01;36m[K^~~~~~~~[m[K
[01m[K/usr/local/include/boost/bind/mem_fn_template.hpp:176:25:[m[K [01;36m[Knote: [m[K  template argument deduction/substitution failed:
In file included from [01m[K/usr/local/include/boost/function/detail/maybe_include.hpp:22:0[m[K,
                 from [01m[K/usr/local/include/boost/function/detail/function_iterate.hpp:14[m[K,
                 from [01m[K/usr/local/include/boost/preprocessor/iteration/detail/iter/forward1.hpp:52[m[K,
                 from [01m[K/usr/local/include/boost/function.hpp:70[m[K,
                 from [01m[K/opt/ros/melodic/include/ros/forwards.h:40[m[K,
                 from [01m[K/opt/ros/melodic/include/ros/common.h:37[m[K,
                 from [01m[K/opt/ros/melodic/include/ros/ros.h:43[m[K,
                 from [01m[K/opt/ros/melodic/include/interactive_markers/interactive_marker_server.h:42[m[K,
                 from [01m[K/home/accname/programming/ROS/octomap_editing/catkin_ws/src/octomap_editing/include/OEServer.hpp:4[m[K,
                 from [01m[K/home/accname/programming/ROS/octomap_editing/catkin_ws/src/octomap_editing/src/OEServer.cpp:1[m[K:
[01m[K/usr/local/include/boost/function/function_template.hpp:230:11:[m[K [01;36m[Knote: [m[K  candidate expects 2 arguments, 1 provided
           [01;36m[KB[m[KOOST_FUNCTION_RETURN(boost::mem_fn(*f)(BOOST_FUNCTION_ARGS));
           [01;36m[K^[m[K
In file included from [01m[K/usr/local/include/boost/bind/mem_fn.hpp:215:0[m[K,
                 from [01m[K/usr/local/include/boost/mem_fn.hpp:22[m[K,
                 from [01m[K/usr/local/include/boost/bind/bind.hpp:26[m[K,
                 from [01m[K/usr/local/include/boost/bind.hpp:22[m[K,
                 from [01m[K/usr/local/include/boost/thread/detail/thread.hpp:33[m[K,
                 from [01m[K/usr/local/include/boost/thread/thread_only.hpp:22[m[K,
                 from [01m[K/usr/local/include/boost/thread/thread.hpp:12[m[K,
                 from [01m[K/opt/ros/melodic/include/interactive_markers/interactive_marker_server.h:39[m[K,
                 from [01m[K/home/accname/programming/ROS/octomap_editing/catkin_ws/src/octomap_editing/include/OEServer.hpp:4[m[K,
                 from [01m[K/home/accname/programming/ROS/octomap_editing/catkin_ws/src/octomap_editing/src/OEServer.cpp:1[m[K:
[01m[K/usr/local/include/boost/bind/mem_fn_template.hpp:184:7:[m[K [01;36m[Knote: [m[Kcandidate: R boost::_mfi::mf1<R, T, A1>::operator()(T&, A1) const [with R = void; T = octomap_editing::OEServer; A1 = const boost::shared_ptr<const visualization_msgs::InteractiveMarkerFeedback_<std::allocator<void> > >&]
     R [01;36m[Koperator[m[K()(T & t, A1 a1) const
       [01;36m[K^~~~~~~~[m[K
[01m[K/usr/local/include/boost/bind/mem_fn_template.hpp:184:7:[m[K [01;36m[Knote: [m[K  candidate expects 2 arguments, 1 provided
In file included from [01m[K/usr/local/include/boost/mem_fn.hpp:22:0[m[K,
                 from [01m[K/usr/local/include/boost/bind/bind.hpp:26[m[K,
                 from [01m[K/usr/local/include/boost/bind.hpp:22[m[K,
                 from [01m[K/usr/local/include/boost/thread/detail/thread.hpp:33[m[K,
                 from [01m[K/usr/local/include/boost/thread/thread_only.hpp:22[m[K,
                 from [01m[K/usr/local/include/boost/thread/thread.hpp:12[m[K,
                 from [01m[K/opt/ros/melodic/include/interactive_markers/interactive_marker_server.h:39[m[K,
                 from [01m[K/home/accname/programming/ROS/octomap_editing/catkin_ws/src/octomap_editing/include/OEServer.hpp:4[m[K,
                 from [01m[K/home/accname/programming/ROS/octomap_editing/catkin_ws/src/octomap_editing/src/OEServer.cpp:1[m[K:
/usr/local/include/boost/bind/mem_fn.hpp: In instantiation of '[01m[Kconst R& boost::_mfi::dm<R, T>::call(U&, const void*) const [with U = std::unique_ptr<interactive_markers::InteractiveMarkerServer>* const; R = void(const boost::shared_ptr<const visualization_msgs::InteractiveMarkerFeedback_<std::allocator<void> > >&); T = octomap_editing::OEServer][m[K':
[01m[K/usr/local/include/boost/bind/mem_fn.hpp:352:20:[m[K   required from '[01m[Kconst R& boost::_mfi::dm<R, T>::operator()(const U&) const [with U = std::unique_ptr<interactive_markers::InteractiveMarkerServer>*; R = void(const boost::shared_ptr<const visualization_msgs::InteractiveMarkerFeedback_<std::allocator<void> > >&); T = octomap_editing::OEServer][m[K'
[01m[K/usr/local/include/boost/bind/bind.hpp:249:42:[m[K   required from '[01m[KR boost::_bi::list1<A1>::operator()(boost::_bi::type<R>, F&, A&, long int) [with R = void (&)(const boost::shared_ptr<const visualization_msgs::InteractiveMarkerFeedback_<std::allocator<void> > >&); F = boost::_mfi::dm<void(const boost::shared_ptr<const visualization_msgs::InteractiveMarkerFeedback_<std::allocator<void> > >&), octomap_editing::OEServer>; A = boost::_bi::rrlist1<const boost::shared_ptr<const visualization_msgs::InteractiveMarkerFeedback_<std::allocator<void> > >&>; A1 = boost::_bi::value<std::unique_ptr<interactive_markers::InteractiveMarkerServer>*>][m[K'
[01m[K/usr/local/include/boost/bind/bind.hpp:1306:50:[m[K   required from '[01m[Kboost::_bi::bind_t<R, F, L>::result_type boost::_bi::bind_t<R, F, L>::operator()(A1&&) [with A1 = const boost::shared_ptr<const visualization_msgs::InteractiveMarkerFeedback_<std::allocator<void> > >&; R = void (&)(const boost::shared_ptr<const visualization_msgs::InteractiveMarkerFeedback_<std::allocator<void> > >&); F = boost::_mfi::dm<void(const boost::shared_ptr<const visualization_msgs::InteractiveMarkerFeedback_<std::allocator<void> > >&), octomap_editing::OEServer>; L = boost::_bi::list1<boost::_bi::value<std::unique_ptr<interactive_markers::InteractiveMarkerServer>*> >; boost::_bi::bind_t<R, F, L>::result_type = void (&)(const boost::shared_ptr<const visualization_msgs::InteractiveMarkerFeedback_<std::allocator<void> > >&)][m[K'
[01m[K/usr/local/include/boost/function/function_template.hpp:158:11:[m[K   required from '[01m[Kstatic void boost::detail::function::void_function_obj_invoker1<FunctionObj, R, T0>::invoke(boost::detail::function::function_buffer&, T0) [with FunctionObj = boost::_bi::bind_t<void (&)(const boost::shared_ptr<const visualization_msgs::InteractiveMarkerFeedback_<std::allocator<void> > >&), boost::_mfi::dm<void(const boost::shared_ptr<const visualization_msgs::InteractiveMarkerFeedback_<std::allocator<void> > >&), octomap_editing::OEServer>, boost::_bi::list1<boost::_bi::value<std::unique_ptr<interactive_markers::InteractiveMarkerServer>*> > >; R = void; T0 = const boost::shared_ptr<const visualization_msgs::InteractiveMarkerFeedback_<std::allocator<void> > >&][m[K'
[01m[K/usr/local/include/boost/function/function_template.hpp:931:38:[m[K   required from '[01m[Kvoid boost::function1<R, T1>::assign_to(Functor) [with Functor = boost::_bi::bind_t<void (&)(const boost::shared_ptr<const visualization_msgs::InteractiveMarkerFeedback_<std::allocator<void> > >&), boost::_mfi::dm<void(const boost::shared_ptr<const visualization_msgs::InteractiveMarkerFeedback_<std::allocator<void> > >&), octomap_editing::OEServer>, boost::_bi::list1<boost::_bi::value<std::unique_ptr<interactive_markers::InteractiveMarkerServer>*> > >; R = void; T0 = const boost::shared_ptr<const visualization_msgs::InteractiveMarkerFeedback_<std::allocator<void> > >&][m[K'
[01m[K/usr/local/include/boost/function/function_template.hpp:720:7:[m[K   required from '[01m[Kboost::function1<R, T1>::function1(Functor, typename boost::enable_if_<(! boost::is_integral<T>::value), int>::type) [with Functor = boost::_bi::bind_t<void (&)(const boost::shared_ptr<const visualization_msgs::InteractiveMarkerFeedback_<std::allocator<void> > >&), boost::_mfi::dm<void(const boost::shared_ptr<const visualization_msgs::InteractiveMarkerFeedback_<std::allocator<void> > >&), octomap_editing::OEServer>, boost::_bi::list1<boost::_bi::value<std::unique_ptr<interactive_markers::InteractiveMarkerServer>*> > >; R = void; T0 = const boost::shared_ptr<const visualization_msgs::InteractiveMarkerFeedback_<std::allocator<void> > >&; typename boost::enable_if_<(! boost::is_integral<T>::value), int>::type = int][m[K'
[01m[K/usr/local/include/boost/function/function_template.hpp:1068:16:[m[K   required from '[01m[Kboost::function<R(T0)>::function(Functor, typename boost::enable_if_<(! boost::is_integral<T>::value), int>::type) [with Functor = boost::_bi::bind_t<void (&)(const boost::shared_ptr<const visualization_msgs::InteractiveMarkerFeedback_<std::allocator<void> > >&), boost::_mfi::dm<void(const boost::shared_ptr<const visualization_msgs::InteractiveMarkerFeedback_<std::allocator<void> > >&), octomap_editing::OEServer>, boost::_bi::list1<boost::_bi::value<std::unique_ptr<interactive_markers::InteractiveMarkerServer>*> > >; R = void; T0 = const boost::shared_ptr<const visualization_msgs::InteractiveMarkerFeedback_<std::allocator<void> > >&; typename boost::enable_if_<(! boost::is_integral<T>::value), int>::type = int][m[K'
[01m[K/home/accname/programming/ROS/octomap_editing/catkin_ws/src/octomap_editing/src/OEServer.cpp:33:98:[m[K   required from here
[01m[K/usr/local/include/boost/bind/mem_fn.hpp:333:31:[m[K [01;31m[Kerror: [m[Kpointer to member type '[01m[Kvoid (octomap_editing::OEServer::)(const boost::shared_ptr<const visualization_msgs::InteractiveMarkerFeedback_<std::allocator<void> > >&)[m[K' incompatible with object type '[01m[Kstd::unique_ptr<interactive_markers::InteractiveMarkerServer>[m[K'
         return [01;31m[K(get_pointer(u)->*f_)[m[K;
                [01;31m[K~~~~~~~~~~~~~~~^~~~~~[m[K
make[2]: *** [CMakeFiles/octomap_editing.dir/src/OEServer.cpp.o] Error 1
make[1]: *** [CMakeFiles/octomap_editing.dir/all] Error 2
make: *** [all] Error 2
