In file included from [01m[K/usr/local/include/boost/detail/endian.hpp:9:0[m[K,
                 from [01m[K/usr/include/pcl-1.8/pcl/PCLPointCloud2.h:11[m[K,
                 from [01m[K/usr/include/pcl-1.8/pcl/conversions.h:48[m[K,
                 from [01m[K/opt/ros/melodic/include/pcl_ros/point_cloud.h:8[m[K,
                 from [01m[K/home/accname/programming/ROS/octomap_editing/catkin_ws/src/octomap_editing/include/OEServer.hpp:8[m[K,
                 from [01m[K/home/accname/programming/ROS/octomap_editing/catkin_ws/src/octomap_editing/src/OEServer.cpp:1[m[K:
[01m[K/usr/local/include/boost/predef/detail/endian_compat.h:11:161:[m[K [01;36m[Knote: [m[K#pragma message: The use of BOOST_*_ENDIAN and BOOST_BYTE_ORDER is deprecated. Please include <boost/predef/other/endian.h> and use BOOST_ENDIAN_*_BYTE instead
 #pragma message("The use of BOOST_*_ENDIAN and BOOST_BYTE_ORDER is deprecated. Please include <boost/predef/other/endian.h> and use BOOST_ENDIAN_*_BYTE instead"[01;36m[K)[m[K
                                                                                                                                                                 [01;36m[K^[m[K
[01m[K/home/accname/programming/ROS/octomap_editing/catkin_ws/src/octomap_editing/src/OEServer.cpp:[m[K In member function '[01m[Kvoid octomap_editing::OEServer::resetChangesFeedback(const InteractiveMarkerFeedbackConstPtr&)[m[K':
[01m[K/home/accname/programming/ROS/octomap_editing/catkin_ws/src/octomap_editing/src/OEServer.cpp:319:72:[m[K [01;31m[Kerror: [m[Kno matching function for call to '[01m[Kgeometry_msgs::Point_<std::allocator<void> >::Point_(double, double, double)[m[K'
     _imarker_pose = geometry_msgs::Pose(geometry_msgs::Point(0., 0., 0.[01;31m[K)[m[K, geometry_msgs::Quaternion(0., 0., 0., 1.));
                                                                        [01;31m[K^[m[K
In file included from [01m[K/opt/ros/melodic/include/geometry_msgs/Pose.h:18:0[m[K,
                 from [01m[K/opt/ros/melodic/include/visualization_msgs/InteractiveMarker.h:19[m[K,
                 from [01m[K/opt/ros/melodic/include/visualization_msgs/InteractiveMarkerUpdate.h:18[m[K,
                 from [01m[K/opt/ros/melodic/include/interactive_markers/interactive_marker_server.h:35[m[K,
                 from [01m[K/home/accname/programming/ROS/octomap_editing/catkin_ws/src/octomap_editing/include/OEServer.hpp:4[m[K,
                 from [01m[K/home/accname/programming/ROS/octomap_editing/catkin_ws/src/octomap_editing/src/OEServer.cpp:1[m[K:
[01m[K/opt/ros/melodic/include/geometry_msgs/Point.h:31:3:[m[K [01;36m[Knote: [m[Kcandidate: geometry_msgs::Point_<ContainerAllocator>::Point_(const ContainerAllocator&) [with ContainerAllocator = std::allocator<void>]
   [01;36m[KPoint_[m[K(const ContainerAllocator& _alloc)
   [01;36m[K^~~~~~[m[K
[01m[K/opt/ros/melodic/include/geometry_msgs/Point.h:31:3:[m[K [01;36m[Knote: [m[K  candidate expects 1 argument, 3 provided
[01m[K/opt/ros/melodic/include/geometry_msgs/Point.h:26:3:[m[K [01;36m[Knote: [m[Kcandidate: geometry_msgs::Point_<ContainerAllocator>::Point_() [with ContainerAllocator = std::allocator<void>]
   [01;36m[KPoint_[m[K()
   [01;36m[K^~~~~~[m[K
[01m[K/opt/ros/melodic/include/geometry_msgs/Point.h:26:3:[m[K [01;36m[Knote: [m[K  candidate expects 0 arguments, 3 provided
[01m[K/opt/ros/melodic/include/geometry_msgs/Point.h:22:8:[m[K [01;36m[Knote: [m[Kcandidate: constexpr geometry_msgs::Point_<std::allocator<void> >::Point_(const geometry_msgs::Point_<std::allocator<void> >&)
 struct [01;36m[KPoint_[m[K
        [01;36m[K^~~~~~[m[K
[01m[K/opt/ros/melodic/include/geometry_msgs/Point.h:22:8:[m[K [01;36m[Knote: [m[K  candidate expects 1 argument, 3 provided
[01m[K/opt/ros/melodic/include/geometry_msgs/Point.h:22:8:[m[K [01;36m[Knote: [m[Kcandidate: constexpr geometry_msgs::Point_<std::allocator<void> >::Point_(geometry_msgs::Point_<std::allocator<void> >&&)
[01m[K/opt/ros/melodic/include/geometry_msgs/Point.h:22:8:[m[K [01;36m[Knote: [m[K  candidate expects 1 argument, 3 provided
[01m[K/home/accname/programming/ROS/octomap_editing/catkin_ws/src/octomap_editing/src/OEServer.cpp:319:115:[m[K [01;31m[Kerror: [m[Kno matching function for call to '[01m[Kgeometry_msgs::Quaternion_<std::allocator<void> >::Quaternion_(double, double, double, double)[m[K'
     _imarker_pose = geometry_msgs::Pose(geometry_msgs::Point(0., 0., 0.), geometry_msgs::Quaternion(0., 0., 0., 1.[01;31m[K)[m[K);
                                                                                                                   [01;31m[K^[m[K
In file included from [01m[K/opt/ros/melodic/include/geometry_msgs/Pose.h:19:0[m[K,
                 from [01m[K/opt/ros/melodic/include/visualization_msgs/InteractiveMarker.h:19[m[K,
                 from [01m[K/opt/ros/melodic/include/visualization_msgs/InteractiveMarkerUpdate.h:18[m[K,
                 from [01m[K/opt/ros/melodic/include/interactive_markers/interactive_marker_server.h:35[m[K,
                 from [01m[K/home/accname/programming/ROS/octomap_editing/catkin_ws/src/octomap_editing/include/OEServer.hpp:4[m[K,
                 from [01m[K/home/accname/programming/ROS/octomap_editing/catkin_ws/src/octomap_editing/src/OEServer.cpp:1[m[K:
[01m[K/opt/ros/melodic/include/geometry_msgs/Quaternion.h:32:3:[m[K [01;36m[Knote: [m[Kcandidate: geometry_msgs::Quaternion_<ContainerAllocator>::Quaternion_(const ContainerAllocator&) [with ContainerAllocator = std::allocator<void>]
   [01;36m[KQuaternion_[m[K(const ContainerAllocator& _alloc)
   [01;36m[K^~~~~~~~~~~[m[K
[01m[K/opt/ros/melodic/include/geometry_msgs/Quaternion.h:32:3:[m[K [01;36m[Knote: [m[K  candidate expects 1 argument, 4 provided
[01m[K/opt/ros/melodic/include/geometry_msgs/Quaternion.h:26:3:[m[K [01;36m[Knote: [m[Kcandidate: geometry_msgs::Quaternion_<ContainerAllocator>::Quaternion_() [with ContainerAllocator = std::allocator<void>]
   [01;36m[KQuaternion_[m[K()
   [01;36m[K^~~~~~~~~~~[m[K
[01m[K/opt/ros/melodic/include/geometry_msgs/Quaternion.h:26:3:[m[K [01;36m[Knote: [m[K  candidate expects 0 arguments, 4 provided
[01m[K/opt/ros/melodic/include/geometry_msgs/Quaternion.h:22:8:[m[K [01;36m[Knote: [m[Kcandidate: constexpr geometry_msgs::Quaternion_<std::allocator<void> >::Quaternion_(const geometry_msgs::Quaternion_<std::allocator<void> >&)
 struct [01;36m[KQuaternion_[m[K
        [01;36m[K^~~~~~~~~~~[m[K
[01m[K/opt/ros/melodic/include/geometry_msgs/Quaternion.h:22:8:[m[K [01;36m[Knote: [m[K  candidate expects 1 argument, 4 provided
[01m[K/opt/ros/melodic/include/geometry_msgs/Quaternion.h:22:8:[m[K [01;36m[Knote: [m[Kcandidate: constexpr geometry_msgs::Quaternion_<std::allocator<void> >::Quaternion_(geometry_msgs::Quaternion_<std::allocator<void> >&&)
[01m[K/opt/ros/melodic/include/geometry_msgs/Quaternion.h:22:8:[m[K [01;36m[Knote: [m[K  candidate expects 1 argument, 4 provided
[01m[K/home/accname/programming/ROS/octomap_editing/catkin_ws/src/octomap_editing/src/OEServer.cpp:321:75:[m[K [01;31m[Kerror: [m[Kno matching function for call to '[01m[Kgeometry_msgs::Point_<std::allocator<void> >::Point_(double, double, double)[m[K'
     _imarker_pose_mu = geometry_msgs::Pose(geometry_msgs::Point(0., 0., 0.[01;31m[K)[m[K, geometry_msgs::Quaternion(0., 0., 0., 1.));
                                                                           [01;31m[K^[m[K
In file included from [01m[K/opt/ros/melodic/include/geometry_msgs/Pose.h:18:0[m[K,
                 from [01m[K/opt/ros/melodic/include/visualization_msgs/InteractiveMarker.h:19[m[K,
                 from [01m[K/opt/ros/melodic/include/visualization_msgs/InteractiveMarkerUpdate.h:18[m[K,
                 from [01m[K/opt/ros/melodic/include/interactive_markers/interactive_marker_server.h:35[m[K,
                 from [01m[K/home/accname/programming/ROS/octomap_editing/catkin_ws/src/octomap_editing/include/OEServer.hpp:4[m[K,
                 from [01m[K/home/accname/programming/ROS/octomap_editing/catkin_ws/src/octomap_editing/src/OEServer.cpp:1[m[K:
[01m[K/opt/ros/melodic/include/geometry_msgs/Point.h:31:3:[m[K [01;36m[Knote: [m[Kcandidate: geometry_msgs::Point_<ContainerAllocator>::Point_(const ContainerAllocator&) [with ContainerAllocator = std::allocator<void>]
   [01;36m[KPoint_[m[K(const ContainerAllocator& _alloc)
   [01;36m[K^~~~~~[m[K
[01m[K/opt/ros/melodic/include/geometry_msgs/Point.h:31:3:[m[K [01;36m[Knote: [m[K  candidate expects 1 argument, 3 provided
[01m[K/opt/ros/melodic/include/geometry_msgs/Point.h:26:3:[m[K [01;36m[Knote: [m[Kcandidate: geometry_msgs::Point_<ContainerAllocator>::Point_() [with ContainerAllocator = std::allocator<void>]
   [01;36m[KPoint_[m[K()
   [01;36m[K^~~~~~[m[K
[01m[K/opt/ros/melodic/include/geometry_msgs/Point.h:26:3:[m[K [01;36m[Knote: [m[K  candidate expects 0 arguments, 3 provided
[01m[K/opt/ros/melodic/include/geometry_msgs/Point.h:22:8:[m[K [01;36m[Knote: [m[Kcandidate: constexpr geometry_msgs::Point_<std::allocator<void> >::Point_(const geometry_msgs::Point_<std::allocator<void> >&)
 struct [01;36m[KPoint_[m[K
        [01;36m[K^~~~~~[m[K
[01m[K/opt/ros/melodic/include/geometry_msgs/Point.h:22:8:[m[K [01;36m[Knote: [m[K  candidate expects 1 argument, 3 provided
[01m[K/opt/ros/melodic/include/geometry_msgs/Point.h:22:8:[m[K [01;36m[Knote: [m[Kcandidate: constexpr geometry_msgs::Point_<std::allocator<void> >::Point_(geometry_msgs::Point_<std::allocator<void> >&&)
[01m[K/opt/ros/melodic/include/geometry_msgs/Point.h:22:8:[m[K [01;36m[Knote: [m[K  candidate expects 1 argument, 3 provided
[01m[K/home/accname/programming/ROS/octomap_editing/catkin_ws/src/octomap_editing/src/OEServer.cpp:321:118:[m[K [01;31m[Kerror: [m[Kno matching function for call to '[01m[Kgeometry_msgs::Quaternion_<std::allocator<void> >::Quaternion_(double, double, double, double)[m[K'
     _imarker_pose_mu = geometry_msgs::Pose(geometry_msgs::Point(0., 0., 0.), geometry_msgs::Quaternion(0., 0., 0., 1.[01;31m[K)[m[K);
                                                                                                                      [01;31m[K^[m[K
In file included from [01m[K/opt/ros/melodic/include/geometry_msgs/Pose.h:19:0[m[K,
                 from [01m[K/opt/ros/melodic/include/visualization_msgs/InteractiveMarker.h:19[m[K,
                 from [01m[K/opt/ros/melodic/include/visualization_msgs/InteractiveMarkerUpdate.h:18[m[K,
                 from [01m[K/opt/ros/melodic/include/interactive_markers/interactive_marker_server.h:35[m[K,
                 from [01m[K/home/accname/programming/ROS/octomap_editing/catkin_ws/src/octomap_editing/include/OEServer.hpp:4[m[K,
                 from [01m[K/home/accname/programming/ROS/octomap_editing/catkin_ws/src/octomap_editing/src/OEServer.cpp:1[m[K:
[01m[K/opt/ros/melodic/include/geometry_msgs/Quaternion.h:32:3:[m[K [01;36m[Knote: [m[Kcandidate: geometry_msgs::Quaternion_<ContainerAllocator>::Quaternion_(const ContainerAllocator&) [with ContainerAllocator = std::allocator<void>]
   [01;36m[KQuaternion_[m[K(const ContainerAllocator& _alloc)
   [01;36m[K^~~~~~~~~~~[m[K
[01m[K/opt/ros/melodic/include/geometry_msgs/Quaternion.h:32:3:[m[K [01;36m[Knote: [m[K  candidate expects 1 argument, 4 provided
[01m[K/opt/ros/melodic/include/geometry_msgs/Quaternion.h:26:3:[m[K [01;36m[Knote: [m[Kcandidate: geometry_msgs::Quaternion_<ContainerAllocator>::Quaternion_() [with ContainerAllocator = std::allocator<void>]
   [01;36m[KQuaternion_[m[K()
   [01;36m[K^~~~~~~~~~~[m[K
[01m[K/opt/ros/melodic/include/geometry_msgs/Quaternion.h:26:3:[m[K [01;36m[Knote: [m[K  candidate expects 0 arguments, 4 provided
[01m[K/opt/ros/melodic/include/geometry_msgs/Quaternion.h:22:8:[m[K [01;36m[Knote: [m[Kcandidate: constexpr geometry_msgs::Quaternion_<std::allocator<void> >::Quaternion_(const geometry_msgs::Quaternion_<std::allocator<void> >&)
 struct [01;36m[KQuaternion_[m[K
        [01;36m[K^~~~~~~~~~~[m[K
[01m[K/opt/ros/melodic/include/geometry_msgs/Quaternion.h:22:8:[m[K [01;36m[Knote: [m[K  candidate expects 1 argument, 4 provided
[01m[K/opt/ros/melodic/include/geometry_msgs/Quaternion.h:22:8:[m[K [01;36m[Knote: [m[Kcandidate: constexpr geometry_msgs::Quaternion_<std::allocator<void> >::Quaternion_(geometry_msgs::Quaternion_<std::allocator<void> >&&)
[01m[K/opt/ros/melodic/include/geometry_msgs/Quaternion.h:22:8:[m[K [01;36m[Knote: [m[K  candidate expects 1 argument, 4 provided
In file included from [01m[K/opt/ros/melodic/include/octomap_server/OctomapServer.h:49:0[m[K,
                 from [01m[K/home/accname/programming/ROS/octomap_editing/catkin_ws/src/octomap_editing/include/OEServer.hpp:12[m[K,
                 from [01m[K/home/accname/programming/ROS/octomap_editing/catkin_ws/src/octomap_editing/src/OEServer.cpp:1[m[K:
[01m[K/usr/include/pcl-1.8/pcl/sample_consensus/model_types.h:[m[K In function '[01m[Kvoid __static_initialization_and_destruction_0(int, int)[m[K':
[01m[K/usr/include/pcl-1.8/pcl/sample_consensus/model_types.h:99:3:[m[K [01;35m[Kwarning: [m[K'[01m[Kpcl::SAC_SAMPLE_SIZE[m[K' is deprecated: This map is deprecated and is kept only to prevent breaking existing user code. Starting from PCL 1.8.0 model sample size is a protected member of the SampleConsensusModel class [[01;35m[K-Wdeprecated-declarations[m[K]
   [01;35m[KSAC_SAMPLE_SIZE[m[K (sample_size_pairs, sample_size_pairs + sizeof (sample_size_pairs) / sizeof (SampleSizeModel));
   [01;35m[K^~~~~~~~~~~~~~~[m[K
[01m[K/usr/include/pcl-1.8/pcl/sample_consensus/model_types.h:99:3:[m[K [01;36m[Knote: [m[Kdeclared here
make[2]: *** [CMakeFiles/octomap_editing.dir/src/OEServer.cpp.o] Error 1
make[1]: *** [CMakeFiles/octomap_editing.dir/all] Error 2
make: *** [all] Error 2
