In file included from [01m[K/home/accname/programming/ROS/octomap_editing/catkin_ws/src/octomap_editing/src/OEMarkerFactory.cpp:1:0[m[K:
[01m[K/home/accname/programming/ROS/octomap_editing/catkin_ws/src/octomap_editing/include/OEMarkerFactory.hpp:47:121:[m[K [01;31m[Kerror: [m[Kno matching function for call to '[01m[Kgeometry_msgs::Vector3_<std::allocator<void> >::Vector3_(double, double, double)[m[K'
     visualization_msgs::Marker makeMarker(uint type, geometry_msgs::Vector3 scale = geometry_msgs::Vector3(0.0, 0.0, 0.0[01;31m[K)[m[K, std::string text = "");
                                                                                                                         [01;31m[K^[m[K
In file included from [01m[K/opt/ros/melodic/include/visualization_msgs/Marker.h:20:0[m[K,
                 from [01m[K/home/accname/programming/ROS/octomap_editing/catkin_ws/src/octomap_editing/include/OEMarkerFactory.hpp:4[m[K,
                 from [01m[K/home/accname/programming/ROS/octomap_editing/catkin_ws/src/octomap_editing/src/OEMarkerFactory.cpp:1[m[K:
[01m[K/opt/ros/melodic/include/geometry_msgs/Vector3.h:31:3:[m[K [01;36m[Knote: [m[Kcandidate: geometry_msgs::Vector3_<ContainerAllocator>::Vector3_(const ContainerAllocator&) [with ContainerAllocator = std::allocator<void>]
   [01;36m[KVector3_[m[K(const ContainerAllocator& _alloc)
   [01;36m[K^~~~~~~~[m[K
[01m[K/opt/ros/melodic/include/geometry_msgs/Vector3.h:31:3:[m[K [01;36m[Knote: [m[K  candidate expects 1 argument, 3 provided
[01m[K/opt/ros/melodic/include/geometry_msgs/Vector3.h:26:3:[m[K [01;36m[Knote: [m[Kcandidate: geometry_msgs::Vector3_<ContainerAllocator>::Vector3_() [with ContainerAllocator = std::allocator<void>]
   [01;36m[KVector3_[m[K()
   [01;36m[K^~~~~~~~[m[K
[01m[K/opt/ros/melodic/include/geometry_msgs/Vector3.h:26:3:[m[K [01;36m[Knote: [m[K  candidate expects 0 arguments, 3 provided
[01m[K/opt/ros/melodic/include/geometry_msgs/Vector3.h:22:8:[m[K [01;36m[Knote: [m[Kcandidate: constexpr geometry_msgs::Vector3_<std::allocator<void> >::Vector3_(const geometry_msgs::Vector3_<std::allocator<void> >&)
 struct [01;36m[KVector3_[m[K
        [01;36m[K^~~~~~~~[m[K
[01m[K/opt/ros/melodic/include/geometry_msgs/Vector3.h:22:8:[m[K [01;36m[Knote: [m[K  candidate expects 1 argument, 3 provided
[01m[K/opt/ros/melodic/include/geometry_msgs/Vector3.h:22:8:[m[K [01;36m[Knote: [m[Kcandidate: constexpr geometry_msgs::Vector3_<std::allocator<void> >::Vector3_(geometry_msgs::Vector3_<std::allocator<void> >&&)
[01m[K/opt/ros/melodic/include/geometry_msgs/Vector3.h:22:8:[m[K [01;36m[Knote: [m[K  candidate expects 1 argument, 3 provided
[01m[K/home/accname/programming/ROS/octomap_editing/catkin_ws/src/octomap_editing/src/OEMarkerFactory.cpp:[m[K In member function '[01m[Kvisualization_msgs::Marker octomap_editing::OEMarkerFactory::makeMarker(uint, geometry_msgs::Vector3, std::__cxx11::string)[m[K':
[01m[K/home/accname/programming/ROS/octomap_editing/catkin_ws/src/octomap_editing/src/OEMarkerFactory.cpp:13:4:[m[K [01;31m[Kerror: [m[K'[01m[Ks[m[K' was not declared in this scope
   {[01;31m[Ks[m[K
    [01;31m[K^[m[K
[01m[K/home/accname/programming/ROS/octomap_editing/catkin_ws/src/octomap_editing/src/OEMarkerFactory.cpp:15:5:[m[K [01;31m[Kerror: [m[K'[01m[Kmarker[m[K' was not declared in this scope
     [01;31m[Kmarker[m[K.type = type;
     [01;31m[K^~~~~~[m[K
[01m[K/home/accname/programming/ROS/octomap_editing/catkin_ws/src/octomap_editing/src/OEMarkerFactory.cpp:15:5:[m[K [01;36m[Knote: [m[Ksuggested alternative: '[01m[KOEMarker[m[K'
     [01;36m[Kmarker[m[K.type = type;
     [01;36m[K^~~~~~[m[K
     [32m[KOEMarker[m[K
make[2]: *** [CMakeFiles/octomap_editing.dir/src/OEMarkerFactory.cpp.o] Error 1
make[2]: *** Waiting for unfinished jobs....
In file included from [01m[K/home/accname/programming/ROS/octomap_editing/catkin_ws/src/octomap_editing/include/OEServer.hpp:7:0[m[K,
                 from [01m[K/home/accname/programming/ROS/octomap_editing/catkin_ws/src/octomap_editing/src/OEServer.cpp:1[m[K:
[01m[K/home/accname/programming/ROS/octomap_editing/catkin_ws/src/octomap_editing/include/OEMarkerFactory.hpp:47:121:[m[K [01;31m[Kerror: [m[Kno matching function for call to '[01m[Kgeometry_msgs::Vector3_<std::allocator<void> >::Vector3_(double, double, double)[m[K'
     visualization_msgs::Marker makeMarker(uint type, geometry_msgs::Vector3 scale = geometry_msgs::Vector3(0.0, 0.0, 0.0[01;31m[K)[m[K, std::string text = "");
                                                                                                                         [01;31m[K^[m[K
In file included from [01m[K/opt/ros/melodic/include/visualization_msgs/Marker.h:20:0[m[K,
                 from [01m[K/opt/ros/melodic/include/visualization_msgs/InteractiveMarkerControl.h:19[m[K,
                 from [01m[K/opt/ros/melodic/include/visualization_msgs/InteractiveMarker.h:21[m[K,
                 from [01m[K/opt/ros/melodic/include/visualization_msgs/InteractiveMarkerUpdate.h:18[m[K,
                 from [01m[K/opt/ros/melodic/include/interactive_markers/interactive_marker_server.h:35[m[K,
                 from [01m[K/home/accname/programming/ROS/octomap_editing/catkin_ws/src/octomap_editing/include/OEServer.hpp:4[m[K,
                 from [01m[K/home/accname/programming/ROS/octomap_editing/catkin_ws/src/octomap_editing/src/OEServer.cpp:1[m[K:
[01m[K/opt/ros/melodic/include/geometry_msgs/Vector3.h:31:3:[m[K [01;36m[Knote: [m[Kcandidate: geometry_msgs::Vector3_<ContainerAllocator>::Vector3_(const ContainerAllocator&) [with ContainerAllocator = std::allocator<void>]
   [01;36m[KVector3_[m[K(const ContainerAllocator& _alloc)
   [01;36m[K^~~~~~~~[m[K
[01m[K/opt/ros/melodic/include/geometry_msgs/Vector3.h:31:3:[m[K [01;36m[Knote: [m[K  candidate expects 1 argument, 3 provided
[01m[K/opt/ros/melodic/include/geometry_msgs/Vector3.h:26:3:[m[K [01;36m[Knote: [m[Kcandidate: geometry_msgs::Vector3_<ContainerAllocator>::Vector3_() [with ContainerAllocator = std::allocator<void>]
   [01;36m[KVector3_[m[K()
   [01;36m[K^~~~~~~~[m[K
[01m[K/opt/ros/melodic/include/geometry_msgs/Vector3.h:26:3:[m[K [01;36m[Knote: [m[K  candidate expects 0 arguments, 3 provided
[01m[K/opt/ros/melodic/include/geometry_msgs/Vector3.h:22:8:[m[K [01;36m[Knote: [m[Kcandidate: constexpr geometry_msgs::Vector3_<std::allocator<void> >::Vector3_(const geometry_msgs::Vector3_<std::allocator<void> >&)
 struct [01;36m[KVector3_[m[K
        [01;36m[K^~~~~~~~[m[K
[01m[K/opt/ros/melodic/include/geometry_msgs/Vector3.h:22:8:[m[K [01;36m[Knote: [m[K  candidate expects 1 argument, 3 provided
[01m[K/opt/ros/melodic/include/geometry_msgs/Vector3.h:22:8:[m[K [01;36m[Knote: [m[Kcandidate: constexpr geometry_msgs::Vector3_<std::allocator<void> >::Vector3_(geometry_msgs::Vector3_<std::allocator<void> >&&)
[01m[K/opt/ros/melodic/include/geometry_msgs/Vector3.h:22:8:[m[K [01;36m[Knote: [m[K  candidate expects 1 argument, 3 provided
In file included from [01m[K/home/accname/programming/ROS/octomap_editing/catkin_ws/src/octomap_editing/include/OEServer.hpp:7:0[m[K,
                 from [01m[K/home/accname/programming/ROS/octomap_editing/catkin_ws/src/octomap_editing/src/octomap_editing.cpp:2[m[K:
[01m[K/home/accname/programming/ROS/octomap_editing/catkin_ws/src/octomap_editing/include/OEMarkerFactory.hpp:47:121:[m[K [01;31m[Kerror: [m[Kno matching function for call to '[01m[Kgeometry_msgs::Vector3_<std::allocator<void> >::Vector3_(double, double, double)[m[K'
     visualization_msgs::Marker makeMarker(uint type, geometry_msgs::Vector3 scale = geometry_msgs::Vector3(0.0, 0.0, 0.0[01;31m[K)[m[K, std::string text = "");
                                                                                                                         [01;31m[K^[m[K
In file included from [01m[K/opt/ros/melodic/include/visualization_msgs/Marker.h:20:0[m[K,
                 from [01m[K/opt/ros/melodic/include/visualization_msgs/InteractiveMarkerControl.h:19[m[K,
                 from [01m[K/opt/ros/melodic/include/visualization_msgs/InteractiveMarker.h:21[m[K,
                 from [01m[K/opt/ros/melodic/include/visualization_msgs/InteractiveMarkerUpdate.h:18[m[K,
                 from [01m[K/opt/ros/melodic/include/interactive_markers/interactive_marker_server.h:35[m[K,
                 from [01m[K/home/accname/programming/ROS/octomap_editing/catkin_ws/src/octomap_editing/include/OEServer.hpp:4[m[K,
                 from [01m[K/home/accname/programming/ROS/octomap_editing/catkin_ws/src/octomap_editing/src/octomap_editing.cpp:2[m[K:
[01m[K/opt/ros/melodic/include/geometry_msgs/Vector3.h:31:3:[m[K [01;36m[Knote: [m[Kcandidate: geometry_msgs::Vector3_<ContainerAllocator>::Vector3_(const ContainerAllocator&) [with ContainerAllocator = std::allocator<void>]
   [01;36m[KVector3_[m[K(const ContainerAllocator& _alloc)
   [01;36m[K^~~~~~~~[m[K
[01m[K/opt/ros/melodic/include/geometry_msgs/Vector3.h:31:3:[m[K [01;36m[Knote: [m[K  candidate expects 1 argument, 3 provided
[01m[K/opt/ros/melodic/include/geometry_msgs/Vector3.h:26:3:[m[K [01;36m[Knote: [m[Kcandidate: geometry_msgs::Vector3_<ContainerAllocator>::Vector3_() [with ContainerAllocator = std::allocator<void>]
   [01;36m[KVector3_[m[K()
   [01;36m[K^~~~~~~~[m[K
[01m[K/opt/ros/melodic/include/geometry_msgs/Vector3.h:26:3:[m[K [01;36m[Knote: [m[K  candidate expects 0 arguments, 3 provided
[01m[K/opt/ros/melodic/include/geometry_msgs/Vector3.h:22:8:[m[K [01;36m[Knote: [m[Kcandidate: constexpr geometry_msgs::Vector3_<std::allocator<void> >::Vector3_(const geometry_msgs::Vector3_<std::allocator<void> >&)
 struct [01;36m[KVector3_[m[K
        [01;36m[K^~~~~~~~[m[K
[01m[K/opt/ros/melodic/include/geometry_msgs/Vector3.h:22:8:[m[K [01;36m[Knote: [m[K  candidate expects 1 argument, 3 provided
[01m[K/opt/ros/melodic/include/geometry_msgs/Vector3.h:22:8:[m[K [01;36m[Knote: [m[Kcandidate: constexpr geometry_msgs::Vector3_<std::allocator<void> >::Vector3_(geometry_msgs::Vector3_<std::allocator<void> >&&)
[01m[K/opt/ros/melodic/include/geometry_msgs/Vector3.h:22:8:[m[K [01;36m[Knote: [m[K  candidate expects 1 argument, 3 provided
In file included from [01m[K/usr/local/include/boost/detail/endian.hpp:9:0[m[K,
                 from [01m[K/usr/include/pcl-1.8/pcl/PCLPointCloud2.h:11[m[K,
                 from [01m[K/usr/include/pcl-1.8/pcl/conversions.h:48[m[K,
                 from [01m[K/opt/ros/melodic/include/pcl_ros/point_cloud.h:8[m[K,
                 from [01m[K/home/accname/programming/ROS/octomap_editing/catkin_ws/src/octomap_editing/include/OEServer.hpp:8[m[K,
                 from [01m[K/home/accname/programming/ROS/octomap_editing/catkin_ws/src/octomap_editing/src/OEServer.cpp:1[m[K:
[01m[K/usr/local/include/boost/predef/detail/endian_compat.h:11:161:[m[K [01;36m[Knote: [m[K#pragma message: The use of BOOST_*_ENDIAN and BOOST_BYTE_ORDER is deprecated. Please include <boost/predef/other/endian.h> and use BOOST_ENDIAN_*_BYTE instead
 #pragma message("The use of BOOST_*_ENDIAN and BOOST_BYTE_ORDER is deprecated. Please include <boost/predef/other/endian.h> and use BOOST_ENDIAN_*_BYTE instead"[01;36m[K)[m[K
                                                                                                                                                                 [01;36m[K^[m[K
In file included from [01m[K/usr/local/include/boost/detail/endian.hpp:9:0[m[K,
                 from [01m[K/usr/include/pcl-1.8/pcl/PCLPointCloud2.h:11[m[K,
                 from [01m[K/usr/include/pcl-1.8/pcl/conversions.h:48[m[K,
                 from [01m[K/opt/ros/melodic/include/pcl_ros/point_cloud.h:8[m[K,
                 from [01m[K/home/accname/programming/ROS/octomap_editing/catkin_ws/src/octomap_editing/include/OEServer.hpp:8[m[K,
                 from [01m[K/home/accname/programming/ROS/octomap_editing/catkin_ws/src/octomap_editing/src/octomap_editing.cpp:2[m[K:
[01m[K/usr/local/include/boost/predef/detail/endian_compat.h:11:161:[m[K [01;36m[Knote: [m[K#pragma message: The use of BOOST_*_ENDIAN and BOOST_BYTE_ORDER is deprecated. Please include <boost/predef/other/endian.h> and use BOOST_ENDIAN_*_BYTE instead
 #pragma message("The use of BOOST_*_ENDIAN and BOOST_BYTE_ORDER is deprecated. Please include <boost/predef/other/endian.h> and use BOOST_ENDIAN_*_BYTE instead"[01;36m[K)[m[K
                                                                                                                                                                 [01;36m[K^[m[K
In file included from [01m[K/opt/ros/melodic/include/octomap_server/OctomapServer.h:49:0[m[K,
                 from [01m[K/home/accname/programming/ROS/octomap_editing/catkin_ws/src/octomap_editing/include/OEServer.hpp:12[m[K,
                 from [01m[K/home/accname/programming/ROS/octomap_editing/catkin_ws/src/octomap_editing/src/octomap_editing.cpp:2[m[K:
[01m[K/usr/include/pcl-1.8/pcl/sample_consensus/model_types.h:[m[K In function '[01m[Kvoid __static_initialization_and_destruction_0(int, int)[m[K':
[01m[K/usr/include/pcl-1.8/pcl/sample_consensus/model_types.h:99:3:[m[K [01;35m[Kwarning: [m[K'[01m[Kpcl::SAC_SAMPLE_SIZE[m[K' is deprecated: This map is deprecated and is kept only to prevent breaking existing user code. Starting from PCL 1.8.0 model sample size is a protected member of the SampleConsensusModel class [[01;35m[K-Wdeprecated-declarations[m[K]
   [01;35m[KSAC_SAMPLE_SIZE[m[K (sample_size_pairs, sample_size_pairs + sizeof (sample_size_pairs) / sizeof (SampleSizeModel));
   [01;35m[K^~~~~~~~~~~~~~~[m[K
[01m[K/usr/include/pcl-1.8/pcl/sample_consensus/model_types.h:99:3:[m[K [01;36m[Knote: [m[Kdeclared here
In file included from [01m[K/opt/ros/melodic/include/octomap_server/OctomapServer.h:49:0[m[K,
                 from [01m[K/home/accname/programming/ROS/octomap_editing/catkin_ws/src/octomap_editing/include/OEServer.hpp:12[m[K,
                 from [01m[K/home/accname/programming/ROS/octomap_editing/catkin_ws/src/octomap_editing/src/OEServer.cpp:1[m[K:
[01m[K/usr/include/pcl-1.8/pcl/sample_consensus/model_types.h:[m[K In function '[01m[Kvoid __static_initialization_and_destruction_0(int, int)[m[K':
[01m[K/usr/include/pcl-1.8/pcl/sample_consensus/model_types.h:99:3:[m[K [01;35m[Kwarning: [m[K'[01m[Kpcl::SAC_SAMPLE_SIZE[m[K' is deprecated: This map is deprecated and is kept only to prevent breaking existing user code. Starting from PCL 1.8.0 model sample size is a protected member of the SampleConsensusModel class [[01;35m[K-Wdeprecated-declarations[m[K]
   [01;35m[KSAC_SAMPLE_SIZE[m[K (sample_size_pairs, sample_size_pairs + sizeof (sample_size_pairs) / sizeof (SampleSizeModel));
   [01;35m[K^~~~~~~~~~~~~~~[m[K
[01m[K/usr/include/pcl-1.8/pcl/sample_consensus/model_types.h:99:3:[m[K [01;36m[Knote: [m[Kdeclared here
make[2]: *** [CMakeFiles/octomap_editing.dir/src/octomap_editing.cpp.o] Error 1
make[2]: *** [CMakeFiles/octomap_editing.dir/src/OEServer.cpp.o] Error 1
make[1]: *** [CMakeFiles/octomap_editing.dir/all] Error 2
make: *** [all] Error 2
