[01m[K/home/accname/programming/ROS/octomap_editing/catkin_ws/src/octomap_editing/src/OEMarkerFactory.cpp:[m[K In member function '[01m[Kvoid octomap_editing::OEMarkerFactory::createMarkerHeader(visualization_msgs::InteractiveMarker&)[m[K':
[01m[K/home/accname/programming/ROS/octomap_editing/catkin_ws/src/octomap_editing/src/OEMarkerFactory.cpp:95:26:[m[K [01;31m[Kerror: [m[K'[01m[K_i_marker_counter[m[K' was not declared in this scope
     imarker.header.seq = [01;31m[K_i_marker_counter[m[K;
                          [01;31m[K^~~~~~~~~~~~~~~~~[m[K
[01m[K/home/accname/programming/ROS/octomap_editing/catkin_ws/src/octomap_editing/src/OEMarkerFactory.cpp:95:26:[m[K [01;36m[Knote: [m[Ksuggested alternative: '[01m[K_marker_count[m[K'
     imarker.header.seq = [01;36m[K_i_marker_counter[m[K;
                          [01;36m[K^~~~~~~~~~~~~~~~~[m[K
                          [32m[K_marker_count[m[K
[01m[K/home/accname/programming/ROS/octomap_editing/catkin_ws/src/octomap_editing/src/OEMarkerFactory.cpp:[m[K In member function '[01m[Kvisualization_msgs::Marker octomap_editing::OEMarkerFactory::makeOriginMarker()[m[K':
[01m[K/home/accname/programming/ROS/octomap_editing/catkin_ws/src/octomap_editing/src/OEMarkerFactory.cpp:272:5:[m[K [01;31m[Kerror: [m[K'[01m[K_marker_pub[m[K' was not declared in this scope
     [01;31m[K_marker_pub[m[K.publish(help_marker);
     [01;31m[K^~~~~~~~~~~[m[K
[01m[K/home/accname/programming/ROS/octomap_editing/catkin_ws/src/octomap_editing/src/OEMarkerFactory.cpp:272:5:[m[K [01;36m[Knote: [m[Ksuggested alternative: '[01m[K_marker_count[m[K'
     [01;36m[K_marker_pub[m[K.publish(help_marker);
     [01;36m[K^~~~~~~~~~~[m[K
     [32m[K_marker_count[m[K
make[2]: *** [CMakeFiles/octomap_editing.dir/src/OEMarkerFactory.cpp.o] Error 1
make[2]: *** Waiting for unfinished jobs....
In file included from [01m[K/usr/local/include/boost/detail/endian.hpp:9:0[m[K,
                 from [01m[K/usr/include/pcl-1.8/pcl/PCLPointCloud2.h:11[m[K,
                 from [01m[K/usr/include/pcl-1.8/pcl/conversions.h:48[m[K,
                 from [01m[K/opt/ros/melodic/include/pcl_ros/point_cloud.h:8[m[K,
                 from [01m[K/home/accname/programming/ROS/octomap_editing/catkin_ws/src/octomap_editing/include/OEServer.hpp:8[m[K,
                 from [01m[K/home/accname/programming/ROS/octomap_editing/catkin_ws/src/octomap_editing/src/OEServer.cpp:1[m[K:
[01m[K/usr/local/include/boost/predef/detail/endian_compat.h:11:161:[m[K [01;36m[Knote: [m[K#pragma message: The use of BOOST_*_ENDIAN and BOOST_BYTE_ORDER is deprecated. Please include <boost/predef/other/endian.h> and use BOOST_ENDIAN_*_BYTE instead
 #pragma message("The use of BOOST_*_ENDIAN and BOOST_BYTE_ORDER is deprecated. Please include <boost/predef/other/endian.h> and use BOOST_ENDIAN_*_BYTE instead"[01;36m[K)[m[K
                                                                                                                                                                 [01;36m[K^[m[K
In file included from [01m[K/usr/local/include/boost/detail/endian.hpp:9:0[m[K,
                 from [01m[K/usr/include/pcl-1.8/pcl/PCLPointCloud2.h:11[m[K,
                 from [01m[K/usr/include/pcl-1.8/pcl/conversions.h:48[m[K,
                 from [01m[K/opt/ros/melodic/include/pcl_ros/point_cloud.h:8[m[K,
                 from [01m[K/home/accname/programming/ROS/octomap_editing/catkin_ws/src/octomap_editing/include/OEServer.hpp:8[m[K,
                 from [01m[K/home/accname/programming/ROS/octomap_editing/catkin_ws/src/octomap_editing/src/octomap_editing.cpp:2[m[K:
[01m[K/usr/local/include/boost/predef/detail/endian_compat.h:11:161:[m[K [01;36m[Knote: [m[K#pragma message: The use of BOOST_*_ENDIAN and BOOST_BYTE_ORDER is deprecated. Please include <boost/predef/other/endian.h> and use BOOST_ENDIAN_*_BYTE instead
 #pragma message("The use of BOOST_*_ENDIAN and BOOST_BYTE_ORDER is deprecated. Please include <boost/predef/other/endian.h> and use BOOST_ENDIAN_*_BYTE instead"[01;36m[K)[m[K
                                                                                                                                                                 [01;36m[K^[m[K
In file included from [01m[K/opt/ros/melodic/include/octomap_server/OctomapServer.h:49:0[m[K,
                 from [01m[K/home/accname/programming/ROS/octomap_editing/catkin_ws/src/octomap_editing/include/OEServer.hpp:12[m[K,
                 from [01m[K/home/accname/programming/ROS/octomap_editing/catkin_ws/src/octomap_editing/src/octomap_editing.cpp:2[m[K:
[01m[K/usr/include/pcl-1.8/pcl/sample_consensus/model_types.h:[m[K In function '[01m[Kvoid __static_initialization_and_destruction_0(int, int)[m[K':
[01m[K/usr/include/pcl-1.8/pcl/sample_consensus/model_types.h:99:3:[m[K [01;35m[Kwarning: [m[K'[01m[Kpcl::SAC_SAMPLE_SIZE[m[K' is deprecated: This map is deprecated and is kept only to prevent breaking existing user code. Starting from PCL 1.8.0 model sample size is a protected member of the SampleConsensusModel class [[01;35m[K-Wdeprecated-declarations[m[K]
   [01;35m[KSAC_SAMPLE_SIZE[m[K (sample_size_pairs, sample_size_pairs + sizeof (sample_size_pairs) / sizeof (SampleSizeModel));
   [01;35m[K^~~~~~~~~~~~~~~[m[K
[01m[K/usr/include/pcl-1.8/pcl/sample_consensus/model_types.h:99:3:[m[K [01;36m[Knote: [m[Kdeclared here
In file included from [01m[K/opt/ros/melodic/include/octomap_server/OctomapServer.h:49:0[m[K,
                 from [01m[K/home/accname/programming/ROS/octomap_editing/catkin_ws/src/octomap_editing/include/OEServer.hpp:12[m[K,
                 from [01m[K/home/accname/programming/ROS/octomap_editing/catkin_ws/src/octomap_editing/src/OEServer.cpp:1[m[K:
[01m[K/usr/include/pcl-1.8/pcl/sample_consensus/model_types.h:[m[K In function '[01m[Kvoid __static_initialization_and_destruction_0(int, int)[m[K':
[01m[K/usr/include/pcl-1.8/pcl/sample_consensus/model_types.h:99:3:[m[K [01;35m[Kwarning: [m[K'[01m[Kpcl::SAC_SAMPLE_SIZE[m[K' is deprecated: This map is deprecated and is kept only to prevent breaking existing user code. Starting from PCL 1.8.0 model sample size is a protected member of the SampleConsensusModel class [[01;35m[K-Wdeprecated-declarations[m[K]
   [01;35m[KSAC_SAMPLE_SIZE[m[K (sample_size_pairs, sample_size_pairs + sizeof (sample_size_pairs) / sizeof (SampleSizeModel));
   [01;35m[K^~~~~~~~~~~~~~~[m[K
[01m[K/usr/include/pcl-1.8/pcl/sample_consensus/model_types.h:99:3:[m[K [01;36m[Knote: [m[Kdeclared here
make[1]: *** [CMakeFiles/octomap_editing.dir/all] Error 2
make: *** [all] Error 2
