[01m[K/home/accname/programming/ROS/octomap_editing/catkin_ws/src/octomap_editing/src/OEMarkerFactory.cpp:[m[K In member function '[01m[Kvisualization_msgs::InteractiveMarkerControl octomap_editing::OEMarkerFactory::makeInteractiveControl(octomap_editing::Control_Mode)[m[K':
[01m[K/home/accname/programming/ROS/octomap_editing/catkin_ws/src/octomap_editing/src/OEMarkerFactory.cpp:57:39:[m[K [01;31m[Kerror: [m[K'[01m[Kmarker[m[K' was not declared in this scope
         return createMoveXAxisControl([01;31m[Kmarker[m[K);
                                       [01;31m[K^~~~~~[m[K
[01m[K/home/accname/programming/ROS/octomap_editing/catkin_ws/src/octomap_editing/src/OEMarkerFactory.cpp:57:39:[m[K [01;36m[Knote: [m[Ksuggested alternative: '[01m[KOEMarker[m[K'
         return createMoveXAxisControl([01;36m[Kmarker[m[K);
                                       [01;36m[K^~~~~~[m[K
                                       [32m[KOEMarker[m[K
make[2]: *** [CMakeFiles/octomap_editing.dir/src/OEMarkerFactory.cpp.o] Error 1
make[2]: *** Waiting for unfinished jobs....
In file included from [01m[K/usr/local/include/boost/mem_fn.hpp:22:0[m[K,
                 from [01m[K/usr/local/include/boost/bind/bind.hpp:26[m[K,
                 from [01m[K/usr/local/include/boost/bind.hpp:22[m[K,
                 from [01m[K/usr/local/include/boost/thread/detail/thread.hpp:33[m[K,
                 from [01m[K/usr/local/include/boost/thread/thread_only.hpp:22[m[K,
                 from [01m[K/usr/local/include/boost/thread/thread.hpp:12[m[K,
                 from [01m[K/opt/ros/melodic/include/interactive_markers/interactive_marker_server.h:39[m[K,
                 from [01m[K/home/accname/programming/ROS/octomap_editing/catkin_ws/src/octomap_editing/include/OEServer.hpp:4[m[K,
                 from [01m[K/home/accname/programming/ROS/octomap_editing/catkin_ws/src/octomap_editing/src/OEServer.cpp:1[m[K:
/usr/local/include/boost/bind/mem_fn.hpp: In instantiation of '[01m[Kconst R& boost::_mfi::dm<R, T>::call(U&, const void*) const [with U = std::unique_ptr<interactive_markers::InteractiveMarkerServer>* const; R = void(const boost::shared_ptr<const visualization_msgs::InteractiveMarkerFeedback_<std::allocator<void> > >&); T = octomap_editing::OEServer][m[K':
[01m[K/usr/local/include/boost/bind/mem_fn.hpp:352:20:[m[K   required from '[01m[Kconst R& boost::_mfi::dm<R, T>::operator()(const U&) const [with U = std::unique_ptr<interactive_markers::InteractiveMarkerServer>*; R = void(const boost::shared_ptr<const visualization_msgs::InteractiveMarkerFeedback_<std::allocator<void> > >&); T = octomap_editing::OEServer][m[K'
[01m[K/usr/local/include/boost/bind/bind.hpp:249:42:[m[K   required from '[01m[KR boost::_bi::list1<A1>::operator()(boost::_bi::type<R>, F&, A&, long int) [with R = void (&)(const boost::shared_ptr<const visualization_msgs::InteractiveMarkerFeedback_<std::allocator<void> > >&); F = boost::_mfi::dm<void(const boost::shared_ptr<const visualization_msgs::InteractiveMarkerFeedback_<std::allocator<void> > >&), octomap_editing::OEServer>; A = boost::_bi::rrlist1<const boost::shared_ptr<const visualization_msgs::InteractiveMarkerFeedback_<std::allocator<void> > >&>; A1 = boost::_bi::value<std::unique_ptr<interactive_markers::InteractiveMarkerServer>*>][m[K'
[01m[K/usr/local/include/boost/bind/bind.hpp:1306:50:[m[K   required from '[01m[Kboost::_bi::bind_t<R, F, L>::result_type boost::_bi::bind_t<R, F, L>::operator()(A1&&) [with A1 = const boost::shared_ptr<const visualization_msgs::InteractiveMarkerFeedback_<std::allocator<void> > >&; R = void (&)(const boost::shared_ptr<const visualization_msgs::InteractiveMarkerFeedback_<std::allocator<void> > >&); F = boost::_mfi::dm<void(const boost::shared_ptr<const visualization_msgs::InteractiveMarkerFeedback_<std::allocator<void> > >&), octomap_editing::OEServer>; L = boost::_bi::list1<boost::_bi::value<std::unique_ptr<interactive_markers::InteractiveMarkerServer>*> >; boost::_bi::bind_t<R, F, L>::result_type = void (&)(const boost::shared_ptr<const visualization_msgs::InteractiveMarkerFeedback_<std::allocator<void> > >&)][m[K'
[01m[K/usr/local/include/boost/function/function_template.hpp:158:11:[m[K   required from '[01m[Kstatic void boost::detail::function::void_function_obj_invoker1<FunctionObj, R, T0>::invoke(boost::detail::function::function_buffer&, T0) [with FunctionObj = boost::_bi::bind_t<void (&)(const boost::shared_ptr<const visualization_msgs::InteractiveMarkerFeedback_<std::allocator<void> > >&), boost::_mfi::dm<void(const boost::shared_ptr<const visualization_msgs::InteractiveMarkerFeedback_<std::allocator<void> > >&), octomap_editing::OEServer>, boost::_bi::list1<boost::_bi::value<std::unique_ptr<interactive_markers::InteractiveMarkerServer>*> > >; R = void; T0 = const boost::shared_ptr<const visualization_msgs::InteractiveMarkerFeedback_<std::allocator<void> > >&][m[K'
[01m[K/usr/local/include/boost/function/function_template.hpp:931:38:[m[K   required from '[01m[Kvoid boost::function1<R, T1>::assign_to(Functor) [with Functor = boost::_bi::bind_t<void (&)(const boost::shared_ptr<const visualization_msgs::InteractiveMarkerFeedback_<std::allocator<void> > >&), boost::_mfi::dm<void(const boost::shared_ptr<const visualization_msgs::InteractiveMarkerFeedback_<std::allocator<void> > >&), octomap_editing::OEServer>, boost::_bi::list1<boost::_bi::value<std::unique_ptr<interactive_markers::InteractiveMarkerServer>*> > >; R = void; T0 = const boost::shared_ptr<const visualization_msgs::InteractiveMarkerFeedback_<std::allocator<void> > >&][m[K'
[01m[K/usr/local/include/boost/function/function_template.hpp:720:7:[m[K   required from '[01m[Kboost::function1<R, T1>::function1(Functor, typename boost::enable_if_<(! boost::is_integral<T>::value), int>::type) [with Functor = boost::_bi::bind_t<void (&)(const boost::shared_ptr<const visualization_msgs::InteractiveMarkerFeedback_<std::allocator<void> > >&), boost::_mfi::dm<void(const boost::shared_ptr<const visualization_msgs::InteractiveMarkerFeedback_<std::allocator<void> > >&), octomap_editing::OEServer>, boost::_bi::list1<boost::_bi::value<std::unique_ptr<interactive_markers::InteractiveMarkerServer>*> > >; R = void; T0 = const boost::shared_ptr<const visualization_msgs::InteractiveMarkerFeedback_<std::allocator<void> > >&; typename boost::enable_if_<(! boost::is_integral<T>::value), int>::type = int][m[K'
[01m[K/usr/local/include/boost/function/function_template.hpp:1068:16:[m[K   required from '[01m[Kboost::function<R(T0)>::function(Functor, typename boost::enable_if_<(! boost::is_integral<T>::value), int>::type) [with Functor = boost::_bi::bind_t<void (&)(const boost::shared_ptr<const visualization_msgs::InteractiveMarkerFeedback_<std::allocator<void> > >&), boost::_mfi::dm<void(const boost::shared_ptr<const visualization_msgs::InteractiveMarkerFeedback_<std::allocator<void> > >&), octomap_editing::OEServer>, boost::_bi::list1<boost::_bi::value<std::unique_ptr<interactive_markers::InteractiveMarkerServer>*> > >; R = void; T0 = const boost::shared_ptr<const visualization_msgs::InteractiveMarkerFeedback_<std::allocator<void> > >&; typename boost::enable_if_<(! boost::is_integral<T>::value), int>::type = int][m[K'
[01m[K/home/accname/programming/ROS/octomap_editing/catkin_ws/src/octomap_editing/src/OEServer.cpp:28:98:[m[K   required from here
[01m[K/usr/local/include/boost/bind/mem_fn.hpp:333:31:[m[K [01;31m[Kerror: [m[Kpointer to member type '[01m[Kvoid (octomap_editing::OEServer::)(const boost::shared_ptr<const visualization_msgs::InteractiveMarkerFeedback_<std::allocator<void> > >&)[m[K' incompatible with object type '[01m[Kstd::unique_ptr<interactive_markers::InteractiveMarkerServer>[m[K'
         return [01;31m[K(get_pointer(u)->*f_)[m[K;
                [01;31m[K~~~~~~~~~~~~~~~^~~~~~[m[K
make[2]: *** [CMakeFiles/octomap_editing.dir/src/OEServer.cpp.o] Error 1
make[1]: *** [CMakeFiles/octomap_editing.dir/all] Error 2
make: *** [all] Error 2
