In file included from [01m[K/usr/local/include/boost/function/detail/maybe_include.hpp:22:0[m[K,
                 from [01m[K/usr/local/include/boost/function/detail/function_iterate.hpp:14[m[K,
                 from [01m[K/usr/local/include/boost/preprocessor/iteration/detail/iter/forward1.hpp:52[m[K,
                 from [01m[K/usr/local/include/boost/function.hpp:70[m[K,
                 from [01m[K/opt/ros/melodic/include/ros/forwards.h:40[m[K,
                 from [01m[K/opt/ros/melodic/include/ros/common.h:37[m[K,
                 from [01m[K/opt/ros/melodic/include/ros/ros.h:43[m[K,
                 from [01m[K/home/accname/programming/ROS/octomap_editing/catkin_ws/src/octomap_editing/include/OctomapEditing.hpp:6[m[K,
                 from [01m[K/home/accname/programming/ROS/octomap_editing/catkin_ws/src/octomap_editing/src/octomap_editing.cpp:1[m[K:
/usr/local/include/boost/function/function_template.hpp: In instantiation of '[01m[Kstatic void boost::detail::function::void_function_invoker1<FunctionPtr, R, T0>::invoke(boost::detail::function::function_buffer&, T0) [with FunctionPtr = void (*)(); R = void; T0 = const boost::shared_ptr<const visualization_msgs::InteractiveMarkerFeedback_<std::allocator<void> > >&][m[K':
[01m[K/usr/local/include/boost/function/function_template.hpp:931:38:[m[K   required from '[01m[Kvoid boost::function1<R, T1>::assign_to(Functor) [with Functor = void (*)(); R = void; T0 = const boost::shared_ptr<const visualization_msgs::InteractiveMarkerFeedback_<std::allocator<void> > >&][m[K'
[01m[K/usr/local/include/boost/function/function_template.hpp:720:7:[m[K   required from '[01m[Kboost::function1<R, T1>::function1(Functor, typename boost::enable_if_<(! boost::is_integral<Functor>::value), int>::type) [with Functor = void (*)(); R = void; T0 = const boost::shared_ptr<const visualization_msgs::InteractiveMarkerFeedback_<std::allocator<void> > >&; typename boost::enable_if_<(! boost::is_integral<Functor>::value), int>::type = int][m[K'
[01m[K/usr/local/include/boost/function/function_template.hpp:1068:16:[m[K   required from '[01m[Kboost::function<R(T0)>::function(Functor, typename boost::enable_if_<(! boost::is_integral<Functor>::value), int>::type) [with Functor = void (*)(); R = void; T0 = const boost::shared_ptr<const visualization_msgs::InteractiveMarkerFeedback_<std::allocator<void> > >&; typename boost::enable_if_<(! boost::is_integral<Functor>::value), int>::type = int][m[K'
[01m[K/home/accname/programming/ROS/octomap_editing/catkin_ws/src/octomap_editing/src/octomap_editing.cpp:44:56:[m[K   required from here
[01m[K/usr/local/include/boost/function/function_template.hpp:117:11:[m[K [01;31m[Kerror: [m[Ktoo many arguments to function
           [01;31m[KB[m[KOOST_FUNCTION_RETURN(f(BOOST_FUNCTION_ARGS));
           [01;31m[K^[m[K
make[2]: *** [CMakeFiles/octomap_editing.dir/src/octomap_editing.cpp.o] Error 1
make[1]: *** [CMakeFiles/octomap_editing.dir/all] Error 2
make: *** [all] Error 2
