In file included from [01m[K/usr/include/c++/7/bits/locale_conv.h:41:0[m[K,
                 from [01m[K/usr/include/c++/7/locale:43[m[K,
                 from [01m[K/usr/include/c++/7/iomanip:43[m[K,
                 from [01m[K/usr/local/include/boost/math/policies/error_handling.hpp:12[m[K,
                 from [01m[K/usr/local/include/boost/math/special_functions/round.hpp:14[m[K,
                 from [01m[K/opt/ros/melodic/include/ros/time.h:58[m[K,
                 from [01m[K/opt/ros/melodic/include/ros/ros.h:38[m[K,
                 from [01m[K/home/accname/programming/ROS/octomap_editing/catkin_ws/src/octomap_editing/include/OEIO.hpp:4[m[K,
                 from [01m[K/home/accname/programming/ROS/octomap_editing/catkin_ws/src/octomap_editing/src/OEIO.cpp:1[m[K:
/usr/include/c++/7/bits/unique_ptr.h: In instantiation of '[01m[Ktypename std::_MakeUniq<_Tp>::__single_object std::make_unique(_Args&& ...) [with _Tp = octomap::ColorOcTree; _Args = {}; typename std::_MakeUniq<_Tp>::__single_object = std::unique_ptr<octomap::ColorOcTree>][m[K':
[01m[K/home/accname/programming/ROS/octomap_editing/catkin_ws/src/octomap_editing/src/OEIO.cpp:47:57:[m[K   required from here
[01m[K/usr/include/c++/7/bits/unique_ptr.h:825:30:[m[K [01;31m[Kerror: [m[Kno matching function for call to '[01m[Koctomap::ColorOcTree::ColorOcTree()[m[K'
     { return unique_ptr<_Tp>([01;31m[Knew _Tp(std::forward<_Args>(__args)...)[m[K); }
                              [01;31m[K^~~~~~~~~~~~~~~~~~~~~~~~~~~~~~~~~~~~~~~[m[K
In file included from [01m[K/home/accname/programming/ROS/octomap_editing/catkin_ws/src/octomap_editing/include/OEIO.hpp:5:0[m[K,
                 from [01m[K/home/accname/programming/ROS/octomap_editing/catkin_ws/src/octomap_editing/src/OEIO.cpp:1[m[K:
[01m[K/opt/ros/melodic/include/octomap/ColorOcTree.h:112:5:[m[K [01;36m[Knote: [m[Kcandidate: octomap::ColorOcTree::ColorOcTree(double)
     [01;36m[KColorOcTree[m[K(double resolution);
     [01;36m[K^~~~~~~~~~~[m[K
[01m[K/opt/ros/melodic/include/octomap/ColorOcTree.h:112:5:[m[K [01;36m[Knote: [m[K  candidate expects 1 argument, 0 provided
[01m[K/opt/ros/melodic/include/octomap/ColorOcTree.h:108:9:[m[K [01;36m[Knote: [m[Kcandidate: octomap::ColorOcTree::ColorOcTree(const octomap::ColorOcTree&)
   class [01;36m[KColorOcTree[m[K : public OccupancyOcTreeBase <ColorOcTreeNode> {
         [01;36m[K^~~~~~~~~~~[m[K
[01m[K/opt/ros/melodic/include/octomap/ColorOcTree.h:108:9:[m[K [01;36m[Knote: [m[K  candidate expects 1 argument, 0 provided
[01m[K/opt/ros/melodic/include/octomap/ColorOcTree.h:108:9:[m[K [01;36m[Knote: [m[Kcandidate: octomap::ColorOcTree::ColorOcTree(octomap::ColorOcTree&&)
[01m[K/opt/ros/melodic/include/octomap/ColorOcTree.h:108:9:[m[K [01;36m[Knote: [m[K  candidate expects 1 argument, 0 provided
make[2]: *** [CMakeFiles/octomap_editing.dir/src/OEIO.cpp.o] Error 1
make[2]: *** Waiting for unfinished jobs....
make[1]: *** [CMakeFiles/octomap_editing.dir/all] Error 2
make: *** [all] Error 2
