[01m[K/home/accname/programming/ROS/octomap_editing/catkin_ws/src/octomap_editing/src/OEMarkerFactory.cpp:[m[K In member function '[01m[Kvisualization_msgs::InteractiveMarker octomap_editing::OEMarkerFactory::makeMenuMarker()[m[K':
[01m[K/home/accname/programming/ROS/octomap_editing/catkin_ws/src/octomap_editing/src/OEMarkerFactory.cpp:90:4:[m[K [01;31m[Kerror: [m[K'[01m[Kint_marker[m[K' was not declared in this scope
    [01;31m[Kint_marker[m[K.header.frame_id = "base_link";
    [01;31m[K^~~~~~~~~~[m[K
[01m[K/home/accname/programming/ROS/octomap_editing/catkin_ws/src/octomap_editing/src/OEMarkerFactory.cpp:90:4:[m[K [01;36m[Knote: [m[Ksuggested alternative: '[01m[K_IO_marker[m[K'
    [01;36m[Kint_marker[m[K.header.frame_id = "base_link";
    [01;36m[K^~~~~~~~~~[m[K
    [32m[K_IO_marker[m[K
[01m[K/home/accname/programming/ROS/octomap_editing/catkin_ws/src/octomap_editing/src/OEMarkerFactory.cpp:91:4:[m[K [01;31m[Kerror: [m[K'[01m[Ktf[m[K' has not been declared
    [01;31m[Ktf[m[K::pointTFToMsg(position, int_marker.pose.position);
    [01;31m[K^~[m[K
[01m[K/home/accname/programming/ROS/octomap_editing/catkin_ws/src/octomap_editing/src/OEMarkerFactory.cpp:91:21:[m[K [01;31m[Kerror: [m[K'[01m[Kposition[m[K' was not declared in this scope
    tf::pointTFToMsg([01;31m[Kposition[m[K, int_marker.pose.position);
                     [01;31m[K^~~~~~~~[m[K
[01m[K/home/accname/programming/ROS/octomap_editing/catkin_ws/src/octomap_editing/src/OEMarkerFactory.cpp:97:4:[m[K [01;31m[Kerror: [m[K'[01m[KInteractiveMarkerControl[m[K' was not declared in this scope
    [01;31m[KInteractiveMarkerControl[m[K control;
    [01;31m[K^~~~~~~~~~~~~~~~~~~~~~~~[m[K
[01m[K/home/accname/programming/ROS/octomap_editing/catkin_ws/src/octomap_editing/src/OEMarkerFactory.cpp:97:4:[m[K [01;36m[Knote: [m[Ksuggested alternative:
In file included from [01m[K/opt/ros/melodic/include/visualization_msgs/InteractiveMarker.h:21:0[m[K,
                 from [01m[K/home/accname/programming/ROS/octomap_editing/catkin_ws/src/octomap_editing/include/OEMarkerFactory.hpp:5[m[K,
                 from [01m[K/home/accname/programming/ROS/octomap_editing/catkin_ws/src/octomap_editing/src/OEMarkerFactory.cpp:1[m[K:
[01m[K/opt/ros/melodic/include/visualization_msgs/InteractiveMarkerControl.h:100:80:[m[K [01;36m[Knote: [m[K  '[01m[Kvisualization_msgs::InteractiveMarkerControl[m[K'
 typedef ::visualization_msgs::InteractiveMarkerControl_<std::allocator<void> > [01;36m[KInteractiveMarkerControl[m[K;
                                                                                [01;36m[K^~~~~~~~~~~~~~~~~~~~~~~~[m[K
[01m[K/home/accname/programming/ROS/octomap_editing/catkin_ws/src/octomap_editing/src/OEMarkerFactory.cpp:99:4:[m[K [01;31m[Kerror: [m[K'[01m[Kcontrol[m[K' was not declared in this scope
    [01;31m[Kcontrol[m[K.interaction_mode = InteractiveMarkerControl::MENU;
    [01;31m[K^~~~~~~[m[K
[01m[K/home/accname/programming/ROS/octomap_editing/catkin_ws/src/octomap_editing/src/OEMarkerFactory.cpp:99:31:[m[K [01;31m[Kerror: [m[K'[01m[KInteractiveMarkerControl[m[K' is not a class, namespace, or enumeration
    control.interaction_mode = [01;31m[KInteractiveMarkerControl[m[K::MENU;
                               [01;31m[K^~~~~~~~~~~~~~~~~~~~~~~~[m[K
[01m[K/home/accname/programming/ROS/octomap_editing/catkin_ws/src/octomap_editing/src/OEMarkerFactory.cpp:102:4:[m[K [01;31m[Kerror: [m[K'[01m[KMarker[m[K' was not declared in this scope
    [01;31m[KMarker[m[K marker = makeBox( int_marker );
    [01;31m[K^~~~~~[m[K
[01m[K/home/accname/programming/ROS/octomap_editing/catkin_ws/src/octomap_editing/src/OEMarkerFactory.cpp:102:4:[m[K [01;36m[Knote: [m[Ksuggested alternative:
In file included from [01m[K/home/accname/programming/ROS/octomap_editing/catkin_ws/src/octomap_editing/include/OEMarkerFactory.hpp:4:0[m[K,
                 from [01m[K/home/accname/programming/ROS/octomap_editing/catkin_ws/src/octomap_editing/src/OEMarkerFactory.cpp:1[m[K:
[01m[K/opt/ros/melodic/include/visualization_msgs/Marker.h:142:62:[m[K [01;36m[Knote: [m[K  '[01m[Kvisualization_msgs::Marker[m[K'
 typedef ::visualization_msgs::Marker_<std::allocator<void> > [01;36m[KMarker[m[K;
                                                              [01;36m[K^~~~~~[m[K
[01m[K/home/accname/programming/ROS/octomap_editing/catkin_ws/src/octomap_editing/src/OEMarkerFactory.cpp:103:31:[m[K [01;31m[Kerror: [m[K'[01m[Kmarker[m[K' was not declared in this scope
    control.markers.push_back( [01;31m[Kmarker[m[K );
                               [01;31m[K^~~~~~[m[K
[01m[K/home/accname/programming/ROS/octomap_editing/catkin_ws/src/octomap_editing/src/OEMarkerFactory.cpp:103:31:[m[K [01;36m[Knote: [m[Ksuggested alternative: '[01m[KOEMarker[m[K'
    control.markers.push_back( [01;36m[Kmarker[m[K );
                               [01;36m[K^~~~~~[m[K
                               [32m[KOEMarker[m[K
[01m[K/home/accname/programming/ROS/octomap_editing/catkin_ws/src/octomap_editing/src/OEMarkerFactory.cpp:107:4:[m[K [01;31m[Kerror: [m[K'[01m[Kserver[m[K' was not declared in this scope
    [01;31m[Kserver[m[K->insert(int_marker);
    [01;31m[K^~~~~~[m[K
[01m[K/home/accname/programming/ROS/octomap_editing/catkin_ws/src/octomap_editing/src/OEMarkerFactory.cpp:107:4:[m[K [01;36m[Knote: [m[Ksuggested alternative: '[01m[Kstrsep[m[K'
    [01;36m[Kserver[m[K->insert(int_marker);
    [01;36m[K^~~~~~[m[K
    [32m[Kstrsep[m[K
[01m[K/home/accname/programming/ROS/octomap_editing/catkin_ws/src/octomap_editing/src/OEMarkerFactory.cpp:108:42:[m[K [01;31m[Kerror: [m[K'[01m[KprocessFeedback[m[K' was not declared in this scope
    server->setCallback(int_marker.name, &[01;31m[KprocessFeedback[m[K);
                                          [01;31m[K^~~~~~~~~~~~~~~[m[K
[01m[K/home/accname/programming/ROS/octomap_editing/catkin_ws/src/octomap_editing/src/OEMarkerFactory.cpp:109:4:[m[K [01;31m[Kerror: [m[K'[01m[Kmenu_handler[m[K' was not declared in this scope
    [01;31m[Kmenu_handler[m[K.apply( *server, int_marker.name );
    [01;31m[K^~~~~~~~~~~~[m[K
[01m[K/home/accname/programming/ROS/octomap_editing/catkin_ws/src/octomap_editing/src/OEMarkerFactory.cpp:109:4:[m[K [01;36m[Knote: [m[Ksuggested alternative: '[01m[Kmenu_marker[m[K'
    [01;36m[Kmenu_handler[m[K.apply( *server, int_marker.name );
    [01;36m[K^~~~~~~~~~~~[m[K
    [32m[Kmenu_marker[m[K
make[2]: *** [CMakeFiles/octomap_editing.dir/src/OEMarkerFactory.cpp.o] Error 1
make[2]: *** Waiting for unfinished jobs....
In file included from [01m[K/usr/local/include/boost/function/detail/maybe_include.hpp:22:0[m[K,
                 from [01m[K/usr/local/include/boost/function/detail/function_iterate.hpp:14[m[K,
                 from [01m[K/usr/local/include/boost/preprocessor/iteration/detail/iter/forward1.hpp:52[m[K,
                 from [01m[K/usr/local/include/boost/function.hpp:70[m[K,
                 from [01m[K/opt/ros/melodic/include/ros/forwards.h:40[m[K,
                 from [01m[K/opt/ros/melodic/include/ros/common.h:37[m[K,
                 from [01m[K/opt/ros/melodic/include/ros/ros.h:43[m[K,
                 from [01m[K/opt/ros/melodic/include/interactive_markers/interactive_marker_server.h:42[m[K,
                 from [01m[K/home/accname/programming/ROS/octomap_editing/catkin_ws/src/octomap_editing/include/OEServer.hpp:4[m[K,
                 from [01m[K/home/accname/programming/ROS/octomap_editing/catkin_ws/src/octomap_editing/src/OEServer.cpp:1[m[K:
/usr/local/include/boost/function/function_template.hpp: In instantiation of '[01m[Kstatic void boost::detail::function::function_void_mem_invoker1<MemberPtr, R, T0>::invoke(boost::detail::function::function_buffer&, T0) [with MemberPtr = void (octomap_editing::OEServer::*)(const boost::shared_ptr<const visualization_msgs::InteractiveMarkerFeedback_<std::allocator<void> > >&); R = void; T0 = const boost::shared_ptr<const visualization_msgs::InteractiveMarkerFeedback_<std::allocator<void> > >&][m[K':
[01m[K/usr/local/include/boost/function/function_template.hpp:931:38:[m[K   required from '[01m[Kvoid boost::function1<R, T1>::assign_to(Functor) [with Functor = void (octomap_editing::OEServer::*)(const boost::shared_ptr<const visualization_msgs::InteractiveMarkerFeedback_<std::allocator<void> > >&); R = void; T0 = const boost::shared_ptr<const visualization_msgs::InteractiveMarkerFeedback_<std::allocator<void> > >&][m[K'
[01m[K/usr/local/include/boost/function/function_template.hpp:720:7:[m[K   required from '[01m[Kboost::function1<R, T1>::function1(Functor, typename boost::enable_if_<(! boost::is_integral<T>::value), int>::type) [with Functor = void (octomap_editing::OEServer::*)(const boost::shared_ptr<const visualization_msgs::InteractiveMarkerFeedback_<std::allocator<void> > >&); R = void; T0 = const boost::shared_ptr<const visualization_msgs::InteractiveMarkerFeedback_<std::allocator<void> > >&; typename boost::enable_if_<(! boost::is_integral<T>::value), int>::type = int][m[K'
[01m[K/usr/local/include/boost/function/function_template.hpp:1068:16:[m[K   required from '[01m[Kboost::function<R(T0)>::function(Functor, typename boost::enable_if_<(! boost::is_integral<T>::value), int>::type) [with Functor = void (octomap_editing::OEServer::*)(const boost::shared_ptr<const visualization_msgs::InteractiveMarkerFeedback_<std::allocator<void> > >&); R = void; T0 = const boost::shared_ptr<const visualization_msgs::InteractiveMarkerFeedback_<std::allocator<void> > >&; typename boost::enable_if_<(! boost::is_integral<T>::value), int>::type = int][m[K'
[01m[K/home/accname/programming/ROS/octomap_editing/catkin_ws/src/octomap_editing/src/OEServer.cpp:30:58:[m[K   required from here
[01m[K/usr/local/include/boost/function/function_template.hpp:230:11:[m[K [01;31m[Kerror: [m[Kno match for call to '[01m[K(boost::_mfi::mf1<void, octomap_editing::OEServer, const boost::shared_ptr<const visualization_msgs::InteractiveMarkerFeedback_<std::allocator<void> > >&>) (const boost::shared_ptr<const visualization_msgs::InteractiveMarkerFeedback_<std::allocator<void> > >&)[m[K'
           [01;31m[KB[m[KOOST_FUNCTION_RETURN(boost::mem_fn(*f)(BOOST_FUNCTION_ARGS));
           [01;31m[K^[m[K
In file included from [01m[K/usr/local/include/boost/bind/mem_fn.hpp:215:0[m[K,
                 from [01m[K/usr/local/include/boost/mem_fn.hpp:22[m[K,
                 from [01m[K/usr/local/include/boost/bind/bind.hpp:26[m[K,
                 from [01m[K/usr/local/include/boost/bind.hpp:22[m[K,
                 from [01m[K/usr/local/include/boost/thread/detail/thread.hpp:33[m[K,
                 from [01m[K/usr/local/include/boost/thread/thread_only.hpp:22[m[K,
                 from [01m[K/usr/local/include/boost/thread/thread.hpp:12[m[K,
                 from [01m[K/opt/ros/melodic/include/interactive_markers/interactive_marker_server.h:39[m[K,
                 from [01m[K/home/accname/programming/ROS/octomap_editing/catkin_ws/src/octomap_editing/include/OEServer.hpp:4[m[K,
                 from [01m[K/home/accname/programming/ROS/octomap_editing/catkin_ws/src/octomap_editing/src/OEServer.cpp:1[m[K:
[01m[K/usr/local/include/boost/bind/mem_fn_template.hpp:163:7:[m[K [01;36m[Knote: [m[Kcandidate: R boost::_mfi::mf1<R, T, A1>::operator()(T*, A1) const [with R = void; T = octomap_editing::OEServer; A1 = const boost::shared_ptr<const visualization_msgs::InteractiveMarkerFeedback_<std::allocator<void> > >&]
     R [01;36m[Koperator[m[K()(T * p, A1 a1) const
       [01;36m[K^~~~~~~~[m[K
[01m[K/usr/local/include/boost/bind/mem_fn_template.hpp:163:7:[m[K [01;36m[Knote: [m[K  candidate expects 2 arguments, 1 provided
[01m[K/usr/local/include/boost/bind/mem_fn_template.hpp:168:25:[m[K [01;36m[Knote: [m[Kcandidate: template<class U> R boost::_mfi::mf1<R, T, A1>::operator()(U&, A1) const [with U = U; R = void; T = octomap_editing::OEServer; A1 = const boost::shared_ptr<const visualization_msgs::InteractiveMarkerFeedback_<std::allocator<void> > >&]
     template<class U> R [01;36m[Koperator[m[K()(U & u, A1 a1) const
                         [01;36m[K^~~~~~~~[m[K
[01m[K/usr/local/include/boost/bind/mem_fn_template.hpp:168:25:[m[K [01;36m[Knote: [m[K  template argument deduction/substitution failed:
In file included from [01m[K/usr/local/include/boost/function/detail/maybe_include.hpp:22:0[m[K,
                 from [01m[K/usr/local/include/boost/function/detail/function_iterate.hpp:14[m[K,
                 from [01m[K/usr/local/include/boost/preprocessor/iteration/detail/iter/forward1.hpp:52[m[K,
                 from [01m[K/usr/local/include/boost/function.hpp:70[m[K,
                 from [01m[K/opt/ros/melodic/include/ros/forwards.h:40[m[K,
                 from [01m[K/opt/ros/melodic/include/ros/common.h:37[m[K,
                 from [01m[K/opt/ros/melodic/include/ros/ros.h:43[m[K,
                 from [01m[K/opt/ros/melodic/include/interactive_markers/interactive_marker_server.h:42[m[K,
                 from [01m[K/home/accname/programming/ROS/octomap_editing/catkin_ws/src/octomap_editing/include/OEServer.hpp:4[m[K,
                 from [01m[K/home/accname/programming/ROS/octomap_editing/catkin_ws/src/octomap_editing/src/OEServer.cpp:1[m[K:
[01m[K/usr/local/include/boost/function/function_template.hpp:230:11:[m[K [01;36m[Knote: [m[K  candidate expects 2 arguments, 1 provided
           [01;36m[KB[m[KOOST_FUNCTION_RETURN(boost::mem_fn(*f)(BOOST_FUNCTION_ARGS));
           [01;36m[K^[m[K
In file included from [01m[K/usr/local/include/boost/bind/mem_fn.hpp:215:0[m[K,
                 from [01m[K/usr/local/include/boost/mem_fn.hpp:22[m[K,
                 from [01m[K/usr/local/include/boost/bind/bind.hpp:26[m[K,
                 from [01m[K/usr/local/include/boost/bind.hpp:22[m[K,
                 from [01m[K/usr/local/include/boost/thread/detail/thread.hpp:33[m[K,
                 from [01m[K/usr/local/include/boost/thread/thread_only.hpp:22[m[K,
                 from [01m[K/usr/local/include/boost/thread/thread.hpp:12[m[K,
                 from [01m[K/opt/ros/melodic/include/interactive_markers/interactive_marker_server.h:39[m[K,
                 from [01m[K/home/accname/programming/ROS/octomap_editing/catkin_ws/src/octomap_editing/include/OEServer.hpp:4[m[K,
                 from [01m[K/home/accname/programming/ROS/octomap_editing/catkin_ws/src/octomap_editing/src/OEServer.cpp:1[m[K:
[01m[K/usr/local/include/boost/bind/mem_fn_template.hpp:176:25:[m[K [01;36m[Knote: [m[Kcandidate: template<class U> R boost::_mfi::mf1<R, T, A1>::operator()(const U&, A1) const [with U = U; R = void; T = octomap_editing::OEServer; A1 = const boost::shared_ptr<const visualization_msgs::InteractiveMarkerFeedback_<std::allocator<void> > >&]
     template<class U> R [01;36m[Koperator[m[K()(U const & u, A1 a1) const
                         [01;36m[K^~~~~~~~[m[K
[01m[K/usr/local/include/boost/bind/mem_fn_template.hpp:176:25:[m[K [01;36m[Knote: [m[K  template argument deduction/substitution failed:
In file included from [01m[K/usr/local/include/boost/function/detail/maybe_include.hpp:22:0[m[K,
                 from [01m[K/usr/local/include/boost/function/detail/function_iterate.hpp:14[m[K,
                 from [01m[K/usr/local/include/boost/preprocessor/iteration/detail/iter/forward1.hpp:52[m[K,
                 from [01m[K/usr/local/include/boost/function.hpp:70[m[K,
                 from [01m[K/opt/ros/melodic/include/ros/forwards.h:40[m[K,
                 from [01m[K/opt/ros/melodic/include/ros/common.h:37[m[K,
                 from [01m[K/opt/ros/melodic/include/ros/ros.h:43[m[K,
                 from [01m[K/opt/ros/melodic/include/interactive_markers/interactive_marker_server.h:42[m[K,
                 from [01m[K/home/accname/programming/ROS/octomap_editing/catkin_ws/src/octomap_editing/include/OEServer.hpp:4[m[K,
                 from [01m[K/home/accname/programming/ROS/octomap_editing/catkin_ws/src/octomap_editing/src/OEServer.cpp:1[m[K:
[01m[K/usr/local/include/boost/function/function_template.hpp:230:11:[m[K [01;36m[Knote: [m[K  candidate expects 2 arguments, 1 provided
           [01;36m[KB[m[KOOST_FUNCTION_RETURN(boost::mem_fn(*f)(BOOST_FUNCTION_ARGS));
           [01;36m[K^[m[K
In file included from [01m[K/usr/local/include/boost/bind/mem_fn.hpp:215:0[m[K,
                 from [01m[K/usr/local/include/boost/mem_fn.hpp:22[m[K,
                 from [01m[K/usr/local/include/boost/bind/bind.hpp:26[m[K,
                 from [01m[K/usr/local/include/boost/bind.hpp:22[m[K,
                 from [01m[K/usr/local/include/boost/thread/detail/thread.hpp:33[m[K,
                 from [01m[K/usr/local/include/boost/thread/thread_only.hpp:22[m[K,
                 from [01m[K/usr/local/include/boost/thread/thread.hpp:12[m[K,
                 from [01m[K/opt/ros/melodic/include/interactive_markers/interactive_marker_server.h:39[m[K,
                 from [01m[K/home/accname/programming/ROS/octomap_editing/catkin_ws/src/octomap_editing/include/OEServer.hpp:4[m[K,
                 from [01m[K/home/accname/programming/ROS/octomap_editing/catkin_ws/src/octomap_editing/src/OEServer.cpp:1[m[K:
[01m[K/usr/local/include/boost/bind/mem_fn_template.hpp:184:7:[m[K [01;36m[Knote: [m[Kcandidate: R boost::_mfi::mf1<R, T, A1>::operator()(T&, A1) const [with R = void; T = octomap_editing::OEServer; A1 = const boost::shared_ptr<const visualization_msgs::InteractiveMarkerFeedback_<std::allocator<void> > >&]
     R [01;36m[Koperator[m[K()(T & t, A1 a1) const
       [01;36m[K^~~~~~~~[m[K
[01m[K/usr/local/include/boost/bind/mem_fn_template.hpp:184:7:[m[K [01;36m[Knote: [m[K  candidate expects 2 arguments, 1 provided
make[2]: *** [CMakeFiles/octomap_editing.dir/src/OEServer.cpp.o] Error 1
make[1]: *** [CMakeFiles/octomap_editing.dir/all] Error 2
make: *** [all] Error 2
