In file included from [01m[K/usr/local/include/boost/mem_fn.hpp:22:0[m[K,
                 from [01m[K/usr/local/include/boost/bind/bind.hpp:26[m[K,
                 from [01m[K/usr/local/include/boost/bind.hpp:22[m[K,
                 from [01m[K/usr/local/include/boost/thread/detail/thread.hpp:33[m[K,
                 from [01m[K/usr/local/include/boost/thread/thread_only.hpp:22[m[K,
                 from [01m[K/usr/local/include/boost/thread/thread.hpp:12[m[K,
                 from [01m[K/opt/ros/melodic/include/interactive_markers/interactive_marker_server.h:39[m[K,
                 from [01m[K/home/accname/programming/ROS/octomap_editing/catkin_ws/src/octomap_editing/include/OEServer.hpp:4[m[K,
                 from [01m[K/home/accname/programming/ROS/octomap_editing/catkin_ws/src/octomap_editing/src/OEServer.cpp:1[m[K:
/usr/local/include/boost/bind/mem_fn.hpp: In instantiation of '[01m[Kconst R& boost::_mfi::dm<R, T>::call(U&, const void*) const [with U = const std::reference_wrapper<std::shared_ptr<interactive_markers::InteractiveMarkerServer> >; R = void(const boost::shared_ptr<const visualization_msgs::InteractiveMarkerFeedback_<std::allocator<void> > >&); T = octomap_editing::OEServer][m[K':
[01m[K/usr/local/include/boost/bind/mem_fn.hpp:352:20:[m[K   required from '[01m[Kconst R& boost::_mfi::dm<R, T>::operator()(const U&) const [with U = std::reference_wrapper<std::shared_ptr<interactive_markers::InteractiveMarkerServer> >; R = void(const boost::shared_ptr<const visualization_msgs::InteractiveMarkerFeedback_<std::allocator<void> > >&); T = octomap_editing::OEServer][m[K'
[01m[K/usr/local/include/boost/bind/bind.hpp:249:42:[m[K   required from '[01m[KR boost::_bi::list1<A1>::operator()(boost::_bi::type<R>, F&, A&, long int) [with R = void (&)(const boost::shared_ptr<const visualization_msgs::InteractiveMarkerFeedback_<std::allocator<void> > >&); F = boost::_mfi::dm<void(const boost::shared_ptr<const visualization_msgs::InteractiveMarkerFeedback_<std::allocator<void> > >&), octomap_editing::OEServer>; A = boost::_bi::rrlist1<const boost::shared_ptr<const visualization_msgs::InteractiveMarkerFeedback_<std::allocator<void> > >&>; A1 = boost::_bi::value<std::reference_wrapper<std::shared_ptr<interactive_markers::InteractiveMarkerServer> > >][m[K'
[01m[K/usr/local/include/boost/bind/bind.hpp:1306:50:[m[K   required from '[01m[Kboost::_bi::bind_t<R, F, L>::result_type boost::_bi::bind_t<R, F, L>::operator()(A1&&) [with A1 = const boost::shared_ptr<const visualization_msgs::InteractiveMarkerFeedback_<std::allocator<void> > >&; R = void (&)(const boost::shared_ptr<const visualization_msgs::InteractiveMarkerFeedback_<std::allocator<void> > >&); F = boost::_mfi::dm<void(const boost::shared_ptr<const visualization_msgs::InteractiveMarkerFeedback_<std::allocator<void> > >&), octomap_editing::OEServer>; L = boost::_bi::list1<boost::_bi::value<std::reference_wrapper<std::shared_ptr<interactive_markers::InteractiveMarkerServer> > > >; boost::_bi::bind_t<R, F, L>::result_type = void (&)(const boost::shared_ptr<const visualization_msgs::InteractiveMarkerFeedback_<std::allocator<void> > >&)][m[K'
[01m[K/usr/local/include/boost/function/function_template.hpp:158:11:[m[K   required from '[01m[Kstatic void boost::detail::function::void_function_obj_invoker1<FunctionObj, R, T0>::invoke(boost::detail::function::function_buffer&, T0) [with FunctionObj = boost::_bi::bind_t<void (&)(const boost::shared_ptr<const visualization_msgs::InteractiveMarkerFeedback_<std::allocator<void> > >&), boost::_mfi::dm<void(const boost::shared_ptr<const visualization_msgs::InteractiveMarkerFeedback_<std::allocator<void> > >&), octomap_editing::OEServer>, boost::_bi::list1<boost::_bi::value<std::reference_wrapper<std::shared_ptr<interactive_markers::InteractiveMarkerServer> > > > >; R = void; T0 = const boost::shared_ptr<const visualization_msgs::InteractiveMarkerFeedback_<std::allocator<void> > >&][m[K'
[01m[K/usr/local/include/boost/function/function_template.hpp:931:38:[m[K   required from '[01m[Kvoid boost::function1<R, T1>::assign_to(Functor) [with Functor = boost::_bi::bind_t<void (&)(const boost::shared_ptr<const visualization_msgs::InteractiveMarkerFeedback_<std::allocator<void> > >&), boost::_mfi::dm<void(const boost::shared_ptr<const visualization_msgs::InteractiveMarkerFeedback_<std::allocator<void> > >&), octomap_editing::OEServer>, boost::_bi::list1<boost::_bi::value<std::reference_wrapper<std::shared_ptr<interactive_markers::InteractiveMarkerServer> > > > >; R = void; T0 = const boost::shared_ptr<const visualization_msgs::InteractiveMarkerFeedback_<std::allocator<void> > >&][m[K'
[01m[K/usr/local/include/boost/function/function_template.hpp:720:7:[m[K   required from '[01m[Kboost::function1<R, T1>::function1(Functor, typename boost::enable_if_<(! boost::is_integral<T>::value), int>::type) [with Functor = boost::_bi::bind_t<void (&)(const boost::shared_ptr<const visualization_msgs::InteractiveMarkerFeedback_<std::allocator<void> > >&), boost::_mfi::dm<void(const boost::shared_ptr<const visualization_msgs::InteractiveMarkerFeedback_<std::allocator<void> > >&), octomap_editing::OEServer>, boost::_bi::list1<boost::_bi::value<std::reference_wrapper<std::shared_ptr<interactive_markers::InteractiveMarkerServer> > > > >; R = void; T0 = const boost::shared_ptr<const visualization_msgs::InteractiveMarkerFeedback_<std::allocator<void> > >&; typename boost::enable_if_<(! boost::is_integral<T>::value), int>::type = int][m[K'
[01m[K/usr/local/include/boost/function/function_template.hpp:1068:16:[m[K   required from '[01m[Kboost::function<R(T0)>::function(Functor, typename boost::enable_if_<(! boost::is_integral<T>::value), int>::type) [with Functor = boost::_bi::bind_t<void (&)(const boost::shared_ptr<const visualization_msgs::InteractiveMarkerFeedback_<std::allocator<void> > >&), boost::_mfi::dm<void(const boost::shared_ptr<const visualization_msgs::InteractiveMarkerFeedback_<std::allocator<void> > >&), octomap_editing::OEServer>, boost::_bi::list1<boost::_bi::value<std::reference_wrapper<std::shared_ptr<interactive_markers::InteractiveMarkerServer> > > > >; R = void; T0 = const boost::shared_ptr<const visualization_msgs::InteractiveMarkerFeedback_<std::allocator<void> > >&; typename boost::enable_if_<(! boost::is_integral<T>::value), int>::type = int][m[K'
[01m[K/home/accname/programming/ROS/octomap_editing/catkin_ws/src/octomap_editing/src/OEServer.cpp:28:107:[m[K   required from here
[01m[K/usr/local/include/boost/bind/mem_fn.hpp:333:28:[m[K [01;31m[Kerror: [m[Kno matching function for call to '[01m[Kget_pointer(const std::reference_wrapper<std::shared_ptr<interactive_markers::InteractiveMarkerServer> >&)[m[K'
         return ([01;31m[Kget_pointer(u)[m[K->*f_);
                 [01;31m[K~~~~~~~~~~~^~~[m[K
In file included from [01m[K/usr/local/include/boost/smart_ptr/shared_array.hpp:24:0[m[K,
                 from [01m[K/usr/local/include/boost/shared_array.hpp:17[m[K,
                 from [01m[K/opt/ros/melodic/include/ros/serialized_message.h:33[m[K,
                 from [01m[K/opt/ros/melodic/include/ros/serialization.h:36[m[K,
                 from [01m[K/opt/ros/melodic/include/visualization_msgs/InteractiveMarkerUpdate.h:14[m[K,
                 from [01m[K/opt/ros/melodic/include/interactive_markers/interactive_marker_server.h:35[m[K,
                 from [01m[K/home/accname/programming/ROS/octomap_editing/catkin_ws/src/octomap_editing/include/OEServer.hpp:4[m[K,
                 from [01m[K/home/accname/programming/ROS/octomap_editing/catkin_ws/src/octomap_editing/src/OEServer.cpp:1[m[K:
[01m[K/usr/local/include/boost/smart_ptr/shared_ptr.hpp:964:65:[m[K [01;36m[Knote: [m[Kcandidate: template<class T> typename boost::shared_ptr<T>::element_type* boost::get_pointer(const boost::shared_ptr<X>&)
 template<class T> inline typename shared_ptr<T>::element_type * [01;36m[Kget_pointer[m[K(shared_ptr<T> const & p) BOOST_SP_NOEXCEPT
                                                                 [01;36m[K^~~~~~~~~~~[m[K
[01m[K/usr/local/include/boost/smart_ptr/shared_ptr.hpp:964:65:[m[K [01;36m[Knote: [m[K  template argument deduction/substitution failed:
In file included from [01m[K/usr/local/include/boost/mem_fn.hpp:22:0[m[K,
                 from [01m[K/usr/local/include/boost/bind/bind.hpp:26[m[K,
                 from [01m[K/usr/local/include/boost/bind.hpp:22[m[K,
                 from [01m[K/usr/local/include/boost/thread/detail/thread.hpp:33[m[K,
                 from [01m[K/usr/local/include/boost/thread/thread_only.hpp:22[m[K,
                 from [01m[K/usr/local/include/boost/thread/thread.hpp:12[m[K,
                 from [01m[K/opt/ros/melodic/include/interactive_markers/interactive_marker_server.h:39[m[K,
                 from [01m[K/home/accname/programming/ROS/octomap_editing/catkin_ws/src/octomap_editing/include/OEServer.hpp:4[m[K,
                 from [01m[K/home/accname/programming/ROS/octomap_editing/catkin_ws/src/octomap_editing/src/OEServer.cpp:1[m[K:
[01m[K/usr/local/include/boost/bind/mem_fn.hpp:333:28:[m[K [01;36m[Knote: [m[K  '[01m[Kconst std::reference_wrapper<std::shared_ptr<interactive_markers::InteractiveMarkerServer> >[m[K' is not derived from '[01m[Kconst boost::shared_ptr<X>[m[K'
         return ([01;36m[Kget_pointer(u)[m[K->*f_);
                 [01;36m[K~~~~~~~~~~~^~~[m[K
In file included from [01m[K/usr/local/include/boost/scoped_ptr.hpp:13:0[m[K,
                 from [01m[K/opt/ros/melodic/include/interactive_markers/interactive_marker_server.h:38[m[K,
                 from [01m[K/home/accname/programming/ROS/octomap_editing/catkin_ws/src/octomap_editing/include/OEServer.hpp:4[m[K,
                 from [01m[K/home/accname/programming/ROS/octomap_editing/catkin_ws/src/octomap_editing/src/OEServer.cpp:1[m[K:
[01m[K/usr/local/include/boost/smart_ptr/scoped_ptr.hpp:156:30:[m[K [01;36m[Knote: [m[Kcandidate: template<class T> T* boost::get_pointer(const boost::scoped_ptr<T>&)
 template<class T> inline T * [01;36m[Kget_pointer[m[K(scoped_ptr<T> const & p) BOOST_SP_NOEXCEPT
                              [01;36m[K^~~~~~~~~~~[m[K
[01m[K/usr/local/include/boost/smart_ptr/scoped_ptr.hpp:156:30:[m[K [01;36m[Knote: [m[K  template argument deduction/substitution failed:
In file included from [01m[K/usr/local/include/boost/mem_fn.hpp:22:0[m[K,
                 from [01m[K/usr/local/include/boost/bind/bind.hpp:26[m[K,
                 from [01m[K/usr/local/include/boost/bind.hpp:22[m[K,
                 from [01m[K/usr/local/include/boost/thread/detail/thread.hpp:33[m[K,
                 from [01m[K/usr/local/include/boost/thread/thread_only.hpp:22[m[K,
                 from [01m[K/usr/local/include/boost/thread/thread.hpp:12[m[K,
                 from [01m[K/opt/ros/melodic/include/interactive_markers/interactive_marker_server.h:39[m[K,
                 from [01m[K/home/accname/programming/ROS/octomap_editing/catkin_ws/src/octomap_editing/include/OEServer.hpp:4[m[K,
                 from [01m[K/home/accname/programming/ROS/octomap_editing/catkin_ws/src/octomap_editing/src/OEServer.cpp:1[m[K:
[01m[K/usr/local/include/boost/bind/mem_fn.hpp:333:28:[m[K [01;36m[Knote: [m[K  '[01m[Kconst std::reference_wrapper<std::shared_ptr<interactive_markers::InteractiveMarkerServer> >[m[K' is not derived from '[01m[Kconst boost::scoped_ptr<T>[m[K'
         return ([01;36m[Kget_pointer(u)[m[K->*f_);
                 [01;36m[K~~~~~~~~~~~^~~[m[K
In file included from [01m[K/usr/local/include/boost/thread/detail/thread.hpp:31:0[m[K,
                 from [01m[K/usr/local/include/boost/thread/thread_only.hpp:22[m[K,
                 from [01m[K/usr/local/include/boost/thread/thread.hpp:12[m[K,
                 from [01m[K/opt/ros/melodic/include/interactive_markers/interactive_marker_server.h:39[m[K,
                 from [01m[K/home/accname/programming/ROS/octomap_editing/catkin_ws/src/octomap_editing/include/OEServer.hpp:4[m[K,
                 from [01m[K/home/accname/programming/ROS/octomap_editing/catkin_ws/src/octomap_editing/src/OEServer.cpp:1[m[K:
[01m[K/usr/local/include/boost/core/ref.hpp:292:40:[m[K [01;36m[Knote: [m[Kcandidate: template<class T> T* boost::get_pointer(const boost::reference_wrapper<T>&)
 template<class T> BOOST_FORCEINLINE T* [01;36m[Kget_pointer[m[K( reference_wrapper<T> const & r )
                                        [01;36m[K^~~~~~~~~~~[m[K
[01m[K/usr/local/include/boost/core/ref.hpp:292:40:[m[K [01;36m[Knote: [m[K  template argument deduction/substitution failed:
In file included from [01m[K/usr/local/include/boost/mem_fn.hpp:22:0[m[K,
                 from [01m[K/usr/local/include/boost/bind/bind.hpp:26[m[K,
                 from [01m[K/usr/local/include/boost/bind.hpp:22[m[K,
                 from [01m[K/usr/local/include/boost/thread/detail/thread.hpp:33[m[K,
                 from [01m[K/usr/local/include/boost/thread/thread_only.hpp:22[m[K,
                 from [01m[K/usr/local/include/boost/thread/thread.hpp:12[m[K,
                 from [01m[K/opt/ros/melodic/include/interactive_markers/interactive_marker_server.h:39[m[K,
                 from [01m[K/home/accname/programming/ROS/octomap_editing/catkin_ws/src/octomap_editing/include/OEServer.hpp:4[m[K,
                 from [01m[K/home/accname/programming/ROS/octomap_editing/catkin_ws/src/octomap_editing/src/OEServer.cpp:1[m[K:
[01m[K/usr/local/include/boost/bind/mem_fn.hpp:333:28:[m[K [01;36m[Knote: [m[K  '[01m[Kconst std::reference_wrapper<std::shared_ptr<interactive_markers::InteractiveMarkerServer> >[m[K' is not derived from '[01m[Kconst boost::reference_wrapper<T>[m[K'
         return ([01;36m[Kget_pointer(u)[m[K->*f_);
                 [01;36m[K~~~~~~~~~~~^~~[m[K
In file included from [01m[K/usr/local/include/boost/bind/mem_fn.hpp:25:0[m[K,
                 from [01m[K/usr/local/include/boost/mem_fn.hpp:22[m[K,
                 from [01m[K/usr/local/include/boost/bind/bind.hpp:26[m[K,
                 from [01m[K/usr/local/include/boost/bind.hpp:22[m[K,
                 from [01m[K/usr/local/include/boost/thread/detail/thread.hpp:33[m[K,
                 from [01m[K/usr/local/include/boost/thread/thread_only.hpp:22[m[K,
                 from [01m[K/usr/local/include/boost/thread/thread.hpp:12[m[K,
                 from [01m[K/opt/ros/melodic/include/interactive_markers/interactive_marker_server.h:39[m[K,
                 from [01m[K/home/accname/programming/ROS/octomap_editing/catkin_ws/src/octomap_editing/include/OEServer.hpp:4[m[K,
                 from [01m[K/home/accname/programming/ROS/octomap_editing/catkin_ws/src/octomap_editing/src/OEServer.cpp:1[m[K:
[01m[K/usr/local/include/boost/get_pointer.hpp:20:23:[m[K [01;36m[Knote: [m[Kcandidate: template<class T> T* boost::get_pointer(T*)
 template<class T> T * [01;36m[Kget_pointer[m[K(T * p)
                       [01;36m[K^~~~~~~~~~~[m[K
[01m[K/usr/local/include/boost/get_pointer.hpp:20:23:[m[K [01;36m[Knote: [m[K  template argument deduction/substitution failed:
In file included from [01m[K/usr/local/include/boost/mem_fn.hpp:22:0[m[K,
                 from [01m[K/usr/local/include/boost/bind/bind.hpp:26[m[K,
                 from [01m[K/usr/local/include/boost/bind.hpp:22[m[K,
                 from [01m[K/usr/local/include/boost/thread/detail/thread.hpp:33[m[K,
                 from [01m[K/usr/local/include/boost/thread/thread_only.hpp:22[m[K,
                 from [01m[K/usr/local/include/boost/thread/thread.hpp:12[m[K,
                 from [01m[K/opt/ros/melodic/include/interactive_markers/interactive_marker_server.h:39[m[K,
                 from [01m[K/home/accname/programming/ROS/octomap_editing/catkin_ws/src/octomap_editing/include/OEServer.hpp:4[m[K,
                 from [01m[K/home/accname/programming/ROS/octomap_editing/catkin_ws/src/octomap_editing/src/OEServer.cpp:1[m[K:
[01m[K/usr/local/include/boost/bind/mem_fn.hpp:333:28:[m[K [01;36m[Knote: [m[K  mismatched types '[01m[KT*[m[K' and '[01m[Kstd::reference_wrapper<std::shared_ptr<interactive_markers::InteractiveMarkerServer> >[m[K'
         return ([01;36m[Kget_pointer(u)[m[K->*f_);
                 [01;36m[K~~~~~~~~~~~^~~[m[K
In file included from [01m[K/usr/local/include/boost/bind/mem_fn.hpp:25:0[m[K,
                 from [01m[K/usr/local/include/boost/mem_fn.hpp:22[m[K,
                 from [01m[K/usr/local/include/boost/bind/bind.hpp:26[m[K,
                 from [01m[K/usr/local/include/boost/bind.hpp:22[m[K,
                 from [01m[K/usr/local/include/boost/thread/detail/thread.hpp:33[m[K,
                 from [01m[K/usr/local/include/boost/thread/thread_only.hpp:22[m[K,
                 from [01m[K/usr/local/include/boost/thread/thread.hpp:12[m[K,
                 from [01m[K/opt/ros/melodic/include/interactive_markers/interactive_marker_server.h:39[m[K,
                 from [01m[K/home/accname/programming/ROS/octomap_editing/catkin_ws/src/octomap_editing/include/OEServer.hpp:4[m[K,
                 from [01m[K/home/accname/programming/ROS/octomap_editing/catkin_ws/src/octomap_editing/src/OEServer.cpp:1[m[K:
[01m[K/usr/local/include/boost/get_pointer.hpp:48:23:[m[K [01;36m[Knote: [m[Kcandidate: template<class T> T* boost::get_pointer(const std::auto_ptr<Y>&)
 template<class T> T * [01;36m[Kget_pointer[m[K(std::auto_ptr<T> const& p)
                       [01;36m[K^~~~~~~~~~~[m[K
[01m[K/usr/local/include/boost/get_pointer.hpp:48:23:[m[K [01;36m[Knote: [m[K  template argument deduction/substitution failed:
In file included from [01m[K/usr/local/include/boost/mem_fn.hpp:22:0[m[K,
                 from [01m[K/usr/local/include/boost/bind/bind.hpp:26[m[K,
                 from [01m[K/usr/local/include/boost/bind.hpp:22[m[K,
                 from [01m[K/usr/local/include/boost/thread/detail/thread.hpp:33[m[K,
                 from [01m[K/usr/local/include/boost/thread/thread_only.hpp:22[m[K,
                 from [01m[K/usr/local/include/boost/thread/thread.hpp:12[m[K,
                 from [01m[K/opt/ros/melodic/include/interactive_markers/interactive_marker_server.h:39[m[K,
                 from [01m[K/home/accname/programming/ROS/octomap_editing/catkin_ws/src/octomap_editing/include/OEServer.hpp:4[m[K,
                 from [01m[K/home/accname/programming/ROS/octomap_editing/catkin_ws/src/octomap_editing/src/OEServer.cpp:1[m[K:
[01m[K/usr/local/include/boost/bind/mem_fn.hpp:333:28:[m[K [01;36m[Knote: [m[K  '[01m[Kconst std::reference_wrapper<std::shared_ptr<interactive_markers::InteractiveMarkerServer> >[m[K' is not derived from '[01m[Kconst std::auto_ptr<Y>[m[K'
         return ([01;36m[Kget_pointer(u)[m[K->*f_);
                 [01;36m[K~~~~~~~~~~~^~~[m[K
In file included from [01m[K/usr/local/include/boost/bind/mem_fn.hpp:25:0[m[K,
                 from [01m[K/usr/local/include/boost/mem_fn.hpp:22[m[K,
                 from [01m[K/usr/local/include/boost/bind/bind.hpp:26[m[K,
                 from [01m[K/usr/local/include/boost/bind.hpp:22[m[K,
                 from [01m[K/usr/local/include/boost/thread/detail/thread.hpp:33[m[K,
                 from [01m[K/usr/local/include/boost/thread/thread_only.hpp:22[m[K,
                 from [01m[K/usr/local/include/boost/thread/thread.hpp:12[m[K,
                 from [01m[K/opt/ros/melodic/include/interactive_markers/interactive_marker_server.h:39[m[K,
                 from [01m[K/home/accname/programming/ROS/octomap_editing/catkin_ws/src/octomap_editing/include/OEServer.hpp:4[m[K,
                 from [01m[K/home/accname/programming/ROS/octomap_editing/catkin_ws/src/octomap_editing/src/OEServer.cpp:1[m[K:
[01m[K/usr/local/include/boost/get_pointer.hpp:62:23:[m[K [01;36m[Knote: [m[Kcandidate: template<class T> T* boost::get_pointer(const std::unique_ptr<_Tp>&)
 template<class T> T * [01;36m[Kget_pointer[m[K( std::unique_ptr<T> const& p )
                       [01;36m[K^~~~~~~~~~~[m[K
[01m[K/usr/local/include/boost/get_pointer.hpp:62:23:[m[K [01;36m[Knote: [m[K  template argument deduction/substitution failed:
In file included from [01m[K/usr/local/include/boost/mem_fn.hpp:22:0[m[K,
                 from [01m[K/usr/local/include/boost/bind/bind.hpp:26[m[K,
                 from [01m[K/usr/local/include/boost/bind.hpp:22[m[K,
                 from [01m[K/usr/local/include/boost/thread/detail/thread.hpp:33[m[K,
                 from [01m[K/usr/local/include/boost/thread/thread_only.hpp:22[m[K,
                 from [01m[K/usr/local/include/boost/thread/thread.hpp:12[m[K,
                 from [01m[K/opt/ros/melodic/include/interactive_markers/interactive_marker_server.h:39[m[K,
                 from [01m[K/home/accname/programming/ROS/octomap_editing/catkin_ws/src/octomap_editing/include/OEServer.hpp:4[m[K,
                 from [01m[K/home/accname/programming/ROS/octomap_editing/catkin_ws/src/octomap_editing/src/OEServer.cpp:1[m[K:
[01m[K/usr/local/include/boost/bind/mem_fn.hpp:333:28:[m[K [01;36m[Knote: [m[K  '[01m[Kconst std::reference_wrapper<std::shared_ptr<interactive_markers::InteractiveMarkerServer> >[m[K' is not derived from '[01m[Kconst std::unique_ptr<_Tp>[m[K'
         return ([01;36m[Kget_pointer(u)[m[K->*f_);
                 [01;36m[K~~~~~~~~~~~^~~[m[K
In file included from [01m[K/usr/local/include/boost/bind/mem_fn.hpp:25:0[m[K,
                 from [01m[K/usr/local/include/boost/mem_fn.hpp:22[m[K,
                 from [01m[K/usr/local/include/boost/bind/bind.hpp:26[m[K,
                 from [01m[K/usr/local/include/boost/bind.hpp:22[m[K,
                 from [01m[K/usr/local/include/boost/thread/detail/thread.hpp:33[m[K,
                 from [01m[K/usr/local/include/boost/thread/thread_only.hpp:22[m[K,
                 from [01m[K/usr/local/include/boost/thread/thread.hpp:12[m[K,
                 from [01m[K/opt/ros/melodic/include/interactive_markers/interactive_marker_server.h:39[m[K,
                 from [01m[K/home/accname/programming/ROS/octomap_editing/catkin_ws/src/octomap_editing/include/OEServer.hpp:4[m[K,
                 from [01m[K/home/accname/programming/ROS/octomap_editing/catkin_ws/src/octomap_editing/src/OEServer.cpp:1[m[K:
[01m[K/usr/local/include/boost/get_pointer.hpp:67:23:[m[K [01;36m[Knote: [m[Kcandidate: template<class T> T* boost::get_pointer(const std::shared_ptr<_Tp>&)
 template<class T> T * [01;36m[Kget_pointer[m[K( std::shared_ptr<T> const& p )
                       [01;36m[K^~~~~~~~~~~[m[K
[01m[K/usr/local/include/boost/get_pointer.hpp:67:23:[m[K [01;36m[Knote: [m[K  template argument deduction/substitution failed:
In file included from [01m[K/usr/local/include/boost/mem_fn.hpp:22:0[m[K,
                 from [01m[K/usr/local/include/boost/bind/bind.hpp:26[m[K,
                 from [01m[K/usr/local/include/boost/bind.hpp:22[m[K,
                 from [01m[K/usr/local/include/boost/thread/detail/thread.hpp:33[m[K,
                 from [01m[K/usr/local/include/boost/thread/thread_only.hpp:22[m[K,
                 from [01m[K/usr/local/include/boost/thread/thread.hpp:12[m[K,
                 from [01m[K/opt/ros/melodic/include/interactive_markers/interactive_marker_server.h:39[m[K,
                 from [01m[K/home/accname/programming/ROS/octomap_editing/catkin_ws/src/octomap_editing/include/OEServer.hpp:4[m[K,
                 from [01m[K/home/accname/programming/ROS/octomap_editing/catkin_ws/src/octomap_editing/src/OEServer.cpp:1[m[K:
[01m[K/usr/local/include/boost/bind/mem_fn.hpp:333:28:[m[K [01;36m[Knote: [m[K  '[01m[Kconst std::reference_wrapper<std::shared_ptr<interactive_markers::InteractiveMarkerServer> >[m[K' is not derived from '[01m[Kconst std::shared_ptr<_Tp>[m[K'
         return ([01;36m[Kget_pointer(u)[m[K->*f_);
                 [01;36m[K~~~~~~~~~~~^~~[m[K
make[2]: *** [CMakeFiles/octomap_editing.dir/src/OEServer.cpp.o] Error 1
make[1]: *** [CMakeFiles/octomap_editing.dir/all] Error 2
make: *** [all] Error 2
