[01m[K/home/accname/programming/ROS/octomap_editing/catkin_ws/src/octomap_editing/src/OctomapEditingIO.cpp:5:3:[m[K [01;31m[Kerror: [m[K'[01m[KOctomapEditing[m[K' does not name a type; did you mean '[01m[KOctomapEditingIO[m[K'?
   [01;31m[KOctomapEditing[m[K::OctomapEditing()
   [01;31m[K^~~~~~~~~~~~~~[m[K
   [32m[KOctomapEditingIO[m[K
[01m[K/home/accname/programming/ROS/octomap_editing/catkin_ws/src/octomap_editing/src/OctomapEditingIO.cpp:9:3:[m[K [01;31m[Kerror: [m[K'[01m[KOctomapEditing[m[K' does not name a type; did you mean '[01m[KOctomapEditingIO[m[K'?
   [01;31m[KOctomapEditing[m[K::OctomapEditing(std::string filename)
   [01;31m[K^~~~~~~~~~~~~~[m[K
   [32m[KOctomapEditingIO[m[K
[01m[K/home/accname/programming/ROS/octomap_editing/catkin_ws/src/octomap_editing/src/OctomapEditingIO.cpp:14:3:[m[K [01;31m[Kerror: [m[K'[01m[KOctomapEditing[m[K' has not been declared
   [01;31m[KOctomapEditing[m[K::test()
   [01;31m[K^~~~~~~~~~~~~~[m[K
[01m[K/home/accname/programming/ROS/octomap_editing/catkin_ws/src/octomap_editing/src/OctomapEditingIO.cpp:[m[K In function '[01m[Kstd::vector<octomath::Vector3> octomap_editing::test()[m[K':
[01m[K/home/accname/programming/ROS/octomap_editing/catkin_ws/src/octomap_editing/src/OctomapEditingIO.cpp:18:46:[m[K [01;31m[Kerror: [m[K'[01m[K_ocTree[m[K' was not declared in this scope
     for (octomap::OcTree::leaf_iterator it = [01;31m[K_ocTree[m[K->begin(), end = _ocTree->end(); it != end; ++it)
                                              [01;31m[K^~~~~~~[m[K
[01m[K/home/accname/programming/ROS/octomap_editing/catkin_ws/src/octomap_editing/src/OctomapEditingIO.cpp:18:92:[m[K [01;31m[Kerror: [m[K'[01m[Kend[m[K' was not declared in this scope
     for (octomap::OcTree::leaf_iterator it = _ocTree->begin(), end = _ocTree->end(); it != [01;31m[Kend[m[K; ++it)
                                                                                            [01;31m[K^~~[m[K
[01m[K/home/accname/programming/ROS/octomap_editing/catkin_ws/src/octomap_editing/src/OctomapEditingIO.cpp:18:92:[m[K [01;36m[Knote: [m[Ksuggested alternatives:
In file included from [01m[K/usr/include/c++/7/string:51:0[m[K,
                 from [01m[K/usr/include/c++/7/bits/locale_classes.h:40[m[K,
                 from [01m[K/usr/include/c++/7/bits/ios_base.h:41[m[K,
                 from [01m[K/usr/include/c++/7/ios:42[m[K,
                 from [01m[K/home/accname/programming/ROS/octomap_editing/catkin_ws/src/octomap_editing/include/OctomapEditingIO.hpp:4[m[K,
                 from [01m[K/home/accname/programming/ROS/octomap_editing/catkin_ws/src/octomap_editing/src/OctomapEditingIO.cpp:1[m[K:
[01m[K/usr/include/c++/7/bits/range_access.h:107:37:[m[K [01;36m[Knote: [m[K  '[01m[Kstd::end[m[K'
   template<typename _Tp> const _Tp* [01;36m[Kend[m[K(const valarray<_Tp>&);
                                     [01;36m[K^~~[m[K
In file included from [01m[K/usr/local/include/boost/range/functions.hpp:19:0[m[K,
                 from [01m[K/usr/local/include/boost/range/iterator_range_core.hpp:38[m[K,
                 from [01m[K/usr/local/include/boost/lexical_cast.hpp:30[m[K,
                 from [01m[K/opt/ros/melodic/include/ros/transport_hints.h:34[m[K,
                 from [01m[K/opt/ros/melodic/include/ros/subscribe_options.h:33[m[K,
                 from [01m[K/opt/ros/melodic/include/ros/node_handle.h:42[m[K,
                 from [01m[K/opt/ros/melodic/include/ros/ros.h:45[m[K,
                 from [01m[K/home/accname/programming/ROS/octomap_editing/catkin_ws/src/octomap_editing/include/OctomapEditingIO.hpp:6[m[K,
                 from [01m[K/home/accname/programming/ROS/octomap_editing/catkin_ws/src/octomap_editing/src/OctomapEditingIO.cpp:1[m[K:
[01m[K/usr/local/include/boost/range/end.hpp:108:61:[m[K [01;36m[Knote: [m[K  '[01m[Kboost::range_adl_barrier::end[m[K'
 inline BOOST_DEDUCED_TYPENAME range_iterator<const T>::type [01;36m[Kend[m[K( const T& r )
                                                             [01;36m[K^~~[m[K
In file included from [01m[K/usr/local/include/boost/mpl/list/aux_/begin_end.hpp:17:0[m[K,
                 from [01m[K/usr/local/include/boost/mpl/list/list0.hpp:27[m[K,
                 from [01m[K/usr/local/include/boost/mpl/list/list10.hpp:18[m[K,
                 from [01m[K/usr/local/include/boost/mpl/list/list20.hpp:18[m[K,
                 from [01m[K/usr/local/include/boost/mpl/list.hpp:36[m[K,
                 from [01m[K/usr/local/include/boost/math/policies/policy.hpp:9[m[K,
                 from [01m[K/usr/local/include/boost/math/policies/error_handling.hpp:21[m[K,
                 from [01m[K/usr/local/include/boost/math/special_functions/round.hpp:14[m[K,
                 from [01m[K/opt/ros/melodic/include/ros/time.h:58[m[K,
                 from [01m[K/opt/ros/melodic/include/ros/ros.h:38[m[K,
                 from [01m[K/home/accname/programming/ROS/octomap_editing/catkin_ws/src/octomap_editing/include/OctomapEditingIO.hpp:6[m[K,
                 from [01m[K/home/accname/programming/ROS/octomap_editing/catkin_ws/src/octomap_editing/src/OctomapEditingIO.cpp:1[m[K:
[01m[K/usr/local/include/boost/mpl/begin_end_fwd.hpp:23:38:[m[K [01;36m[Knote: [m[K  '[01m[Kboost::mpl::end[m[K'
 template< typename Sequence > struct [01;36m[Kend[m[K;
                                      [01;36m[K^~~[m[K
In file included from [01m[K/usr/local/include/boost/range/functions.hpp:19:0[m[K,
                 from [01m[K/usr/local/include/boost/range/iterator_range_core.hpp:38[m[K,
                 from [01m[K/usr/local/include/boost/lexical_cast.hpp:30[m[K,
                 from [01m[K/opt/ros/melodic/include/ros/transport_hints.h:34[m[K,
                 from [01m[K/opt/ros/melodic/include/ros/subscribe_options.h:33[m[K,
                 from [01m[K/opt/ros/melodic/include/ros/node_handle.h:42[m[K,
                 from [01m[K/opt/ros/melodic/include/ros/ros.h:45[m[K,
                 from [01m[K/home/accname/programming/ROS/octomap_editing/catkin_ws/src/octomap_editing/include/OctomapEditingIO.hpp:6[m[K,
                 from [01m[K/home/accname/programming/ROS/octomap_editing/catkin_ws/src/octomap_editing/src/OctomapEditingIO.cpp:1[m[K:
[01m[K/usr/local/include/boost/range/end.hpp:108:61:[m[K [01;36m[Knote: [m[K  '[01m[Kboost::range_adl_barrier::end[m[K'
 inline BOOST_DEDUCED_TYPENAME range_iterator<const T>::type [01;36m[Kend[m[K( const T& r )
                                                             [01;36m[K^~~[m[K
[01m[K/home/accname/programming/ROS/octomap_editing/catkin_ws/src/octomap_editing/src/OctomapEditingIO.cpp:[m[K At global scope:
[01m[K/home/accname/programming/ROS/octomap_editing/catkin_ws/src/octomap_editing/src/OctomapEditingIO.cpp:33:3:[m[K [01;31m[Kerror: [m[K'[01m[KOctomapEditing[m[K' has not been declared
   [01;31m[KOctomapEditing[m[K::openFile(const std::string& filename)
   [01;31m[K^~~~~~~~~~~~~~[m[K
[01m[K/home/accname/programming/ROS/octomap_editing/catkin_ws/src/octomap_editing/src/OctomapEditingIO.cpp:[m[K In function '[01m[Kbool octomap_editing::openFile(const string&)[m[K':
[01m[K/home/accname/programming/ROS/octomap_editing/catkin_ws/src/octomap_editing/src/OctomapEditingIO.cpp:38:9:[m[K [01;31m[Kerror: [m[K'[01m[K_ocTree[m[K' was not declared in this scope
     if ([01;31m[K_ocTree[m[K->readBinary(filename))
         [01;31m[K^~~~~~~[m[K
[01m[K/home/accname/programming/ROS/octomap_editing/catkin_ws/src/octomap_editing/src/OctomapEditingServer.cpp:[m[K In constructor '[01m[Koctomap_editing::OctomapEditingServer::OctomapEditingServer(std::__cxx11::string)[m[K':
[01m[K/home/accname/programming/ROS/octomap_editing/catkin_ws/src/octomap_editing/src/OctomapEditingServer.cpp:5:36:[m[K [01;31m[Kerror: [m[Kcannot bind non-const lvalue reference of type '[01m[Kinteractive_markers::InteractiveMarkerServer&[m[K' to an rvalue of type '[01m[Kinteractive_markers::InteractiveMarkerServer[m[K'
     : _server(interactive_markers::[01;31m[KInteractiveMarkerServer(update_topic)[m[K)
                                    [01;31m[K^~~~~~~~~~~~~~~~~~~~~~~~~~~~~~~~~~~~~[m[K
In file included from [01m[K/home/accname/programming/ROS/octomap_editing/catkin_ws/src/octomap_editing/include/OctomapEditingServer.hpp:4:0[m[K,
                 from [01m[K/home/accname/programming/ROS/octomap_editing/catkin_ws/src/octomap_editing/src/OctomapEditingServer.cpp:1[m[K:
[01m[K/opt/ros/melodic/include/interactive_markers/interactive_marker_server.h:56:7:[m[K [01;36m[Knote: [m[K  initializing argument 1 of '[01m[Kinteractive_markers::InteractiveMarkerServer::InteractiveMarkerServer(interactive_markers::InteractiveMarkerServer&)[m[K'
 class [01;36m[KInteractiveMarkerServer[m[K : boost::noncopyable
       [01;36m[K^~~~~~~~~~~~~~~~~~~~~~~[m[K
make[2]: *** [CMakeFiles/octomap_editing.dir/src/OctomapEditingIO.cpp.o] Error 1
make[2]: *** Waiting for unfinished jobs....
make[2]: *** [CMakeFiles/octomap_editing.dir/src/OctomapEditingServer.cpp.o] Error 1
make[1]: *** [CMakeFiles/octomap_editing.dir/all] Error 2
make: *** [all] Error 2
