Determining if the pthread_create exist failed with the following output:
Change Dir: /home/accname/programming/ROS/octomap_editing/catkin_ws/build/catkin_tools_prebuild/CMakeFiles/CMakeTmp

Run Build Command:"/usr/bin/make" "cmTC_6199d/fast"
/usr/bin/make -f CMakeFiles/cmTC_6199d.dir/build.make CMakeFiles/cmTC_6199d.dir/build
make[1]: Entering directory '/home/accname/programming/ROS/octomap_editing/catkin_ws/build/catkin_tools_prebuild/CMakeFiles/CMakeTmp'
Building C object CMakeFiles/cmTC_6199d.dir/CheckSymbolExists.c.o
/usr/bin/cc    -o CMakeFiles/cmTC_6199d.dir/CheckSymbolExists.c.o   -c /home/accname/programming/ROS/octomap_editing/catkin_ws/build/catkin_tools_prebuild/CMakeFiles/CMakeTmp/CheckSymbolExists.c
Linking C executable cmTC_6199d
/usr/bin/cmake -E cmake_link_script CMakeFiles/cmTC_6199d.dir/link.txt --verbose=1
/usr/bin/cc      -rdynamic CMakeFiles/cmTC_6199d.dir/CheckSymbolExists.c.o  -o cmTC_6199d 
CMakeFiles/cmTC_6199d.dir/CheckSymbolExists.c.o: In function `main':
CheckSymbolExists.c:(.text+0x1b): undefined reference to `pthread_create'
collect2: error: ld returned 1 exit status
CMakeFiles/cmTC_6199d.dir/build.make:97: recipe for target 'cmTC_6199d' failed
make[1]: *** [cmTC_6199d] Error 1
make[1]: Leaving directory '/home/accname/programming/ROS/octomap_editing/catkin_ws/build/catkin_tools_prebuild/CMakeFiles/CMakeTmp'
Makefile:126: recipe for target 'cmTC_6199d/fast' failed
make: *** [cmTC_6199d/fast] Error 2

File /home/accname/programming/ROS/octomap_editing/catkin_ws/build/catkin_tools_prebuild/CMakeFiles/CMakeTmp/CheckSymbolExists.c:
/* */
#include <pthread.h>

int main(int argc, char** argv)
{
  (void)argv;
#ifndef pthread_create
  return ((int*)(&pthread_create))[argc];
#else
  (void)argc;
  return 0;
#endif
}

Determining if the function pthread_create exists in the pthreads failed with the following output:
Change Dir: /home/accname/programming/ROS/octomap_editing/catkin_ws/build/catkin_tools_prebuild/CMakeFiles/CMakeTmp

Run Build Command:"/usr/bin/make" "cmTC_79130/fast"
/usr/bin/make -f CMakeFiles/cmTC_79130.dir/build.make CMakeFiles/cmTC_79130.dir/build
make[1]: Entering directory '/home/accname/programming/ROS/octomap_editing/catkin_ws/build/catkin_tools_prebuild/CMakeFiles/CMakeTmp'
Building C object CMakeFiles/cmTC_79130.dir/CheckFunctionExists.c.o
/usr/bin/cc   -DCHECK_FUNCTION_EXISTS=pthread_create   -o CMakeFiles/cmTC_79130.dir/CheckFunctionExists.c.o   -c /usr/share/cmake-3.10/Modules/CheckFunctionExists.c
Linking C executable cmTC_79130
/usr/bin/cmake -E cmake_link_script CMakeFiles/cmTC_79130.dir/link.txt --verbose=1
/usr/bin/cc  -DCHECK_FUNCTION_EXISTS=pthread_create    -rdynamic CMakeFiles/cmTC_79130.dir/CheckFunctionExists.c.o  -o cmTC_79130 -lpthreads 
/usr/bin/ld: cannot find -lpthreads
collect2: error: ld returned 1 exit status
CMakeFiles/cmTC_79130.dir/build.make:97: recipe for target 'cmTC_79130' failed
make[1]: *** [cmTC_79130] Error 1
make[1]: Leaving directory '/home/accname/programming/ROS/octomap_editing/catkin_ws/build/catkin_tools_prebuild/CMakeFiles/CMakeTmp'
Makefile:126: recipe for target 'cmTC_79130/fast' failed
make: *** [cmTC_79130/fast] Error 2


